{"total": {"lines":{"total":459,"covered":444,"skipped":0,"pct":96.73},"statements":{"total":465,"covered":450,"skipped":0,"pct":96.77},"functions":{"total":110,"covered":107,"skipped":0,"pct":97.27},"branches":{"total":159,"covered":144,"skipped":0,"pct":90.56},"branchesTrue":{"total":0,"covered":0,"skipped":0,"pct":100}}
,"/home/runner/work/unicornt-store-frontend/unicornt-store-frontend/src/api/checkout.api.ts": {"lines":{"total":8,"covered":8,"skipped":0,"pct":100},"functions":{"total":3,"covered":3,"skipped":0,"pct":100},"statements":{"total":8,"covered":8,"skipped":0,"pct":100},"branches":{"total":2,"covered":2,"skipped":0,"pct":100}}
,"/home/runner/work/unicornt-store-frontend/unicornt-store-frontend/src/api/errors.ts": {"lines":{"total":4,"covered":4,"skipped":0,"pct":100},"functions":{"total":1,"covered":1,"skipped":0,"pct":100},"statements":{"total":4,"covered":4,"skipped":0,"pct":100},"branches":{"total":0,"covered":0,"skipped":0,"pct":100}}
,"/home/runner/work/unicornt-store-frontend/unicornt-store-frontend/src/api/product.api.ts": {"lines":{"total":9,"covered":9,"skipped":0,"pct":100},"functions":{"total":1,"covered":1,"skipped":0,"pct":100},"statements":{"total":9,"covered":9,"skipped":0,"pct":100},"branches":{"total":2,"covered":2,"skipped":0,"pct":100}}
,"/home/runner/work/unicornt-store-frontend/unicornt-store-frontend/src/components/CartPanel/CartPanel.ts": {"lines":{"total":35,"covered":34,"skipped":0,"pct":97.14},"functions":{"total":4,"covered":4,"skipped":0,"pct":100},"statements":{"total":35,"covered":34,"skipped":0,"pct":97.14},"branches":{"total":4,"covered":3,"skipped":0,"pct":75}}
,"/home/runner/work/unicornt-store-frontend/unicornt-store-frontend/src/components/ErrorFallback/ErrorFallback.ts": {"lines":{"total":11,"covered":10,"skipped":0,"pct":90.9},"functions":{"total":2,"covered":2,"skipped":0,"pct":100},"statements":{"total":11,"covered":10,"skipped":0,"pct":90.9},"branches":{"total":2,"covered":1,"skipped":0,"pct":50}}
,"/home/runner/work/unicornt-store-frontend/unicornt-store-frontend/src/components/GlobalFallback/GlobalFallback.ts": {"lines":{"total":13,"covered":12,"skipped":0,"pct":92.3},"functions":{"total":3,"covered":3,"skipped":0,"pct":100},"statements":{"total":13,"covered":12,"skipped":0,"pct":92.3},"branches":{"total":3,"covered":2,"skipped":0,"pct":66.66}}
,"/home/runner/work/unicornt-store-frontend/unicornt-store-frontend/src/components/LoadingSkeleton/LoadingSkeleton.ts": {"lines":{"total":10,"covered":9,"skipped":0,"pct":90},"functions":{"total":2,"covered":2,"skipped":0,"pct":100},"statements":{"total":10,"covered":9,"skipped":0,"pct":90},"branches":{"total":3,"covered":2,"skipped":0,"pct":66.66}}
,"/home/runner/work/unicornt-store-frontend/unicornt-store-frontend/src/components/ProductCard/ProductCard.ts": {"lines":{"total":23,"covered":22,"skipped":0,"pct":95.65},"functions":{"total":3,"covered":3,"skipped":0,"pct":100},"statements":{"total":23,"covered":22,"skipped":0,"pct":95.65},"branches":{"total":4,"covered":3,"skipped":0,"pct":75}}
,"/home/runner/work/unicornt-store-frontend/unicornt-store-frontend/src/components/ProductDetail/ProductDetail.ts": {"lines":{"total":22,"covered":21,"skipped":0,"pct":95.45},"functions":{"total":3,"covered":3,"skipped":0,"pct":100},"statements":{"total":22,"covered":21,"skipped":0,"pct":95.45},"branches":{"total":4,"covered":2,"skipped":0,"pct":50}}
,"/home/runner/work/unicornt-store-frontend/unicornt-store-frontend/src/components/Toast/Toast.ts": {"lines":{"total":6,"covered":6,"skipped":0,"pct":100},"functions":{"total":1,"covered":1,"skipped":0,"pct":100},"statements":{"total":6,"covered":6,"skipped":0,"pct":100},"branches":{"total":1,"covered":1,"skipped":0,"pct":100}}
,"/home/runner/work/unicornt-store-frontend/unicornt-store-frontend/src/lib/button-feedback.ts": {"lines":{"total":6,"covered":6,"skipped":0,"pct":100},"functions":{"total":2,"covered":2,"skipped":0,"pct":100},"statements":{"total":6,"covered":6,"skipped":0,"pct":100},"branches":{"total":0,"covered":0,"skipped":0,"pct":100}}
,"/home/runner/work/unicornt-store-frontend/unicornt-store-frontend/src/lib/currency.ts": {"lines":{"total":1,"covered":1,"skipped":0,"pct":100},"functions":{"total":1,"covered":1,"skipped":0,"pct":100},"statements":{"total":1,"covered":1,"skipped":0,"pct":100},"branches":{"total":0,"covered":0,"skipped":0,"pct":100}}
,"/home/runner/work/unicornt-store-frontend/unicornt-store-frontend/src/lib/dom.ts": {"lines":{"total":23,"covered":23,"skipped":0,"pct":100},"functions":{"total":8,"covered":8,"skipped":0,"pct":100},"statements":{"total":23,"covered":23,"skipped":0,"pct":100},"branches":{"total":15,"covered":15,"skipped":0,"pct":100}}
,"/home/runner/work/unicornt-store-frontend/unicornt-store-frontend/src/lib/form.ts": {"lines":{"total":4,"covered":4,"skipped":0,"pct":100},"functions":{"total":1,"covered":1,"skipped":0,"pct":100},"statements":{"total":4,"covered":4,"skipped":0,"pct":100},"branches":{"total":2,"covered":2,"skipped":0,"pct":100}}
,"/home/runner/work/unicornt-store-frontend/unicornt-store-frontend/src/lib/quantity.ts": {"lines":{"total":6,"covered":6,"skipped":0,"pct":100},"functions":{"total":2,"covered":2,"skipped":0,"pct":100},"statements":{"total":6,"covered":6,"skipped":0,"pct":100},"branches":{"total":6,"covered":6,"skipped":0,"pct":100}}
,"/home/runner/work/unicornt-store-frontend/unicornt-store-frontend/src/models/cart.model.ts": {"lines":{"total":7,"covered":7,"skipped":0,"pct":100},"functions":{"total":3,"covered":3,"skipped":0,"pct":100},"statements":{"total":7,"covered":7,"skipped":0,"pct":100},"branches":{"total":11,"covered":11,"skipped":0,"pct":100}}
,"/home/runner/work/unicornt-store-frontend/unicornt-store-frontend/src/models/checkout.model.ts": {"lines":{"total":22,"covered":22,"skipped":0,"pct":100},"functions":{"total":5,"covered":5,"skipped":0,"pct":100},"statements":{"total":22,"covered":22,"skipped":0,"pct":100},"branches":{"total":16,"covered":16,"skipped":0,"pct":100}}
,"/home/runner/work/unicornt-store-frontend/unicornt-store-frontend/src/models/product.dto.ts": {"lines":{"total":7,"covered":7,"skipped":0,"pct":100},"functions":{"total":4,"covered":4,"skipped":0,"pct":100},"statements":{"total":7,"covered":7,"skipped":0,"pct":100},"branches":{"total":20,"covered":20,"skipped":0,"pct":100}}
,"/home/runner/work/unicornt-store-frontend/unicornt-store-frontend/src/models/product.model.ts": {"lines":{"total":7,"covered":7,"skipped":0,"pct":100},"functions":{"total":4,"covered":4,"skipped":0,"pct":100},"statements":{"total":7,"covered":7,"skipped":0,"pct":100},"branches":{"total":4,"covered":4,"skipped":0,"pct":100}}
,"/home/runner/work/unicornt-store-frontend/unicornt-store-frontend/src/pages/catalog.main.ts": {"lines":{"total":4,"covered":4,"skipped":0,"pct":100},"functions":{"total":1,"covered":1,"skipped":0,"pct":100},"statements":{"total":4,"covered":4,"skipped":0,"pct":100},"branches":{"total":0,"covered":0,"skipped":0,"pct":100}}
,"/home/runner/work/unicornt-store-frontend/unicornt-store-frontend/src/pages/product.main.ts": {"lines":{"total":4,"covered":4,"skipped":0,"pct":100},"functions":{"total":1,"covered":1,"skipped":0,"pct":100},"statements":{"total":4,"covered":4,"skipped":0,"pct":100},"branches":{"total":0,"covered":0,"skipped":0,"pct":100}}
,"/home/runner/work/unicornt-store-frontend/unicornt-store-frontend/src/services/cart.service.ts": {"lines":{"total":21,"covered":21,"skipped":0,"pct":100},"functions":{"total":15,"covered":15,"skipped":0,"pct":100},"statements":{"total":26,"covered":26,"skipped":0,"pct":100},"branches":{"total":13,"covered":11,"skipped":0,"pct":84.61}}
,"/home/runner/work/unicornt-store-frontend/unicornt-store-frontend/src/services/checkout.service.ts": {"lines":{"total":2,"covered":2,"skipped":0,"pct":100},"functions":{"total":2,"covered":2,"skipped":0,"pct":100},"statements":{"total":2,"covered":2,"skipped":0,"pct":100},"branches":{"total":0,"covered":0,"skipped":0,"pct":100}}
,"/home/runner/work/unicornt-store-frontend/unicornt-store-frontend/src/services/product.service.ts": {"lines":{"total":4,"covered":4,"skipped":0,"pct":100},"functions":{"total":1,"covered":1,"skipped":0,"pct":100},"statements":{"total":4,"covered":4,"skipped":0,"pct":100},"branches":{"total":2,"covered":2,"skipped":0,"pct":100}}
,"/home/runner/work/unicornt-store-frontend/unicornt-store-frontend/src/storage/cart.storage.ts": {"lines":{"total":11,"covered":11,"skipped":0,"pct":100},"functions":{"total":2,"covered":2,"skipped":0,"pct":100},"statements":{"total":11,"covered":11,"skipped":0,"pct":100},"branches":{"total":6,"covered":6,"skipped":0,"pct":100}}
,"/home/runner/work/unicornt-store-frontend/unicornt-store-frontend/src/views/cart.view.ts": {"lines":{"total":57,"covered":53,"skipped":0,"pct":92.98},"functions":{"total":12,"covered":10,"skipped":0,"pct":83.33},"statements":{"total":57,"covered":53,"skipped":0,"pct":92.98},"branches":{"total":12,"covered":10,"skipped":0,"pct":83.33}}
,"/home/runner/work/unicornt-store-frontend/unicornt-store-frontend/src/views/catalog.view.ts": {"lines":{"total":24,"covered":23,"skipped":0,"pct":95.83},"functions":{"total":5,"covered":5,"skipped":0,"pct":100},"statements":{"total":24,"covered":23,"skipped":0,"pct":95.83},"branches":{"total":2,"covered":1,"skipped":0,"pct":50}}
,"/home/runner/work/unicornt-store-frontend/unicornt-store-frontend/src/views/checkout.view.ts": {"lines":{"total":63,"covered":59,"skipped":0,"pct":93.65},"functions":{"total":8,"covered":7,"skipped":0,"pct":87.5},"statements":{"total":63,"covered":59,"skipped":0,"pct":93.65},"branches":{"total":17,"covered":15,"skipped":0,"pct":88.23}}
,"/home/runner/work/unicornt-store-frontend/unicornt-store-frontend/src/views/product.view.ts": {"lines":{"total":45,"covered":45,"skipped":0,"pct":100},"functions":{"total":10,"covered":10,"skipped":0,"pct":100},"statements":{"total":46,"covered":46,"skipped":0,"pct":100},"branches":{"total":8,"covered":7,"skipped":0,"pct":87.5}}
}
