{"/home/runner/work/unicornt-store-frontend/unicornt-store-frontend/src/adapters/checkoutForm.ts": {"path":"/home/runner/work/unicornt-store-frontend/unicornt-store-frontend/src/adapters/checkoutForm.ts","statementMap":{"0":{"start":{"line":12,"column":15},"end":{"line":12,"column":null}},"1":{"start":{"line":13,"column":2},"end":{"line":20,"column":null}},"2":{"start":{"line":24,"column":16},"end":{"line":24,"column":null}},"3":{"start":{"line":25,"column":2},"end":{"line":25,"column":null}}},"fnMap":{"0":{"name":"extractCheckoutForm","decl":{"start":{"line":11,"column":16},"end":{"line":11,"column":36}},"loc":{"start":{"line":11,"column":77},"end":{"line":21,"column":null}},"line":11},"1":{"name":"optional","decl":{"start":{"line":23,"column":9},"end":{"line":23,"column":18}},"loc":{"start":{"line":23,"column":57},"end":{"line":26,"column":null}},"line":23}},"branchMap":{"0":{"loc":{"start":{"line":25,"column":9},"end":{"line":25,"column":null}},"type":"cond-expr","locations":[{"start":{"line":25,"column":37},"end":{"line":25,"column":52}},{"start":{"line":25,"column":52},"end":{"line":25,"column":null}}],"line":25}},"s":{"0":7,"1":7,"2":6,"3":6},"f":{"0":7,"1":6},"b":{"0":[5,1]},"meta":{"lastBranch":1,"lastFunction":2,"lastStatement":4,"seen":{"f:11:16:11:36":0,"s:12:15:12:Infinity":0,"s:13:2:20:Infinity":1,"f:23:9:23:18":1,"s:24:16:24:Infinity":2,"s:25:2:25:Infinity":3,"b:25:37:25:52:25:52:25:Infinity":0},"fnNames":{}}}
,"/home/runner/work/unicornt-store-frontend/unicornt-store-frontend/src/api/auth.api.ts": {"path":"/home/runner/work/unicornt-store-frontend/unicornt-store-frontend/src/api/auth.api.ts","statementMap":{"0":{"start":{"line":11,"column":2},"end":{"line":14,"column":null}},"1":{"start":{"line":18,"column":2},"end":{"line":26,"column":null}},"2":{"start":{"line":30,"column":2},"end":{"line":30,"column":null}}},"fnMap":{"0":{"name":"loginRequest","decl":{"start":{"line":10,"column":16},"end":{"line":10,"column":29}},"loc":{"start":{"line":10,"column":66},"end":{"line":15,"column":null}},"line":10},"1":{"name":"registerRequest","decl":{"start":{"line":17,"column":16},"end":{"line":17,"column":32}},"loc":{"start":{"line":17,"column":72},"end":{"line":27,"column":null}},"line":17},"2":{"name":"meRequest","decl":{"start":{"line":29,"column":16},"end":{"line":29,"column":46}},"loc":{"start":{"line":29,"column":46},"end":{"line":31,"column":null}},"line":29}},"branchMap":{},"s":{"0":1,"1":1,"2":1},"f":{"0":1,"1":1,"2":1},"b":{},"meta":{"lastBranch":0,"lastFunction":3,"lastStatement":3,"seen":{"f:10:16:10:29":0,"s:11:2:14:Infinity":0,"f:17:16:17:32":1,"s:18:2:26:Infinity":1,"f:29:16:29:46":2,"s:30:2:30:Infinity":2},"fnNames":{}}}
,"/home/runner/work/unicornt-store-frontend/unicornt-store-frontend/src/api/cart.api.ts": {"path":"/home/runner/work/unicornt-store-frontend/unicornt-store-frontend/src/api/cart.api.ts","statementMap":{"0":{"start":{"line":15,"column":2},"end":{"line":15,"column":null}},"1":{"start":{"line":20,"column":2},"end":{"line":20,"column":null}}},"fnMap":{"0":{"name":"fetchCartPayload","decl":{"start":{"line":14,"column":22},"end":{"line":14,"column":59}},"loc":{"start":{"line":14,"column":59},"end":{"line":16,"column":null}},"line":14},"1":{"name":"mergeCartPayload","decl":{"start":{"line":19,"column":22},"end":{"line":19,"column":39}},"loc":{"start":{"line":19,"column":90},"end":{"line":21,"column":null}},"line":19}},"branchMap":{},"s":{"0":2,"1":2},"f":{"0":2,"1":2},"b":{},"meta":{"lastBranch":0,"lastFunction":2,"lastStatement":2,"seen":{"f:14:22:14:59":0,"s:15:2:15:Infinity":0,"f:19:22:19:39":1,"s:20:2:20:Infinity":1},"fnNames":{}}}
,"/home/runner/work/unicornt-store-frontend/unicornt-store-frontend/src/api/category.api.ts": {"path":"/home/runner/work/unicornt-store-frontend/unicornt-store-frontend/src/api/category.api.ts","statementMap":{"0":{"start":{"line":9,"column":2},"end":{"line":9,"column":null}}},"fnMap":{"0":{"name":"fetchCategoriesPayload","decl":{"start":{"line":8,"column":22},"end":{"line":8,"column":65}},"loc":{"start":{"line":8,"column":65},"end":{"line":10,"column":null}},"line":8}},"branchMap":{},"s":{"0":6},"f":{"0":6},"b":{},"meta":{"lastBranch":0,"lastFunction":1,"lastStatement":1,"seen":{"f:8:22:8:65":0,"s:9:2:9:Infinity":0},"fnNames":{}}}
,"/home/runner/work/unicornt-store-frontend/unicornt-store-frontend/src/api/errors.ts": {"path":"/home/runner/work/unicornt-store-frontend/unicornt-store-frontend/src/api/errors.ts","statementMap":{"0":{"start":{"line":7,"column":33},"end":{"line":7,"column":null}},"1":{"start":{"line":14,"column":4},"end":{"line":14,"column":null}},"2":{"start":{"line":15,"column":4},"end":{"line":15,"column":null}},"3":{"start":{"line":16,"column":4},"end":{"line":16,"column":null}}},"fnMap":{"0":{"name":"constructor","decl":{"start":{"line":13,"column":2},"end":{"line":13,"column":14}},"loc":{"start":{"line":13,"column":86},"end":{"line":17,"column":null}},"line":13}},"branchMap":{},"s":{"0":20,"1":36,"2":36,"3":36},"f":{"0":36},"b":{},"meta":{"lastBranch":0,"lastFunction":1,"lastStatement":4,"seen":{"s:7:33:7:Infinity":0,"f:13:2:13:14":0,"s:14:4:14:Infinity":1,"s:15:4:15:Infinity":2,"s:16:4:16:Infinity":3},"fnNames":{}}}
,"/home/runner/work/unicornt-store-frontend/unicornt-store-frontend/src/api/http.ts": {"path":"/home/runner/work/unicornt-store-frontend/unicornt-store-frontend/src/api/http.ts","statementMap":{"0":{"start":{"line":12,"column":25},"end":{"line":12,"column":null}},"1":{"start":{"line":16,"column":21},"end":{"line":16,"column":null}},"2":{"start":{"line":18,"column":4},"end":{"line":20,"column":null}},"3":{"start":{"line":21,"column":2},"end":{"line":23,"column":null}},"4":{"start":{"line":22,"column":4},"end":{"line":22,"column":null}},"5":{"start":{"line":24,"column":2},"end":{"line":24,"column":null}},"6":{"start":{"line":28,"column":4},"end":{"line":28,"column":null}},"7":{"start":{"line":28,"column":47},"end":{"line":28,"column":null}},"8":{"start":{"line":31,"column":2},"end":{"line":31,"column":null}},"9":{"start":{"line":48,"column":57},"end":{"line":48,"column":null}},"10":{"start":{"line":50,"column":49},"end":{"line":53,"column":null}},"11":{"start":{"line":54,"column":2},"end":{"line":56,"column":null}},"12":{"start":{"line":55,"column":4},"end":{"line":55,"column":null}},"13":{"start":{"line":57,"column":16},"end":{"line":57,"column":null}},"14":{"start":{"line":58,"column":2},"end":{"line":60,"column":null}},"15":{"start":{"line":59,"column":4},"end":{"line":59,"column":null}},"16":{"start":{"line":62,"column":28},"end":{"line":62,"column":null}},"17":{"start":{"line":63,"column":2},"end":{"line":65,"column":null}},"18":{"start":{"line":64,"column":4},"end":{"line":64,"column":null}},"19":{"start":{"line":66,"column":2},"end":{"line":68,"column":null}},"20":{"start":{"line":67,"column":4},"end":{"line":67,"column":null}},"21":{"start":{"line":71,"column":2},"end":{"line":75,"column":null}},"22":{"start":{"line":72,"column":4},"end":{"line":72,"column":null}},"23":{"start":{"line":74,"column":4},"end":{"line":74,"column":null}},"24":{"start":{"line":77,"column":2},"end":{"line":79,"column":null}},"25":{"start":{"line":78,"column":4},"end":{"line":78,"column":null}},"26":{"start":{"line":80,"column":2},"end":{"line":85,"column":null}},"27":{"start":{"line":81,"column":4},"end":{"line":84,"column":null}},"28":{"start":{"line":86,"column":2},"end":{"line":88,"column":null}},"29":{"start":{"line":87,"column":4},"end":{"line":87,"column":null}},"30":{"start":{"line":90,"column":2},"end":{"line":94,"column":null}},"31":{"start":{"line":91,"column":4},"end":{"line":91,"column":null}},"32":{"start":{"line":93,"column":4},"end":{"line":93,"column":null}}},"fnMap":{"0":{"name":"apiBaseUrl","decl":{"start":{"line":15,"column":16},"end":{"line":15,"column":37}},"loc":{"start":{"line":15,"column":37},"end":{"line":25,"column":null}},"line":15},"1":{"name":"(anonymous_1)","decl":{"start":{"line":28,"column":4},"end":{"line":28,"column":47}},"loc":{"start":{"line":28,"column":47},"end":{"line":28,"column":null}},"line":28},"2":{"name":"setAuthTokenProvider","decl":{"start":{"line":30,"column":16},"end":{"line":30,"column":37}},"loc":{"start":{"line":30,"column":74},"end":{"line":32,"column":null}},"line":30},"3":{"name":"apiFetch","decl":{"start":{"line":47,"column":22},"end":{"line":47,"column":31}},"loc":{"start":{"line":47,"column":94},"end":{"line":95,"column":null}},"line":47}},"branchMap":{"0":{"loc":{"start":{"line":18,"column":4},"end":{"line":20,"column":null}},"type":"cond-expr","locations":[{"start":{"line":19,"column":8},"end":{"line":19,"column":null}},{"start":{"line":20,"column":8},"end":{"line":20,"column":null}}],"line":18},"1":{"loc":{"start":{"line":18,"column":4},"end":{"line":18,"column":null}},"type":"binary-expr","locations":[{"start":{"line":18,"column":4},"end":{"line":18,"column":38}},{"start":{"line":18,"column":38},"end":{"line":18,"column":null}}],"line":18},"2":{"loc":{"start":{"line":47,"column":45},"end":{"line":47,"column":94}},"type":"default-arg","locations":[{"start":{"line":47,"column":72},"end":{"line":47,"column":94}}],"line":47},"3":{"loc":{"start":{"line":48,"column":10},"end":{"line":48,"column":26}},"type":"default-arg","locations":[{"start":{"line":48,"column":19},"end":{"line":48,"column":26}}],"line":48},"4":{"loc":{"start":{"line":48,"column":32},"end":{"line":48,"column":46}},"type":"default-arg","locations":[{"start":{"line":48,"column":42},"end":{"line":48,"column":46}}],"line":48},"5":{"loc":{"start":{"line":54,"column":2},"end":{"line":56,"column":null}},"type":"if","locations":[{"start":{"line":54,"column":2},"end":{"line":56,"column":null}},{"start":{},"end":{}}],"line":54},"6":{"loc":{"start":{"line":58,"column":2},"end":{"line":60,"column":null}},"type":"if","locations":[{"start":{"line":58,"column":2},"end":{"line":60,"column":null}},{"start":{},"end":{}}],"line":58},"7":{"loc":{"start":{"line":58,"column":6},"end":{"line":58,"column":42}},"type":"binary-expr","locations":[{"start":{"line":58,"column":6},"end":{"line":58,"column":24}},{"start":{"line":58,"column":24},"end":{"line":58,"column":42}}],"line":58},"8":{"loc":{"start":{"line":63,"column":2},"end":{"line":65,"column":null}},"type":"if","locations":[{"start":{"line":63,"column":2},"end":{"line":65,"column":null}},{"start":{},"end":{}}],"line":63},"9":{"loc":{"start":{"line":66,"column":2},"end":{"line":68,"column":null}},"type":"if","locations":[{"start":{"line":66,"column":2},"end":{"line":68,"column":null}},{"start":{},"end":{}}],"line":66},"10":{"loc":{"start":{"line":77,"column":2},"end":{"line":79,"column":null}},"type":"if","locations":[{"start":{"line":77,"column":2},"end":{"line":79,"column":null}},{"start":{},"end":{}}],"line":77},"11":{"loc":{"start":{"line":80,"column":2},"end":{"line":85,"column":null}},"type":"if","locations":[{"start":{"line":80,"column":2},"end":{"line":85,"column":null}},{"start":{},"end":{}}],"line":80},"12":{"loc":{"start":{"line":86,"column":2},"end":{"line":88,"column":null}},"type":"if","locations":[{"start":{"line":86,"column":2},"end":{"line":88,"column":null}},{"start":{},"end":{}}],"line":86}},"s":{"0":11,"1":26,"2":26,"3":26,"4":0,"5":26,"6":11,"7":13,"8":32,"9":25,"10":25,"11":25,"12":5,"13":25,"14":25,"15":2,"16":25,"17":25,"18":5,"19":25,"20":0,"21":25,"22":25,"23":9,"24":16,"25":2,"26":14,"27":2,"28":12,"29":1,"30":11,"31":11,"32":2},"f":{"0":26,"1":13,"2":32,"3":25},"b":{"0":[0,26],"1":[26,0],"2":[25],"3":[25],"4":[25],"5":[5,20],"6":[2,23],"7":[25,2],"8":[5,20],"9":[0,25],"10":[2,14],"11":[2,12],"12":[1,11]},"meta":{"lastBranch":13,"lastFunction":4,"lastStatement":33,"seen":{"s:12:25:12:Infinity":0,"f:15:16:15:37":0,"s:16:21:16:Infinity":1,"s:18:4:20:Infinity":2,"b:19:8:19:Infinity:20:8:20:Infinity":0,"b:18:4:18:38:18:38:18:Infinity":1,"s:21:2:23:Infinity":3,"s:22:4:22:Infinity":4,"s:24:2:24:Infinity":5,"s:28:4:28:Infinity":6,"f:28:4:28:47":1,"s:28:47:28:Infinity":7,"f:30:16:30:37":2,"s:31:2:31:Infinity":8,"f:47:22:47:31":3,"b:47:72:47:94":2,"s:48:57:48:Infinity":9,"b:48:19:48:26":3,"b:48:42:48:46":4,"s:50:49:53:Infinity":10,"b:54:2:56:Infinity:undefined:undefined:undefined:undefined":5,"s:54:2:56:Infinity":11,"s:55:4:55:Infinity":12,"s:57:16:57:Infinity":13,"b:58:2:60:Infinity:undefined:undefined:undefined:undefined":6,"s:58:2:60:Infinity":14,"b:58:6:58:24:58:24:58:42":7,"s:59:4:59:Infinity":15,"s:62:28:62:Infinity":16,"b:63:2:65:Infinity:undefined:undefined:undefined:undefined":8,"s:63:2:65:Infinity":17,"s:64:4:64:Infinity":18,"b:66:2:68:Infinity:undefined:undefined:undefined:undefined":9,"s:66:2:68:Infinity":19,"s:67:4:67:Infinity":20,"s:71:2:75:Infinity":21,"s:72:4:72:Infinity":22,"s:74:4:74:Infinity":23,"b:77:2:79:Infinity:undefined:undefined:undefined:undefined":10,"s:77:2:79:Infinity":24,"s:78:4:78:Infinity":25,"b:80:2:85:Infinity:undefined:undefined:undefined:undefined":11,"s:80:2:85:Infinity":26,"s:81:4:84:Infinity":27,"b:86:2:88:Infinity:undefined:undefined:undefined:undefined":12,"s:86:2:88:Infinity":28,"s:87:4:87:Infinity":29,"s:90:2:94:Infinity":30,"s:91:4:91:Infinity":31,"s:93:4:93:Infinity":32},"fnNames":{}}}
,"/home/runner/work/unicornt-store-frontend/unicornt-store-frontend/src/api/order.api.ts": {"path":"/home/runner/work/unicornt-store-frontend/unicornt-store-frontend/src/api/order.api.ts","statementMap":{"0":{"start":{"line":16,"column":2},"end":{"line":16,"column":null}}},"fnMap":{"0":{"name":"placeOrderRequest","decl":{"start":{"line":15,"column":22},"end":{"line":15,"column":40}},"loc":{"start":{"line":15,"column":91},"end":{"line":17,"column":null}},"line":15}},"branchMap":{},"s":{"0":0},"f":{"0":0},"b":{},"meta":{"lastBranch":0,"lastFunction":1,"lastStatement":1,"seen":{"f:15:22:15:40":0,"s:16:2:16:Infinity":0},"fnNames":{}}}
,"/home/runner/work/unicornt-store-frontend/unicornt-store-frontend/src/api/product.api.ts": {"path":"/home/runner/work/unicornt-store-frontend/unicornt-store-frontend/src/api/product.api.ts","statementMap":{"0":{"start":{"line":17,"column":17},"end":{"line":17,"column":null}},"1":{"start":{"line":18,"column":2},"end":{"line":20,"column":null}},"2":{"start":{"line":19,"column":4},"end":{"line":19,"column":null}},"3":{"start":{"line":21,"column":2},"end":{"line":23,"column":null}},"4":{"start":{"line":22,"column":4},"end":{"line":22,"column":null}},"5":{"start":{"line":24,"column":17},"end":{"line":24,"column":null}},"6":{"start":{"line":25,"column":2},"end":{"line":25,"column":null}},"7":{"start":{"line":41,"column":2},"end":{"line":41,"column":null}},"8":{"start":{"line":48,"column":2},"end":{"line":48,"column":null}},"9":{"start":{"line":52,"column":2},"end":{"line":52,"column":null}}},"fnMap":{"0":{"name":"fetchProductsPayload","decl":{"start":{"line":16,"column":22},"end":{"line":16,"column":43}},"loc":{"start":{"line":16,"column":93},"end":{"line":26,"column":null}},"line":16},"1":{"name":"createProductRequest","decl":{"start":{"line":40,"column":22},"end":{"line":40,"column":43}},"loc":{"start":{"line":40,"column":91},"end":{"line":42,"column":null}},"line":40},"2":{"name":"updateProductRequest","decl":{"start":{"line":44,"column":22},"end":{"line":44,"column":null}},"loc":{"start":{"line":47,"column":20},"end":{"line":49,"column":null}},"line":47},"3":{"name":"deleteProductRequest","decl":{"start":{"line":51,"column":22},"end":{"line":51,"column":43}},"loc":{"start":{"line":51,"column":73},"end":{"line":53,"column":null}},"line":51}},"branchMap":{"0":{"loc":{"start":{"line":16,"column":43},"end":{"line":16,"column":93}},"type":"default-arg","locations":[{"start":{"line":16,"column":71},"end":{"line":16,"column":93}}],"line":16},"1":{"loc":{"start":{"line":18,"column":2},"end":{"line":20,"column":null}},"type":"if","locations":[{"start":{"line":18,"column":2},"end":{"line":20,"column":null}},{"start":{},"end":{}}],"line":18},"2":{"loc":{"start":{"line":18,"column":6},"end":{"line":18,"column":72}},"type":"binary-expr","locations":[{"start":{"line":18,"column":6},"end":{"line":18,"column":38}},{"start":{"line":18,"column":38},"end":{"line":18,"column":72}}],"line":18},"3":{"loc":{"start":{"line":21,"column":2},"end":{"line":23,"column":null}},"type":"if","locations":[{"start":{"line":21,"column":2},"end":{"line":23,"column":null}},{"start":{},"end":{}}],"line":21},"4":{"loc":{"start":{"line":21,"column":6},"end":{"line":21,"column":58}},"type":"binary-expr","locations":[{"start":{"line":21,"column":6},"end":{"line":21,"column":31}},{"start":{"line":21,"column":31},"end":{"line":21,"column":58}}],"line":21},"5":{"loc":{"start":{"line":25,"column":18},"end":{"line":25,"column":87}},"type":"cond-expr","locations":[{"start":{"line":25,"column":38},"end":{"line":25,"column":69}},{"start":{"line":25,"column":69},"end":{"line":25,"column":87}}],"line":25}},"s":{"0":4,"1":4,"2":0,"3":4,"4":0,"5":4,"6":4,"7":0,"8":0,"9":0},"f":{"0":4,"1":0,"2":0,"3":0},"b":{"0":[4],"1":[0,4],"2":[4,0],"3":[0,4],"4":[4,0],"5":[0,4]},"meta":{"lastBranch":6,"lastFunction":4,"lastStatement":10,"seen":{"f:16:22:16:43":0,"b:16:71:16:93":0,"s:17:17:17:Infinity":0,"b:18:2:20:Infinity:undefined:undefined:undefined:undefined":1,"s:18:2:20:Infinity":1,"b:18:6:18:38:18:38:18:72":2,"s:19:4:19:Infinity":2,"b:21:2:23:Infinity:undefined:undefined:undefined:undefined":3,"s:21:2:23:Infinity":3,"b:21:6:21:31:21:31:21:58":4,"s:22:4:22:Infinity":4,"s:24:17:24:Infinity":5,"s:25:2:25:Infinity":6,"b:25:38:25:69:25:69:25:87":5,"f:40:22:40:43":1,"s:41:2:41:Infinity":7,"f:44:22:44:Infinity":2,"s:48:2:48:Infinity":8,"f:51:22:51:43":3,"s:52:2:52:Infinity":9},"fnNames":{}}}
,"/home/runner/work/unicornt-store-frontend/unicornt-store-frontend/src/components/CartPanel/CartPanel.ts": {"path":"/home/runner/work/unicornt-store-frontend/unicornt-store-frontend/src/components/CartPanel/CartPanel.ts","statementMap":{"0":{"start":{"line":9,"column":18},"end":{"line":9,"column":null}},"1":{"start":{"line":10,"column":2},"end":{"line":10,"column":null}},"2":{"start":{"line":12,"column":15},"end":{"line":12,"column":null}},"3":{"start":{"line":13,"column":2},"end":{"line":13,"column":null}},"4":{"start":{"line":15,"column":2},"end":{"line":15,"column":null}},"5":{"start":{"line":16,"column":2},"end":{"line":16,"column":null}},"6":{"start":{"line":19,"column":27},"end":{"line":19,"column":null}},"7":{"start":{"line":20,"column":0},"end":{"line":20,"column":null}},"8":{"start":{"line":23,"column":23},"end":{"line":23,"column":null}},"9":{"start":{"line":24,"column":16},"end":{"line":24,"column":null}},"10":{"start":{"line":26,"column":2},"end":{"line":28,"column":null}},"11":{"start":{"line":27,"column":4},"end":{"line":27,"column":null}},"12":{"start":{"line":30,"column":2},"end":{"line":30,"column":null}},"13":{"start":{"line":34,"column":38},"end":{"line":34,"column":null}},"14":{"start":{"line":35,"column":13},"end":{"line":35,"column":null}},"15":{"start":{"line":37,"column":19},"end":{"line":37,"column":null}},"16":{"start":{"line":38,"column":2},"end":{"line":38,"column":null}},"17":{"start":{"line":40,"column":14},"end":{"line":40,"column":null}},"18":{"start":{"line":41,"column":2},"end":{"line":41,"column":null}},"19":{"start":{"line":42,"column":2},"end":{"line":42,"column":null}},"20":{"start":{"line":44,"column":2},"end":{"line":44,"column":null}},"21":{"start":{"line":45,"column":2},"end":{"line":46,"column":null}},"22":{"start":{"line":47,"column":2},"end":{"line":48,"column":null}},"23":{"start":{"line":50,"column":2},"end":{"line":50,"column":null}},"24":{"start":{"line":51,"column":2},"end":{"line":51,"column":null}},"25":{"start":{"line":52,"column":2},"end":{"line":52,"column":null}},"26":{"start":{"line":54,"column":19},"end":{"line":54,"column":null}},"27":{"start":{"line":55,"column":2},"end":{"line":55,"column":null}},"28":{"start":{"line":56,"column":2},"end":{"line":56,"column":null}},"29":{"start":{"line":57,"column":2},"end":{"line":57,"column":null}},"30":{"start":{"line":58,"column":2},"end":{"line":58,"column":null}},"31":{"start":{"line":60,"column":2},"end":{"line":60,"column":null}},"32":{"start":{"line":65,"column":2},"end":{"line":67,"column":null}},"33":{"start":{"line":66,"column":4},"end":{"line":66,"column":null}},"34":{"start":{"line":68,"column":2},"end":{"line":68,"column":null}}},"fnMap":{"0":{"name":"createEmptyCart","decl":{"start":{"line":8,"column":9},"end":{"line":8,"column":42}},"loc":{"start":{"line":8,"column":42},"end":{"line":17,"column":null}},"line":8},"1":{"name":"cloneCartPanelTemplate","decl":{"start":{"line":22,"column":9},"end":{"line":22,"column":47}},"loc":{"start":{"line":22,"column":47},"end":{"line":31,"column":null}},"line":22},"2":{"name":"createCartLine","decl":{"start":{"line":33,"column":9},"end":{"line":33,"column":24}},"loc":{"start":{"line":33,"column":53},"end":{"line":61,"column":null}},"line":33},"3":{"name":"createCartItems","decl":{"start":{"line":64,"column":16},"end":{"line":64,"column":32}},"loc":{"start":{"line":64,"column":75},"end":{"line":69,"column":null}},"line":64}},"branchMap":{"0":{"loc":{"start":{"line":26,"column":2},"end":{"line":28,"column":null}},"type":"if","locations":[{"start":{"line":26,"column":2},"end":{"line":28,"column":null}},{"start":{},"end":{}}],"line":26},"1":{"loc":{"start":{"line":65,"column":2},"end":{"line":67,"column":null}},"type":"if","locations":[{"start":{"line":65,"column":2},"end":{"line":67,"column":null}},{"start":{},"end":{}}],"line":65}},"s":{"0":5,"1":5,"2":5,"3":5,"4":5,"5":5,"6":6,"7":6,"8":14,"9":14,"10":14,"11":0,"12":14,"13":14,"14":14,"15":14,"16":14,"17":14,"18":14,"19":14,"20":14,"21":14,"22":14,"23":14,"24":14,"25":14,"26":14,"27":14,"28":14,"29":14,"30":14,"31":14,"32":17,"33":5,"34":12},"f":{"0":5,"1":14,"2":14,"3":17},"b":{"0":[0,14],"1":[5,12]},"meta":{"lastBranch":2,"lastFunction":4,"lastStatement":35,"seen":{"f:8:9:8:42":0,"s:9:18:9:Infinity":0,"s:10:2:10:Infinity":1,"s:12:15:12:Infinity":2,"s:13:2:13:Infinity":3,"s:15:2:15:Infinity":4,"s:16:2:16:Infinity":5,"s:19:27:19:Infinity":6,"s:20:0:20:Infinity":7,"f:22:9:22:47":1,"s:23:23:23:Infinity":8,"s:24:16:24:Infinity":9,"b:26:2:28:Infinity:undefined:undefined:undefined:undefined":0,"s:26:2:28:Infinity":10,"s:27:4:27:Infinity":11,"s:30:2:30:Infinity":12,"f:33:9:33:24":2,"s:34:38:34:Infinity":13,"s:35:13:35:Infinity":14,"s:37:19:37:Infinity":15,"s:38:2:38:Infinity":16,"s:40:14:40:Infinity":17,"s:41:2:41:Infinity":18,"s:42:2:42:Infinity":19,"s:44:2:44:Infinity":20,"s:45:2:46:Infinity":21,"s:47:2:48:Infinity":22,"s:50:2:50:Infinity":23,"s:51:2:51:Infinity":24,"s:52:2:52:Infinity":25,"s:54:19:54:Infinity":26,"s:55:2:55:Infinity":27,"s:56:2:56:Infinity":28,"s:57:2:57:Infinity":29,"s:58:2:58:Infinity":30,"s:60:2:60:Infinity":31,"f:64:16:64:32":3,"b:65:2:67:Infinity:undefined:undefined:undefined:undefined":1,"s:65:2:67:Infinity":32,"s:66:4:66:Infinity":33,"s:68:2:68:Infinity":34},"fnNames":{}}}
,"/home/runner/work/unicornt-store-frontend/unicornt-store-frontend/src/components/ErrorFallback/ErrorFallback.ts": {"path":"/home/runner/work/unicornt-store-frontend/unicornt-store-frontend/src/components/ErrorFallback/ErrorFallback.ts","statementMap":{"0":{"start":{"line":4,"column":37},"end":{"line":4,"column":null}},"1":{"start":{"line":6,"column":17},"end":{"line":6,"column":null}},"2":{"start":{"line":7,"column":0},"end":{"line":7,"column":null}},"3":{"start":{"line":10,"column":23},"end":{"line":10,"column":null}},"4":{"start":{"line":11,"column":16},"end":{"line":11,"column":null}},"5":{"start":{"line":13,"column":2},"end":{"line":15,"column":null}},"6":{"start":{"line":14,"column":4},"end":{"line":14,"column":null}},"7":{"start":{"line":17,"column":2},"end":{"line":17,"column":null}},"8":{"start":{"line":30,"column":19},"end":{"line":30,"column":null}},"9":{"start":{"line":32,"column":2},"end":{"line":32,"column":null}},"10":{"start":{"line":34,"column":2},"end":{"line":34,"column":null}}},"fnMap":{"0":{"name":"cloneErrorFallbackTemplate","decl":{"start":{"line":9,"column":9},"end":{"line":9,"column":51}},"loc":{"start":{"line":9,"column":51},"end":{"line":18,"column":null}},"line":9},"1":{"name":"createErrorFallback","decl":{"start":{"line":29,"column":16},"end":{"line":29,"column":36}},"loc":{"start":{"line":29,"column":66},"end":{"line":35,"column":null}},"line":29}},"branchMap":{"0":{"loc":{"start":{"line":13,"column":2},"end":{"line":15,"column":null}},"type":"if","locations":[{"start":{"line":13,"column":2},"end":{"line":15,"column":null}},{"start":{},"end":{}}],"line":13}},"s":{"0":5,"1":5,"2":5,"3":6,"4":6,"5":6,"6":0,"7":6,"8":6,"9":6,"10":6},"f":{"0":6,"1":6},"b":{"0":[0,6]},"meta":{"lastBranch":1,"lastFunction":2,"lastStatement":11,"seen":{"s:4:37:4:Infinity":0,"s:6:17:6:Infinity":1,"s:7:0:7:Infinity":2,"f:9:9:9:51":0,"s:10:23:10:Infinity":3,"s:11:16:11:Infinity":4,"b:13:2:15:Infinity:undefined:undefined:undefined:undefined":0,"s:13:2:15:Infinity":5,"s:14:4:14:Infinity":6,"s:17:2:17:Infinity":7,"f:29:16:29:36":1,"s:30:19:30:Infinity":8,"s:32:2:32:Infinity":9,"s:34:2:34:Infinity":10},"fnNames":{}}}
,"/home/runner/work/unicornt-store-frontend/unicornt-store-frontend/src/components/GlobalFallback/GlobalFallback.ts": {"path":"/home/runner/work/unicornt-store-frontend/unicornt-store-frontend/src/components/GlobalFallback/GlobalFallback.ts","statementMap":{"0":{"start":{"line":4,"column":31},"end":{"line":4,"column":null}},"1":{"start":{"line":6,"column":17},"end":{"line":6,"column":null}},"2":{"start":{"line":7,"column":0},"end":{"line":7,"column":null}},"3":{"start":{"line":10,"column":23},"end":{"line":10,"column":null}},"4":{"start":{"line":11,"column":16},"end":{"line":11,"column":null}},"5":{"start":{"line":13,"column":2},"end":{"line":15,"column":null}},"6":{"start":{"line":14,"column":4},"end":{"line":14,"column":null}},"7":{"start":{"line":17,"column":2},"end":{"line":17,"column":null}},"8":{"start":{"line":34,"column":19},"end":{"line":34,"column":null}},"9":{"start":{"line":36,"column":2},"end":{"line":36,"column":null}},"10":{"start":{"line":37,"column":2},"end":{"line":42,"column":null}},"11":{"start":{"line":40,"column":6},"end":{"line":40,"column":null}},"12":{"start":{"line":44,"column":2},"end":{"line":44,"column":null}}},"fnMap":{"0":{"name":"cloneGlobalFallbackTemplate","decl":{"start":{"line":9,"column":9},"end":{"line":9,"column":52}},"loc":{"start":{"line":9,"column":52},"end":{"line":18,"column":null}},"line":9},"1":{"name":"renderGlobalFallback","decl":{"start":{"line":31,"column":16},"end":{"line":31,"column":null}},"loc":{"start":{"line":33,"column":8},"end":{"line":45,"column":null}},"line":33},"2":{"name":"(anonymous_2)","decl":{"start":{"line":38,"column":4},"end":{"line":38,"column":null}},"loc":{"start":{"line":39,"column":10},"end":{"line":41,"column":null}},"line":39}},"branchMap":{"0":{"loc":{"start":{"line":13,"column":2},"end":{"line":15,"column":null}},"type":"if","locations":[{"start":{"line":13,"column":2},"end":{"line":15,"column":null}},{"start":{},"end":{}}],"line":13},"1":{"loc":{"start":{"line":32,"column":2},"end":{"line":32,"column":null}},"type":"default-arg","locations":[{"start":{"line":32,"column":12},"end":{"line":32,"column":null}}],"line":32}},"s":{"0":3,"1":3,"2":3,"3":5,"4":5,"5":5,"6":0,"7":5,"8":5,"9":5,"10":5,"11":1,"12":5},"f":{"0":5,"1":5,"2":1},"b":{"0":[0,5],"1":[5]},"meta":{"lastBranch":2,"lastFunction":3,"lastStatement":13,"seen":{"s:4:31:4:Infinity":0,"s:6:17:6:Infinity":1,"s:7:0:7:Infinity":2,"f:9:9:9:52":0,"s:10:23:10:Infinity":3,"s:11:16:11:Infinity":4,"b:13:2:15:Infinity:undefined:undefined:undefined:undefined":0,"s:13:2:15:Infinity":5,"s:14:4:14:Infinity":6,"s:17:2:17:Infinity":7,"f:31:16:31:Infinity":1,"b:32:12:32:Infinity":1,"s:34:19:34:Infinity":8,"s:36:2:36:Infinity":9,"s:37:2:42:Infinity":10,"f:38:4:38:Infinity":2,"s:40:6:40:Infinity":11,"s:44:2:44:Infinity":12},"fnNames":{}}}
,"/home/runner/work/unicornt-store-frontend/unicornt-store-frontend/src/components/LoadingSkeleton/LoadingSkeleton.ts": {"path":"/home/runner/work/unicornt-store-frontend/unicornt-store-frontend/src/components/LoadingSkeleton/LoadingSkeleton.ts","statementMap":{"0":{"start":{"line":4,"column":17},"end":{"line":4,"column":null}},"1":{"start":{"line":5,"column":0},"end":{"line":5,"column":null}},"2":{"start":{"line":8,"column":23},"end":{"line":8,"column":null}},"3":{"start":{"line":9,"column":16},"end":{"line":9,"column":null}},"4":{"start":{"line":11,"column":2},"end":{"line":13,"column":null}},"5":{"start":{"line":12,"column":4},"end":{"line":12,"column":null}},"6":{"start":{"line":15,"column":2},"end":{"line":15,"column":null}},"7":{"start":{"line":28,"column":19},"end":{"line":28,"column":null}},"8":{"start":{"line":30,"column":2},"end":{"line":30,"column":null}},"9":{"start":{"line":32,"column":2},"end":{"line":32,"column":null}}},"fnMap":{"0":{"name":"cloneLoadingSkeletonTemplate","decl":{"start":{"line":7,"column":9},"end":{"line":7,"column":53}},"loc":{"start":{"line":7,"column":53},"end":{"line":16,"column":null}},"line":7},"1":{"name":"createLoadingState","decl":{"start":{"line":27,"column":16},"end":{"line":27,"column":35}},"loc":{"start":{"line":27,"column":73},"end":{"line":33,"column":null}},"line":27}},"branchMap":{"0":{"loc":{"start":{"line":11,"column":2},"end":{"line":13,"column":null}},"type":"if","locations":[{"start":{"line":11,"column":2},"end":{"line":13,"column":null}},{"start":{},"end":{}}],"line":11},"1":{"loc":{"start":{"line":27,"column":35},"end":{"line":27,"column":73}},"type":"default-arg","locations":[{"start":{"line":27,"column":45},"end":{"line":27,"column":73}}],"line":27}},"s":{"0":5,"1":5,"2":20,"3":20,"4":20,"5":0,"6":20,"7":20,"8":20,"9":20},"f":{"0":20,"1":20},"b":{"0":[0,20],"1":[20]},"meta":{"lastBranch":2,"lastFunction":2,"lastStatement":10,"seen":{"s:4:17:4:Infinity":0,"s:5:0:5:Infinity":1,"f:7:9:7:53":0,"s:8:23:8:Infinity":2,"s:9:16:9:Infinity":3,"b:11:2:13:Infinity:undefined:undefined:undefined:undefined":0,"s:11:2:13:Infinity":4,"s:12:4:12:Infinity":5,"s:15:2:15:Infinity":6,"f:27:16:27:35":1,"b:27:45:27:73":1,"s:28:19:28:Infinity":7,"s:30:2:30:Infinity":8,"s:32:2:32:Infinity":9},"fnNames":{}}}
,"/home/runner/work/unicornt-store-frontend/unicornt-store-frontend/src/components/ProductCard/ProductCard.ts": {"path":"/home/runner/work/unicornt-store-frontend/unicornt-store-frontend/src/components/ProductCard/ProductCard.ts","statementMap":{"0":{"start":{"line":7,"column":17},"end":{"line":7,"column":null}},"1":{"start":{"line":8,"column":0},"end":{"line":8,"column":null}},"2":{"start":{"line":11,"column":2},"end":{"line":11,"column":null}},"3":{"start":{"line":15,"column":23},"end":{"line":15,"column":null}},"4":{"start":{"line":16,"column":16},"end":{"line":16,"column":null}},"5":{"start":{"line":18,"column":2},"end":{"line":20,"column":null}},"6":{"start":{"line":19,"column":4},"end":{"line":19,"column":null}},"7":{"start":{"line":22,"column":2},"end":{"line":22,"column":null}},"8":{"start":{"line":33,"column":15},"end":{"line":33,"column":null}},"9":{"start":{"line":35,"column":16},"end":{"line":35,"column":null}},"10":{"start":{"line":36,"column":2},"end":{"line":36,"column":null}},"11":{"start":{"line":37,"column":2},"end":{"line":37,"column":null}},"12":{"start":{"line":39,"column":19},"end":{"line":39,"column":null}},"13":{"start":{"line":40,"column":2},"end":{"line":40,"column":null}},"14":{"start":{"line":41,"column":2},"end":{"line":41,"column":null}},"15":{"start":{"line":43,"column":2},"end":{"line":43,"column":null}},"16":{"start":{"line":45,"column":2},"end":{"line":45,"column":null}},"17":{"start":{"line":47,"column":2},"end":{"line":47,"column":null}},"18":{"start":{"line":49,"column":21},"end":{"line":49,"column":null}},"19":{"start":{"line":50,"column":2},"end":{"line":50,"column":null}},"20":{"start":{"line":52,"column":20},"end":{"line":52,"column":null}},"21":{"start":{"line":53,"column":2},"end":{"line":53,"column":null}},"22":{"start":{"line":55,"column":2},"end":{"line":55,"column":null}}},"fnMap":{"0":{"name":"categoryBadgeClass","decl":{"start":{"line":10,"column":9},"end":{"line":10,"column":28}},"loc":{"start":{"line":10,"column":83},"end":{"line":12,"column":null}},"line":10},"1":{"name":"cloneProductCardTemplate","decl":{"start":{"line":14,"column":9},"end":{"line":14,"column":49}},"loc":{"start":{"line":14,"column":49},"end":{"line":23,"column":null}},"line":14},"2":{"name":"createProductCardElement","decl":{"start":{"line":32,"column":16},"end":{"line":32,"column":41}},"loc":{"start":{"line":32,"column":77},"end":{"line":56,"column":null}},"line":32}},"branchMap":{"0":{"loc":{"start":{"line":11,"column":9},"end":{"line":11,"column":null}},"type":"cond-expr","locations":[{"start":{"line":11,"column":41},"end":{"line":11,"column":58}},{"start":{"line":11,"column":58},"end":{"line":11,"column":null}}],"line":11},"1":{"loc":{"start":{"line":18,"column":2},"end":{"line":20,"column":null}},"type":"if","locations":[{"start":{"line":18,"column":2},"end":{"line":20,"column":null}},{"start":{},"end":{}}],"line":18}},"s":{"0":3,"1":3,"2":8,"3":8,"4":8,"5":8,"6":0,"7":8,"8":8,"9":8,"10":8,"11":8,"12":8,"13":8,"14":8,"15":8,"16":8,"17":8,"18":8,"19":8,"20":8,"21":8,"22":8},"f":{"0":8,"1":8,"2":8},"b":{"0":[7,1],"1":[0,8]},"meta":{"lastBranch":2,"lastFunction":3,"lastStatement":23,"seen":{"s:7:17:7:Infinity":0,"s:8:0:8:Infinity":1,"f:10:9:10:28":0,"s:11:2:11:Infinity":2,"b:11:41:11:58:11:58:11:Infinity":0,"f:14:9:14:49":1,"s:15:23:15:Infinity":3,"s:16:16:16:Infinity":4,"b:18:2:20:Infinity:undefined:undefined:undefined:undefined":1,"s:18:2:20:Infinity":5,"s:19:4:19:Infinity":6,"s:22:2:22:Infinity":7,"f:32:16:32:41":2,"s:33:15:33:Infinity":8,"s:35:16:35:Infinity":9,"s:36:2:36:Infinity":10,"s:37:2:37:Infinity":11,"s:39:19:39:Infinity":12,"s:40:2:40:Infinity":13,"s:41:2:41:Infinity":14,"s:43:2:43:Infinity":15,"s:45:2:45:Infinity":16,"s:47:2:47:Infinity":17,"s:49:21:49:Infinity":18,"s:50:2:50:Infinity":19,"s:52:20:52:Infinity":20,"s:53:2:53:Infinity":21,"s:55:2:55:Infinity":22},"fnNames":{}}}
,"/home/runner/work/unicornt-store-frontend/unicornt-store-frontend/src/components/ProductDetail/ProductDetail.ts": {"path":"/home/runner/work/unicornt-store-frontend/unicornt-store-frontend/src/components/ProductDetail/ProductDetail.ts","statementMap":{"0":{"start":{"line":7,"column":17},"end":{"line":7,"column":null}},"1":{"start":{"line":8,"column":0},"end":{"line":8,"column":null}},"2":{"start":{"line":11,"column":2},"end":{"line":11,"column":null}},"3":{"start":{"line":15,"column":23},"end":{"line":15,"column":null}},"4":{"start":{"line":17,"column":2},"end":{"line":19,"column":null}},"5":{"start":{"line":18,"column":4},"end":{"line":18,"column":null}},"6":{"start":{"line":21,"column":2},"end":{"line":21,"column":null}},"7":{"start":{"line":34,"column":17},"end":{"line":34,"column":null}},"8":{"start":{"line":36,"column":16},"end":{"line":36,"column":null}},"9":{"start":{"line":37,"column":2},"end":{"line":37,"column":null}},"10":{"start":{"line":38,"column":2},"end":{"line":38,"column":null}},"11":{"start":{"line":40,"column":19},"end":{"line":40,"column":null}},"12":{"start":{"line":41,"column":2},"end":{"line":41,"column":null}},"13":{"start":{"line":42,"column":2},"end":{"line":42,"column":null}},"14":{"start":{"line":44,"column":2},"end":{"line":44,"column":null}},"15":{"start":{"line":46,"column":2},"end":{"line":46,"column":null}},"16":{"start":{"line":48,"column":2},"end":{"line":48,"column":null}},"17":{"start":{"line":50,"column":19},"end":{"line":50,"column":null}},"18":{"start":{"line":51,"column":2},"end":{"line":51,"column":null}},"19":{"start":{"line":52,"column":2},"end":{"line":52,"column":null}},"20":{"start":{"line":53,"column":2},"end":{"line":53,"column":null}},"21":{"start":{"line":55,"column":2},"end":{"line":55,"column":null}}},"fnMap":{"0":{"name":"categoryBadgeClass","decl":{"start":{"line":10,"column":9},"end":{"line":10,"column":28}},"loc":{"start":{"line":10,"column":83},"end":{"line":12,"column":null}},"line":10},"1":{"name":"cloneProductDetailTemplate","decl":{"start":{"line":14,"column":9},"end":{"line":14,"column":56}},"loc":{"start":{"line":14,"column":56},"end":{"line":22,"column":null}},"line":14},"2":{"name":"createProductDetail","decl":{"start":{"line":33,"column":16},"end":{"line":33,"column":36}},"loc":{"start":{"line":33,"column":77},"end":{"line":56,"column":null}},"line":33}},"branchMap":{"0":{"loc":{"start":{"line":11,"column":9},"end":{"line":11,"column":null}},"type":"cond-expr","locations":[{"start":{"line":11,"column":41},"end":{"line":11,"column":58}},{"start":{"line":11,"column":58},"end":{"line":11,"column":null}}],"line":11},"1":{"loc":{"start":{"line":17,"column":2},"end":{"line":19,"column":null}},"type":"if","locations":[{"start":{"line":17,"column":2},"end":{"line":19,"column":null}},{"start":{},"end":{}}],"line":17}},"s":{"0":3,"1":3,"2":8,"3":8,"4":8,"5":0,"6":8,"7":8,"8":8,"9":8,"10":8,"11":8,"12":8,"13":8,"14":8,"15":8,"16":8,"17":8,"18":8,"19":8,"20":8,"21":8},"f":{"0":8,"1":8,"2":8},"b":{"0":[8,0],"1":[0,8]},"meta":{"lastBranch":2,"lastFunction":3,"lastStatement":22,"seen":{"s:7:17:7:Infinity":0,"s:8:0:8:Infinity":1,"f:10:9:10:28":0,"s:11:2:11:Infinity":2,"b:11:41:11:58:11:58:11:Infinity":0,"f:14:9:14:56":1,"s:15:23:15:Infinity":3,"b:17:2:19:Infinity:undefined:undefined:undefined:undefined":1,"s:17:2:19:Infinity":4,"s:18:4:18:Infinity":5,"s:21:2:21:Infinity":6,"f:33:16:33:36":2,"s:34:17:34:Infinity":7,"s:36:16:36:Infinity":8,"s:37:2:37:Infinity":9,"s:38:2:38:Infinity":10,"s:40:19:40:Infinity":11,"s:41:2:41:Infinity":12,"s:42:2:42:Infinity":13,"s:44:2:44:Infinity":14,"s:46:2:46:Infinity":15,"s:48:2:48:Infinity":16,"s:50:19:50:Infinity":17,"s:51:2:51:Infinity":18,"s:52:2:52:Infinity":19,"s:53:2:53:Infinity":20,"s:55:2:55:Infinity":21},"fnNames":{}}}
,"/home/runner/work/unicornt-store-frontend/unicornt-store-frontend/src/components/Toast/Toast.ts": {"path":"/home/runner/work/unicornt-store-frontend/unicornt-store-frontend/src/components/Toast/Toast.ts","statementMap":{"0":{"start":{"line":4,"column":23},"end":{"line":4,"column":null}},"1":{"start":{"line":5,"column":31},"end":{"line":5,"column":null}},"2":{"start":{"line":9,"column":18},"end":{"line":9,"column":null}},"3":{"start":{"line":10,"column":20},"end":{"line":10,"column":null}},"4":{"start":{"line":12,"column":2},"end":{"line":12,"column":null}},"5":{"start":{"line":13,"column":2},"end":{"line":13,"column":null}}},"fnMap":{"0":{"name":"showToast","decl":{"start":{"line":8,"column":16},"end":{"line":8,"column":26}},"loc":{"start":{"line":8,"column":75},"end":{"line":14,"column":null}},"line":8}},"branchMap":{"0":{"loc":{"start":{"line":8,"column":26},"end":{"line":8,"column":75}},"type":"default-arg","locations":[{"start":{"line":8,"column":36},"end":{"line":8,"column":75}}],"line":8}},"s":{"0":7,"1":7,"2":7,"3":7,"4":7,"5":7},"f":{"0":7},"b":{"0":[7]},"meta":{"lastBranch":1,"lastFunction":1,"lastStatement":6,"seen":{"s:4:23:4:Infinity":0,"s:5:31:5:Infinity":1,"f:8:16:8:26":0,"b:8:36:8:75":0,"s:9:18:9:Infinity":2,"s:10:20:10:Infinity":3,"s:12:2:12:Infinity":4,"s:13:2:13:Infinity":5},"fnNames":{}}}
,"/home/runner/work/unicornt-store-frontend/unicornt-store-frontend/src/gateways/checkout.gateway.ts": {"path":"/home/runner/work/unicornt-store-frontend/unicornt-store-frontend/src/gateways/checkout.gateway.ts","statementMap":{"0":{"start":{"line":12,"column":52},"end":{"line":14,"column":null}},"1":{"start":{"line":13,"column":27},"end":{"line":13,"column":null}}},"fnMap":{"0":{"name":"(anonymous_0)","decl":{"start":{"line":13,"column":2},"end":{"line":13,"column":15}},"loc":{"start":{"line":13,"column":27},"end":{"line":13,"column":null}},"line":13}},"branchMap":{},"s":{"0":8,"1":5},"f":{"0":5},"b":{},"meta":{"lastBranch":0,"lastFunction":1,"lastStatement":2,"seen":{"s:12:52:14:Infinity":0,"f:13:2:13:15":0,"s:13:27:13:Infinity":1},"fnNames":{}}}
,"/home/runner/work/unicornt-store-frontend/unicornt-store-frontend/src/gateways/product.gateway.ts": {"path":"/home/runner/work/unicornt-store-frontend/unicornt-store-frontend/src/gateways/product.gateway.ts","statementMap":{"0":{"start":{"line":24,"column":50},"end":{"line":29,"column":null}},"1":{"start":{"line":25,"column":24},"end":{"line":25,"column":null}},"2":{"start":{"line":26,"column":23},"end":{"line":26,"column":null}},"3":{"start":{"line":27,"column":27},"end":{"line":27,"column":null}},"4":{"start":{"line":28,"column":18},"end":{"line":28,"column":null}}},"fnMap":{"0":{"name":"(anonymous_0)","decl":{"start":{"line":25,"column":2},"end":{"line":25,"column":9}},"loc":{"start":{"line":25,"column":24},"end":{"line":25,"column":null}},"line":25},"1":{"name":"(anonymous_1)","decl":{"start":{"line":26,"column":2},"end":{"line":26,"column":11}},"loc":{"start":{"line":26,"column":23},"end":{"line":26,"column":null}},"line":26},"2":{"name":"(anonymous_2)","decl":{"start":{"line":27,"column":2},"end":{"line":27,"column":11}},"loc":{"start":{"line":27,"column":27},"end":{"line":27,"column":null}},"line":27},"3":{"name":"(anonymous_3)","decl":{"start":{"line":28,"column":2},"end":{"line":28,"column":11}},"loc":{"start":{"line":28,"column":18},"end":{"line":28,"column":null}},"line":28}},"branchMap":{"0":{"loc":{"start":{"line":25,"column":9},"end":{"line":25,"column":24}},"type":"default-arg","locations":[{"start":{"line":25,"column":17},"end":{"line":25,"column":24}}],"line":25}},"s":{"0":2,"1":7,"2":1,"3":1,"4":1},"f":{"0":7,"1":1,"2":1,"3":1},"b":{"0":[7]},"meta":{"lastBranch":1,"lastFunction":4,"lastStatement":5,"seen":{"s:24:50:29:Infinity":0,"f:25:2:25:9":0,"s:25:24:25:Infinity":1,"b:25:17:25:24":0,"f:26:2:26:11":1,"s:26:23:26:Infinity":2,"f:27:2:27:11":2,"s:27:27:27:Infinity":3,"f:28:2:28:11":3,"s:28:18:28:Infinity":4},"fnNames":{}}}
,"/home/runner/work/unicornt-store-frontend/unicornt-store-frontend/src/lib/button-feedback.ts": {"path":"/home/runner/work/unicornt-store-frontend/unicornt-store-frontend/src/lib/button-feedback.ts","statementMap":{"0":{"start":{"line":11,"column":23},"end":{"line":11,"column":null}},"1":{"start":{"line":12,"column":2},"end":{"line":12,"column":null}},"2":{"start":{"line":13,"column":2},"end":{"line":13,"column":null}},"3":{"start":{"line":14,"column":2},"end":{"line":17,"column":null}},"4":{"start":{"line":15,"column":4},"end":{"line":15,"column":null}},"5":{"start":{"line":16,"column":4},"end":{"line":16,"column":null}}},"fnMap":{"0":{"name":"flashButtonFeedback","decl":{"start":{"line":6,"column":16},"end":{"line":6,"column":null}},"loc":{"start":{"line":10,"column":8},"end":{"line":18,"column":null}},"line":10},"1":{"name":"(anonymous_1)","decl":{"start":{"line":14,"column":9},"end":{"line":14,"column":26}},"loc":{"start":{"line":14,"column":26},"end":{"line":17,"column":5}},"line":14}},"branchMap":{},"s":{"0":5,"1":5,"2":5,"3":5,"4":2,"5":2},"f":{"0":5,"1":2},"b":{},"meta":{"lastBranch":0,"lastFunction":2,"lastStatement":6,"seen":{"f:6:16:6:Infinity":0,"s:11:23:11:Infinity":0,"s:12:2:12:Infinity":1,"s:13:2:13:Infinity":2,"s:14:2:17:Infinity":3,"f:14:9:14:26":1,"s:15:4:15:Infinity":4,"s:16:4:16:Infinity":5},"fnNames":{}}}
,"/home/runner/work/unicornt-store-frontend/unicornt-store-frontend/src/lib/currency.ts": {"path":"/home/runner/work/unicornt-store-frontend/unicornt-store-frontend/src/lib/currency.ts","statementMap":{"0":{"start":{"line":7,"column":2},"end":{"line":7,"column":null}}},"fnMap":{"0":{"name":"formatPrice","decl":{"start":{"line":6,"column":16},"end":{"line":6,"column":28}},"loc":{"start":{"line":6,"column":52},"end":{"line":8,"column":null}},"line":6}},"branchMap":{},"s":{"0":60},"f":{"0":60},"b":{},"meta":{"lastBranch":0,"lastFunction":1,"lastStatement":1,"seen":{"f:6:16:6:28":0,"s:7:2:7:Infinity":0},"fnNames":{}}}
,"/home/runner/work/unicornt-store-frontend/unicornt-store-frontend/src/lib/dom.ts": {"path":"/home/runner/work/unicornt-store-frontend/unicornt-store-frontend/src/lib/dom.ts","statementMap":{"0":{"start":{"line":12,"column":4},"end":{"line":12,"column":null}},"1":{"start":{"line":13,"column":4},"end":{"line":13,"column":null}},"2":{"start":{"line":19,"column":4},"end":{"line":19,"column":null}},"3":{"start":{"line":20,"column":4},"end":{"line":20,"column":null}},"4":{"start":{"line":33,"column":2},"end":{"line":33,"column":null}},"5":{"start":{"line":38,"column":18},"end":{"line":38,"column":null}},"6":{"start":{"line":39,"column":2},"end":{"line":41,"column":null}},"7":{"start":{"line":40,"column":4},"end":{"line":40,"column":null}},"8":{"start":{"line":42,"column":2},"end":{"line":42,"column":null}},"9":{"start":{"line":55,"column":2},"end":{"line":57,"column":null}},"10":{"start":{"line":56,"column":4},"end":{"line":56,"column":null}},"11":{"start":{"line":66,"column":18},"end":{"line":66,"column":null}},"12":{"start":{"line":67,"column":2},"end":{"line":67,"column":null}},"13":{"start":{"line":68,"column":2},"end":{"line":68,"column":null}},"14":{"start":{"line":81,"column":2},"end":{"line":83,"column":null}},"15":{"start":{"line":82,"column":4},"end":{"line":82,"column":null}},"16":{"start":{"line":84,"column":2},"end":{"line":84,"column":null}},"17":{"start":{"line":94,"column":2},"end":{"line":94,"column":null}},"18":{"start":{"line":95,"column":14},"end":{"line":95,"column":null}},"19":{"start":{"line":96,"column":13},"end":{"line":96,"column":null}},"20":{"start":{"line":97,"column":2},"end":{"line":101,"column":null}},"21":{"start":{"line":98,"column":4},"end":{"line":100,"column":null}},"22":{"start":{"line":102,"column":2},"end":{"line":102,"column":null}}},"fnMap":{"0":{"name":"constructor","decl":{"start":{"line":11,"column":2},"end":{"line":11,"column":14}},"loc":{"start":{"line":11,"column":32},"end":{"line":14,"column":null}},"line":11},"1":{"name":"constructor_2","decl":{"start":{"line":18,"column":2},"end":{"line":18,"column":14}},"loc":{"start":{"line":18,"column":50},"end":{"line":21,"column":null}},"line":18},"2":{"name":"queryElement","decl":{"start":{"line":32,"column":16},"end":{"line":32,"column":29}},"loc":{"start":{"line":32,"column":95},"end":{"line":34,"column":null}},"line":32},"3":{"name":"requireElement","decl":{"start":{"line":37,"column":16},"end":{"line":37,"column":31}},"loc":{"start":{"line":37,"column":90},"end":{"line":43,"column":null}},"line":37},"4":{"name":"assertElementType","decl":{"start":{"line":50,"column":16},"end":{"line":50,"column":null}},"loc":{"start":{"line":54,"column":24},"end":{"line":58,"column":null}},"line":54},"5":{"name":"requireElementOfType","decl":{"start":{"line":61,"column":16},"end":{"line":61,"column":null}},"loc":{"start":{"line":65,"column":5},"end":{"line":69,"column":null}},"line":65},"6":{"name":"closestFromEventTarget","decl":{"start":{"line":77,"column":16},"end":{"line":77,"column":null}},"loc":{"start":{"line":80,"column":18},"end":{"line":85,"column":null}},"line":80},"7":{"name":"requireDataId","decl":{"start":{"line":93,"column":16},"end":{"line":93,"column":30}},"loc":{"start":{"line":93,"column":56},"end":{"line":103,"column":null}},"line":93}},"branchMap":{"0":{"loc":{"start":{"line":32,"column":47},"end":{"line":32,"column":95}},"type":"default-arg","locations":[{"start":{"line":32,"column":69},"end":{"line":32,"column":95}}],"line":32},"1":{"loc":{"start":{"line":37,"column":49},"end":{"line":37,"column":90}},"type":"default-arg","locations":[{"start":{"line":37,"column":71},"end":{"line":37,"column":90}}],"line":37},"2":{"loc":{"start":{"line":39,"column":2},"end":{"line":41,"column":null}},"type":"if","locations":[{"start":{"line":39,"column":2},"end":{"line":41,"column":null}},{"start":{},"end":{}}],"line":39},"3":{"loc":{"start":{"line":55,"column":2},"end":{"line":57,"column":null}},"type":"if","locations":[{"start":{"line":55,"column":2},"end":{"line":57,"column":null}},{"start":{},"end":{}}],"line":55},"4":{"loc":{"start":{"line":64,"column":2},"end":{"line":64,"column":null}},"type":"default-arg","locations":[{"start":{"line":64,"column":24},"end":{"line":64,"column":null}}],"line":64},"5":{"loc":{"start":{"line":81,"column":2},"end":{"line":83,"column":null}},"type":"if","locations":[{"start":{"line":81,"column":2},"end":{"line":83,"column":null}},{"start":{},"end":{}}],"line":81},"6":{"loc":{"start":{"line":96,"column":13},"end":{"line":96,"column":null}},"type":"cond-expr","locations":[{"start":{"line":96,"column":33},"end":{"line":96,"column":46}},{"start":{"line":96,"column":46},"end":{"line":96,"column":null}}],"line":96},"7":{"loc":{"start":{"line":97,"column":2},"end":{"line":101,"column":null}},"type":"if","locations":[{"start":{"line":97,"column":2},"end":{"line":101,"column":null}},{"start":{},"end":{}}],"line":97},"8":{"loc":{"start":{"line":99,"column":69},"end":{"line":99,"column":79}},"type":"binary-expr","locations":[{"start":{"line":99,"column":69},"end":{"line":99,"column":76}},{"start":{"line":99,"column":76},"end":{"line":99,"column":79}}],"line":99}},"s":{"0":7,"1":7,"2":3,"3":3,"4":799,"5":795,"6":795,"7":7,"8":788,"9":538,"10":3,"11":525,"12":525,"13":525,"14":14,"15":2,"16":12,"17":11,"18":11,"19":11,"20":11,"21":2,"22":8},"f":{"0":7,"1":3,"2":799,"3":795,"4":538,"5":525,"6":14,"7":11},"b":{"0":[799],"1":[795],"2":[7,788],"3":[3,535],"4":[525],"5":[2,12],"6":[1,9],"7":[2,9],"8":[2,1]},"meta":{"lastBranch":9,"lastFunction":8,"lastStatement":23,"seen":{"f:11:2:11:14":0,"s:12:4:12:Infinity":0,"s:13:4:13:Infinity":1,"f:18:2:18:14":1,"s:19:4:19:Infinity":2,"s:20:4:20:Infinity":3,"f:32:16:32:29":2,"b:32:69:32:95":0,"s:33:2:33:Infinity":4,"f:37:16:37:31":3,"b:37:71:37:90":1,"s:38:18:38:Infinity":5,"b:39:2:41:Infinity:undefined:undefined:undefined:undefined":2,"s:39:2:41:Infinity":6,"s:40:4:40:Infinity":7,"s:42:2:42:Infinity":8,"f:50:16:50:Infinity":4,"b:55:2:57:Infinity:undefined:undefined:undefined:undefined":3,"s:55:2:57:Infinity":9,"s:56:4:56:Infinity":10,"f:61:16:61:Infinity":5,"b:64:24:64:Infinity":4,"s:66:18:66:Infinity":11,"s:67:2:67:Infinity":12,"s:68:2:68:Infinity":13,"f:77:16:77:Infinity":6,"b:81:2:83:Infinity:undefined:undefined:undefined:undefined":5,"s:81:2:83:Infinity":14,"s:82:4:82:Infinity":15,"s:84:2:84:Infinity":16,"f:93:16:93:30":7,"s:94:2:94:Infinity":17,"s:95:14:95:Infinity":18,"s:96:13:96:Infinity":19,"b:96:33:96:46:96:46:96:Infinity":6,"b:97:2:101:Infinity:undefined:undefined:undefined:undefined":7,"s:97:2:101:Infinity":20,"s:98:4:100:Infinity":21,"b:99:69:99:76:99:76:99:79":8,"s:102:2:102:Infinity":22},"fnNames":{}}}
,"/home/runner/work/unicornt-store-frontend/unicornt-store-frontend/src/lib/form.ts": {"path":"/home/runner/work/unicornt-store-frontend/unicornt-store-frontend/src/lib/form.ts","statementMap":{"0":{"start":{"line":7,"column":16},"end":{"line":7,"column":null}},"1":{"start":{"line":8,"column":2},"end":{"line":10,"column":null}},"2":{"start":{"line":9,"column":4},"end":{"line":9,"column":null}},"3":{"start":{"line":11,"column":2},"end":{"line":11,"column":null}}},"fnMap":{"0":{"name":"requireFormStringField","decl":{"start":{"line":6,"column":16},"end":{"line":6,"column":39}},"loc":{"start":{"line":6,"column":81},"end":{"line":12,"column":null}},"line":6}},"branchMap":{"0":{"loc":{"start":{"line":8,"column":2},"end":{"line":10,"column":null}},"type":"if","locations":[{"start":{"line":8,"column":2},"end":{"line":10,"column":null}},{"start":{},"end":{}}],"line":8}},"s":{"0":35,"1":35,"2":3,"3":32},"f":{"0":35},"b":{"0":[3,32]},"meta":{"lastBranch":1,"lastFunction":1,"lastStatement":4,"seen":{"f:6:16:6:39":0,"s:7:16:7:Infinity":0,"b:8:2:10:Infinity:undefined:undefined:undefined:undefined":0,"s:8:2:10:Infinity":1,"s:9:4:9:Infinity":2,"s:11:2:11:Infinity":3},"fnNames":{}}}
,"/home/runner/work/unicornt-store-frontend/unicornt-store-frontend/src/lib/quantity.ts": {"path":"/home/runner/work/unicornt-store-frontend/unicornt-store-frontend/src/lib/quantity.ts","statementMap":{"0":{"start":{"line":1,"column":28},"end":{"line":1,"column":null}},"1":{"start":{"line":2,"column":28},"end":{"line":2,"column":null}},"2":{"start":{"line":6,"column":2},"end":{"line":8,"column":null}},"3":{"start":{"line":7,"column":4},"end":{"line":7,"column":null}},"4":{"start":{"line":9,"column":2},"end":{"line":9,"column":null}},"5":{"start":{"line":23,"column":2},"end":{"line":23,"column":null}}},"fnMap":{"0":{"name":"clampQuantity","decl":{"start":{"line":5,"column":16},"end":{"line":5,"column":30}},"loc":{"start":{"line":5,"column":93},"end":{"line":10,"column":null}},"line":5},"1":{"name":"parseQuantityInput","decl":{"start":{"line":18,"column":16},"end":{"line":18,"column":null}},"loc":{"start":{"line":22,"column":10},"end":{"line":24,"column":null}},"line":22}},"branchMap":{"0":{"loc":{"start":{"line":5,"column":45},"end":{"line":5,"column":65}},"type":"default-arg","locations":[{"start":{"line":5,"column":51},"end":{"line":5,"column":65}}],"line":5},"1":{"loc":{"start":{"line":5,"column":65},"end":{"line":5,"column":93}},"type":"default-arg","locations":[{"start":{"line":5,"column":71},"end":{"line":5,"column":93}}],"line":5},"2":{"loc":{"start":{"line":6,"column":2},"end":{"line":8,"column":null}},"type":"if","locations":[{"start":{"line":6,"column":2},"end":{"line":8,"column":null}},{"start":{},"end":{}}],"line":6},"3":{"loc":{"start":{"line":20,"column":2},"end":{"line":20,"column":null}},"type":"default-arg","locations":[{"start":{"line":20,"column":8},"end":{"line":20,"column":null}}],"line":20},"4":{"loc":{"start":{"line":21,"column":2},"end":{"line":21,"column":null}},"type":"default-arg","locations":[{"start":{"line":21,"column":8},"end":{"line":21,"column":null}}],"line":21}},"s":{"0":8,"1":8,"2":224,"3":3,"4":221,"5":113},"f":{"0":224,"1":113},"b":{"0":[224],"1":[224],"2":[3,221],"3":[113],"4":[113]},"meta":{"lastBranch":5,"lastFunction":2,"lastStatement":6,"seen":{"s:1:28:1:Infinity":0,"s:2:28:2:Infinity":1,"f:5:16:5:30":0,"b:5:51:5:65":0,"b:5:71:5:93":1,"b:6:2:8:Infinity:undefined:undefined:undefined:undefined":2,"s:6:2:8:Infinity":2,"s:7:4:7:Infinity":3,"s:9:2:9:Infinity":4,"f:18:16:18:Infinity":1,"b:20:8:20:Infinity":3,"b:21:8:21:Infinity":4,"s:23:2:23:Infinity":5},"fnNames":{}}}
,"/home/runner/work/unicornt-store-frontend/unicornt-store-frontend/src/models/auth.dto.ts": {"path":"/home/runner/work/unicornt-store-frontend/unicornt-store-frontend/src/models/auth.dto.ts","statementMap":{"0":{"start":{"line":19,"column":2},"end":{"line":19,"column":null}},"1":{"start":{"line":23,"column":2},"end":{"line":25,"column":null}},"2":{"start":{"line":24,"column":4},"end":{"line":24,"column":null}},"3":{"start":{"line":26,"column":12},"end":{"line":26,"column":null}},"4":{"start":{"line":27,"column":2},"end":{"line":28,"column":null}},"5":{"start":{"line":33,"column":2},"end":{"line":35,"column":null}},"6":{"start":{"line":34,"column":4},"end":{"line":34,"column":null}},"7":{"start":{"line":36,"column":12},"end":{"line":36,"column":null}},"8":{"start":{"line":37,"column":2},"end":{"line":44,"column":null}},"9":{"start":{"line":50,"column":2},"end":{"line":56,"column":null}}},"fnMap":{"0":{"name":"isNonEmptyString","decl":{"start":{"line":18,"column":9},"end":{"line":18,"column":26}},"loc":{"start":{"line":18,"column":59},"end":{"line":20,"column":null}},"line":18},"1":{"name":"isTokenDto","decl":{"start":{"line":22,"column":16},"end":{"line":22,"column":27}},"loc":{"start":{"line":22,"column":62},"end":{"line":30,"column":null}},"line":22},"2":{"name":"isAccountDto","decl":{"start":{"line":32,"column":16},"end":{"line":32,"column":29}},"loc":{"start":{"line":32,"column":66},"end":{"line":46,"column":null}},"line":32},"3":{"name":"toAuthUser","decl":{"start":{"line":49,"column":16},"end":{"line":49,"column":27}},"loc":{"start":{"line":49,"column":54},"end":{"line":57,"column":null}},"line":49}},"branchMap":{"0":{"loc":{"start":{"line":19,"column":9},"end":{"line":19,"column":null}},"type":"binary-expr","locations":[{"start":{"line":19,"column":9},"end":{"line":19,"column":38}},{"start":{"line":19,"column":38},"end":{"line":19,"column":null}}],"line":19},"1":{"loc":{"start":{"line":23,"column":2},"end":{"line":25,"column":null}},"type":"if","locations":[{"start":{"line":23,"column":2},"end":{"line":25,"column":null}},{"start":{},"end":{}}],"line":23},"2":{"loc":{"start":{"line":23,"column":6},"end":{"line":23,"column":51}},"type":"binary-expr","locations":[{"start":{"line":23,"column":6},"end":{"line":23,"column":35}},{"start":{"line":23,"column":35},"end":{"line":23,"column":51}}],"line":23},"3":{"loc":{"start":{"line":28,"column":4},"end":{"line":28,"column":null}},"type":"binary-expr","locations":[{"start":{"line":28,"column":4},"end":{"line":28,"column":33}},{"start":{"line":28,"column":33},"end":{"line":28,"column":68}},{"start":{"line":28,"column":68},"end":{"line":28,"column":null}}],"line":28},"4":{"loc":{"start":{"line":33,"column":2},"end":{"line":35,"column":null}},"type":"if","locations":[{"start":{"line":33,"column":2},"end":{"line":35,"column":null}},{"start":{},"end":{}}],"line":33},"5":{"loc":{"start":{"line":33,"column":6},"end":{"line":33,"column":51}},"type":"binary-expr","locations":[{"start":{"line":33,"column":6},"end":{"line":33,"column":35}},{"start":{"line":33,"column":35},"end":{"line":33,"column":51}}],"line":33},"6":{"loc":{"start":{"line":38,"column":4},"end":{"line":44,"column":null}},"type":"binary-expr","locations":[{"start":{"line":38,"column":4},"end":{"line":38,"column":null}},{"start":{"line":39,"column":4},"end":{"line":39,"column":null}},{"start":{"line":40,"column":4},"end":{"line":40,"column":null}},{"start":{"line":41,"column":4},"end":{"line":41,"column":null}},{"start":{"line":42,"column":4},"end":{"line":42,"column":null}},{"start":{"line":43,"column":4},"end":{"line":43,"column":null}},{"start":{"line":44,"column":4},"end":{"line":44,"column":null}}],"line":38}},"s":{"0":30,"1":9,"2":1,"3":8,"4":8,"5":10,"6":1,"7":9,"8":9,"9":3},"f":{"0":30,"1":9,"2":10,"3":3},"b":{"0":[30,29],"1":[1,8],"2":[9,9],"3":[8,6,4],"4":[1,9],"5":[10,9],"6":[9,7,6,6,6,5,4]},"meta":{"lastBranch":7,"lastFunction":4,"lastStatement":10,"seen":{"f:18:9:18:26":0,"s:19:2:19:Infinity":0,"b:19:9:19:38:19:38:19:Infinity":0,"f:22:16:22:27":1,"b:23:2:25:Infinity:undefined:undefined:undefined:undefined":1,"s:23:2:25:Infinity":1,"b:23:6:23:35:23:35:23:51":2,"s:24:4:24:Infinity":2,"s:26:12:26:Infinity":3,"s:27:2:28:Infinity":4,"b:28:4:28:33:28:33:28:68:28:68:28:Infinity":3,"f:32:16:32:29":2,"b:33:2:35:Infinity:undefined:undefined:undefined:undefined":4,"s:33:2:35:Infinity":5,"b:33:6:33:35:33:35:33:51":5,"s:34:4:34:Infinity":6,"s:36:12:36:Infinity":7,"s:37:2:44:Infinity":8,"b:38:4:38:Infinity:39:4:39:Infinity:40:4:40:Infinity:41:4:41:Infinity:42:4:42:Infinity:43:4:43:Infinity:44:4:44:Infinity":6,"f:49:16:49:27":3,"s:50:2:56:Infinity":9},"fnNames":{}}}
,"/home/runner/work/unicornt-store-frontend/unicornt-store-frontend/src/models/auth.model.ts": {"path":"/home/runner/work/unicornt-store-frontend/unicornt-store-frontend/src/models/auth.model.ts","statementMap":{"0":{"start":{"line":24,"column":26},"end":{"line":24,"column":null}},"1":{"start":{"line":27,"column":2},"end":{"line":27,"column":null}},"2":{"start":{"line":31,"column":2},"end":{"line":31,"column":null}}},"fnMap":{"0":{"name":"isAdmin","decl":{"start":{"line":26,"column":16},"end":{"line":26,"column":24}},"loc":{"start":{"line":26,"column":49},"end":{"line":28,"column":null}},"line":26},"1":{"name":"fullName","decl":{"start":{"line":30,"column":16},"end":{"line":30,"column":25}},"loc":{"start":{"line":30,"column":49},"end":{"line":32,"column":null}},"line":30}},"branchMap":{},"s":{"0":1,"1":5,"2":0},"f":{"0":5,"1":0},"b":{},"meta":{"lastBranch":0,"lastFunction":2,"lastStatement":3,"seen":{"s:24:26:24:Infinity":0,"f:26:16:26:24":0,"s:27:2:27:Infinity":1,"f:30:16:30:25":1,"s:31:2:31:Infinity":2},"fnNames":{}}}
,"/home/runner/work/unicornt-store-frontend/unicornt-store-frontend/src/models/cart.dto.ts": {"path":"/home/runner/work/unicornt-store-frontend/unicornt-store-frontend/src/models/cart.dto.ts","statementMap":{"0":{"start":{"line":31,"column":2},"end":{"line":31,"column":null}},"1":{"start":{"line":35,"column":2},"end":{"line":35,"column":null}},"2":{"start":{"line":39,"column":2},"end":{"line":41,"column":null}},"3":{"start":{"line":40,"column":4},"end":{"line":40,"column":null}},"4":{"start":{"line":42,"column":15},"end":{"line":42,"column":null}},"5":{"start":{"line":43,"column":2},"end":{"line":49,"column":null}},"6":{"start":{"line":54,"column":2},"end":{"line":56,"column":null}},"7":{"start":{"line":55,"column":4},"end":{"line":55,"column":null}},"8":{"start":{"line":57,"column":15},"end":{"line":57,"column":null}},"9":{"start":{"line":58,"column":2},"end":{"line":62,"column":null}},"10":{"start":{"line":72,"column":33},"end":{"line":75,"column":null}},"11":{"start":{"line":72,"column":58},"end":{"line":75,"column":4}},"12":{"start":{"line":76,"column":2},"end":{"line":76,"column":null}},"13":{"start":{"line":81,"column":2},"end":{"line":81,"column":null}},"14":{"start":{"line":81,"column":35},"end":{"line":81,"column":78}}},"fnMap":{"0":{"name":"isPositiveInteger","decl":{"start":{"line":30,"column":9},"end":{"line":30,"column":27}},"loc":{"start":{"line":30,"column":60},"end":{"line":32,"column":null}},"line":30},"1":{"name":"isNonNegativeNumber","decl":{"start":{"line":34,"column":9},"end":{"line":34,"column":29}},"loc":{"start":{"line":34,"column":62},"end":{"line":36,"column":null}},"line":34},"2":{"name":"isCartItemDto","decl":{"start":{"line":38,"column":16},"end":{"line":38,"column":30}},"loc":{"start":{"line":38,"column":68},"end":{"line":51,"column":null}},"line":38},"3":{"name":"isCartDto","decl":{"start":{"line":53,"column":16},"end":{"line":53,"column":26}},"loc":{"start":{"line":53,"column":60},"end":{"line":64,"column":null}},"line":53},"4":{"name":"toCartModel","decl":{"start":{"line":71,"column":16},"end":{"line":71,"column":28}},"loc":{"start":{"line":71,"column":53},"end":{"line":77,"column":null}},"line":71},"5":{"name":"(anonymous_5)","decl":{"start":{"line":72,"column":43},"end":{"line":72,"column":48}},"loc":{"start":{"line":72,"column":58},"end":{"line":75,"column":4}},"line":72},"6":{"name":"toMergeItems","decl":{"start":{"line":80,"column":16},"end":{"line":80,"column":29}},"loc":{"start":{"line":80,"column":84},"end":{"line":82,"column":null}},"line":80},"7":{"name":"(anonymous_7)","decl":{"start":{"line":81,"column":20},"end":{"line":81,"column":25}},"loc":{"start":{"line":81,"column":35},"end":{"line":81,"column":78}},"line":81}},"branchMap":{"0":{"loc":{"start":{"line":31,"column":9},"end":{"line":31,"column":null}},"type":"binary-expr","locations":[{"start":{"line":31,"column":9},"end":{"line":31,"column":38}},{"start":{"line":31,"column":38},"end":{"line":31,"column":65}},{"start":{"line":31,"column":65},"end":{"line":31,"column":null}}],"line":31},"1":{"loc":{"start":{"line":35,"column":9},"end":{"line":35,"column":null}},"type":"binary-expr","locations":[{"start":{"line":35,"column":9},"end":{"line":35,"column":38}},{"start":{"line":35,"column":38},"end":{"line":35,"column":64}},{"start":{"line":35,"column":64},"end":{"line":35,"column":null}}],"line":35},"2":{"loc":{"start":{"line":39,"column":2},"end":{"line":41,"column":null}},"type":"if","locations":[{"start":{"line":39,"column":2},"end":{"line":41,"column":null}},{"start":{},"end":{}}],"line":39},"3":{"loc":{"start":{"line":39,"column":6},"end":{"line":39,"column":51}},"type":"binary-expr","locations":[{"start":{"line":39,"column":6},"end":{"line":39,"column":35}},{"start":{"line":39,"column":35},"end":{"line":39,"column":51}}],"line":39},"4":{"loc":{"start":{"line":44,"column":4},"end":{"line":49,"column":null}},"type":"binary-expr","locations":[{"start":{"line":44,"column":4},"end":{"line":44,"column":null}},{"start":{"line":45,"column":4},"end":{"line":45,"column":null}},{"start":{"line":46,"column":4},"end":{"line":46,"column":null}},{"start":{"line":47,"column":4},"end":{"line":47,"column":null}},{"start":{"line":48,"column":4},"end":{"line":48,"column":null}},{"start":{"line":49,"column":4},"end":{"line":49,"column":null}}],"line":44},"5":{"loc":{"start":{"line":54,"column":2},"end":{"line":56,"column":null}},"type":"if","locations":[{"start":{"line":54,"column":2},"end":{"line":56,"column":null}},{"start":{},"end":{}}],"line":54},"6":{"loc":{"start":{"line":54,"column":6},"end":{"line":54,"column":51}},"type":"binary-expr","locations":[{"start":{"line":54,"column":6},"end":{"line":54,"column":35}},{"start":{"line":54,"column":35},"end":{"line":54,"column":51}}],"line":54},"7":{"loc":{"start":{"line":59,"column":4},"end":{"line":62,"column":null}},"type":"binary-expr","locations":[{"start":{"line":59,"column":4},"end":{"line":59,"column":null}},{"start":{"line":60,"column":4},"end":{"line":60,"column":null}},{"start":{"line":61,"column":4},"end":{"line":61,"column":null}},{"start":{"line":62,"column":4},"end":{"line":62,"column":null}}],"line":59}},"s":{"0":19,"1":22,"2":13,"3":2,"4":11,"5":11,"6":11,"7":1,"8":10,"9":10,"10":5,"11":3,"12":5,"13":6,"14":6},"f":{"0":19,"1":22,"2":13,"3":11,"4":5,"5":3,"6":6,"7":6},"b":{"0":[19,19,18],"1":[22,21,21],"2":[2,11],"3":[13,12],"4":[11,8,6,5,5,5],"5":[1,10],"6":[11,11],"7":[10,8,6,6]},"meta":{"lastBranch":8,"lastFunction":8,"lastStatement":15,"seen":{"f:30:9:30:27":0,"s:31:2:31:Infinity":0,"b:31:9:31:38:31:38:31:65:31:65:31:Infinity":0,"f:34:9:34:29":1,"s:35:2:35:Infinity":1,"b:35:9:35:38:35:38:35:64:35:64:35:Infinity":1,"f:38:16:38:30":2,"b:39:2:41:Infinity:undefined:undefined:undefined:undefined":2,"s:39:2:41:Infinity":2,"b:39:6:39:35:39:35:39:51":3,"s:40:4:40:Infinity":3,"s:42:15:42:Infinity":4,"s:43:2:49:Infinity":5,"b:44:4:44:Infinity:45:4:45:Infinity:46:4:46:Infinity:47:4:47:Infinity:48:4:48:Infinity:49:4:49:Infinity":4,"f:53:16:53:26":3,"b:54:2:56:Infinity:undefined:undefined:undefined:undefined":5,"s:54:2:56:Infinity":6,"b:54:6:54:35:54:35:54:51":6,"s:55:4:55:Infinity":7,"s:57:15:57:Infinity":8,"s:58:2:62:Infinity":9,"b:59:4:59:Infinity:60:4:60:Infinity:61:4:61:Infinity:62:4:62:Infinity":7,"f:71:16:71:28":4,"s:72:33:75:Infinity":10,"f:72:43:72:48":5,"s:72:58:75:4":11,"s:76:2:76:Infinity":12,"f:80:16:80:29":6,"s:81:2:81:Infinity":13,"f:81:20:81:25":7,"s:81:35:81:78":14},"fnNames":{}}}
,"/home/runner/work/unicornt-store-frontend/unicornt-store-frontend/src/models/cart.model.ts": {"path":"/home/runner/work/unicornt-store-frontend/unicornt-store-frontend/src/models/cart.model.ts","statementMap":{"0":{"start":{"line":24,"column":37},"end":{"line":24,"column":null}},"1":{"start":{"line":27,"column":2},"end":{"line":27,"column":null}},"2":{"start":{"line":31,"column":2},"end":{"line":33,"column":null}},"3":{"start":{"line":32,"column":4},"end":{"line":32,"column":null}},"4":{"start":{"line":34,"column":20},"end":{"line":34,"column":null}},"5":{"start":{"line":35,"column":2},"end":{"line":35,"column":null}},"6":{"start":{"line":39,"column":2},"end":{"line":39,"column":null}}},"fnMap":{"0":{"name":"isFinitePositiveInteger","decl":{"start":{"line":26,"column":9},"end":{"line":26,"column":33}},"loc":{"start":{"line":26,"column":66},"end":{"line":28,"column":null}},"line":26},"1":{"name":"isCartItemModel","decl":{"start":{"line":30,"column":16},"end":{"line":30,"column":32}},"loc":{"start":{"line":30,"column":72},"end":{"line":36,"column":null}},"line":30},"2":{"name":"isCartItemModelArray","decl":{"start":{"line":38,"column":16},"end":{"line":38,"column":37}},"loc":{"start":{"line":38,"column":79},"end":{"line":40,"column":null}},"line":38}},"branchMap":{"0":{"loc":{"start":{"line":27,"column":9},"end":{"line":27,"column":null}},"type":"binary-expr","locations":[{"start":{"line":27,"column":9},"end":{"line":27,"column":38}},{"start":{"line":27,"column":38},"end":{"line":27,"column":65}},{"start":{"line":27,"column":65},"end":{"line":27,"column":null}}],"line":27},"1":{"loc":{"start":{"line":31,"column":2},"end":{"line":33,"column":null}},"type":"if","locations":[{"start":{"line":31,"column":2},"end":{"line":33,"column":null}},{"start":{},"end":{}}],"line":31},"2":{"loc":{"start":{"line":31,"column":6},"end":{"line":31,"column":51}},"type":"binary-expr","locations":[{"start":{"line":31,"column":6},"end":{"line":31,"column":35}},{"start":{"line":31,"column":35},"end":{"line":31,"column":51}}],"line":31},"3":{"loc":{"start":{"line":35,"column":9},"end":{"line":35,"column":null}},"type":"binary-expr","locations":[{"start":{"line":35,"column":9},"end":{"line":35,"column":50}},{"start":{"line":35,"column":50},"end":{"line":35,"column":null}}],"line":35},"4":{"loc":{"start":{"line":39,"column":9},"end":{"line":39,"column":null}},"type":"binary-expr","locations":[{"start":{"line":39,"column":9},"end":{"line":39,"column":33}},{"start":{"line":39,"column":33},"end":{"line":39,"column":null}}],"line":39}},"s":{"0":16,"1":83,"2":45,"3":2,"4":43,"5":43,"6":41},"f":{"0":83,"1":45,"2":41},"b":{"0":[83,81,80],"1":[2,43],"2":[45,44],"3":[43,40],"4":[41,39]},"meta":{"lastBranch":5,"lastFunction":3,"lastStatement":7,"seen":{"s:24:37:24:Infinity":0,"f:26:9:26:33":0,"s:27:2:27:Infinity":1,"b:27:9:27:38:27:38:27:65:27:65:27:Infinity":0,"f:30:16:30:32":1,"b:31:2:33:Infinity:undefined:undefined:undefined:undefined":1,"s:31:2:33:Infinity":2,"b:31:6:31:35:31:35:31:51":2,"s:32:4:32:Infinity":3,"s:34:20:34:Infinity":4,"s:35:2:35:Infinity":5,"b:35:9:35:50:35:50:35:Infinity":3,"f:38:16:38:37":2,"s:39:2:39:Infinity":6,"b:39:9:39:33:39:33:39:Infinity":4},"fnNames":{}}}
,"/home/runner/work/unicornt-store-frontend/unicornt-store-frontend/src/models/category.dto.ts": {"path":"/home/runner/work/unicornt-store-frontend/unicornt-store-frontend/src/models/category.dto.ts","statementMap":{"0":{"start":{"line":11,"column":2},"end":{"line":11,"column":null}},"1":{"start":{"line":15,"column":2},"end":{"line":17,"column":null}},"2":{"start":{"line":16,"column":4},"end":{"line":16,"column":null}},"3":{"start":{"line":18,"column":12},"end":{"line":18,"column":null}},"4":{"start":{"line":19,"column":2},"end":{"line":24,"column":null}},"5":{"start":{"line":29,"column":2},"end":{"line":29,"column":null}},"6":{"start":{"line":33,"column":2},"end":{"line":33,"column":null}}},"fnMap":{"0":{"name":"isNonEmptyString","decl":{"start":{"line":10,"column":9},"end":{"line":10,"column":26}},"loc":{"start":{"line":10,"column":59},"end":{"line":12,"column":null}},"line":10},"1":{"name":"isCategoryDto","decl":{"start":{"line":14,"column":16},"end":{"line":14,"column":30}},"loc":{"start":{"line":14,"column":68},"end":{"line":26,"column":null}},"line":14},"2":{"name":"isCategoryDtoArray","decl":{"start":{"line":28,"column":16},"end":{"line":28,"column":35}},"loc":{"start":{"line":28,"column":75},"end":{"line":30,"column":null}},"line":28},"3":{"name":"toCategoryModel","decl":{"start":{"line":32,"column":16},"end":{"line":32,"column":32}},"loc":{"start":{"line":32,"column":65},"end":{"line":34,"column":null}},"line":32}},"branchMap":{"0":{"loc":{"start":{"line":11,"column":9},"end":{"line":11,"column":null}},"type":"binary-expr","locations":[{"start":{"line":11,"column":9},"end":{"line":11,"column":38}},{"start":{"line":11,"column":38},"end":{"line":11,"column":null}}],"line":11},"1":{"loc":{"start":{"line":15,"column":2},"end":{"line":17,"column":null}},"type":"if","locations":[{"start":{"line":15,"column":2},"end":{"line":17,"column":null}},{"start":{},"end":{}}],"line":15},"2":{"loc":{"start":{"line":15,"column":6},"end":{"line":15,"column":51}},"type":"binary-expr","locations":[{"start":{"line":15,"column":6},"end":{"line":15,"column":35}},{"start":{"line":15,"column":35},"end":{"line":15,"column":51}}],"line":15},"3":{"loc":{"start":{"line":20,"column":4},"end":{"line":24,"column":null}},"type":"binary-expr","locations":[{"start":{"line":20,"column":4},"end":{"line":20,"column":null}},{"start":{"line":21,"column":4},"end":{"line":21,"column":null}},{"start":{"line":22,"column":4},"end":{"line":22,"column":null}},{"start":{"line":23,"column":4},"end":{"line":23,"column":null}},{"start":{"line":24,"column":4},"end":{"line":24,"column":null}}],"line":20},"4":{"loc":{"start":{"line":29,"column":9},"end":{"line":29,"column":null}},"type":"binary-expr","locations":[{"start":{"line":29,"column":9},"end":{"line":29,"column":33}},{"start":{"line":29,"column":33},"end":{"line":29,"column":null}}],"line":29}},"s":{"0":17,"1":13,"2":2,"3":11,"4":11,"5":6,"6":3},"f":{"0":17,"1":13,"2":6,"3":3},"b":{"0":[17,16],"1":[2,11],"2":[13,12],"3":[11,11,11,9,8],"4":[6,4]},"meta":{"lastBranch":5,"lastFunction":4,"lastStatement":7,"seen":{"f:10:9:10:26":0,"s:11:2:11:Infinity":0,"b:11:9:11:38:11:38:11:Infinity":0,"f:14:16:14:30":1,"b:15:2:17:Infinity:undefined:undefined:undefined:undefined":1,"s:15:2:17:Infinity":1,"b:15:6:15:35:15:35:15:51":2,"s:16:4:16:Infinity":2,"s:18:12:18:Infinity":3,"s:19:2:24:Infinity":4,"b:20:4:20:Infinity:21:4:21:Infinity:22:4:22:Infinity:23:4:23:Infinity:24:4:24:Infinity":3,"f:28:16:28:35":2,"s:29:2:29:Infinity":5,"b:29:9:29:33:29:33:29:Infinity":4,"f:32:16:32:32":3,"s:33:2:33:Infinity":6},"fnNames":{}}}
,"/home/runner/work/unicornt-store-frontend/unicornt-store-frontend/src/models/category.model.ts": {"path":"/home/runner/work/unicornt-store-frontend/unicornt-store-frontend/src/models/category.model.ts","statementMap":{},"fnMap":{},"branchMap":{},"s":{},"f":{},"b":{},"meta":{"lastBranch":0,"lastFunction":0,"lastStatement":0,"seen":{},"fnNames":{}}}
,"/home/runner/work/unicornt-store-frontend/unicornt-store-frontend/src/models/checkout.model.ts": {"path":"/home/runner/work/unicornt-store-frontend/unicornt-store-frontend/src/models/checkout.model.ts","statementMap":{"0":{"start":{"line":7,"column":33},"end":{"line":7,"column":null}},"1":{"start":{"line":11,"column":2},"end":{"line":11,"column":null}},"2":{"start":{"line":45,"column":24},"end":{"line":45,"column":null}},"3":{"start":{"line":46,"column":26},"end":{"line":46,"column":null}},"4":{"start":{"line":50,"column":2},"end":{"line":52,"column":null}},"5":{"start":{"line":51,"column":4},"end":{"line":51,"column":null}},"6":{"start":{"line":53,"column":13},"end":{"line":53,"column":null}},"7":{"start":{"line":54,"column":2},"end":{"line":56,"column":null}},"8":{"start":{"line":55,"column":4},"end":{"line":55,"column":null}},"9":{"start":{"line":57,"column":17},"end":{"line":57,"column":null}},"10":{"start":{"line":58,"column":14},"end":{"line":58,"column":null}},"11":{"start":{"line":59,"column":2},"end":{"line":59,"column":null}},"12":{"start":{"line":64,"column":38},"end":{"line":64,"column":null}},"13":{"start":{"line":66,"column":2},"end":{"line":68,"column":null}},"14":{"start":{"line":67,"column":4},"end":{"line":67,"column":null}},"15":{"start":{"line":69,"column":2},"end":{"line":71,"column":null}},"16":{"start":{"line":70,"column":4},"end":{"line":70,"column":null}},"17":{"start":{"line":72,"column":2},"end":{"line":74,"column":null}},"18":{"start":{"line":73,"column":4},"end":{"line":73,"column":null}},"19":{"start":{"line":75,"column":2},"end":{"line":77,"column":null}},"20":{"start":{"line":76,"column":4},"end":{"line":76,"column":null}},"21":{"start":{"line":78,"column":2},"end":{"line":80,"column":null}},"22":{"start":{"line":79,"column":4},"end":{"line":79,"column":null}},"23":{"start":{"line":82,"column":2},"end":{"line":82,"column":null}},"24":{"start":{"line":86,"column":2},"end":{"line":86,"column":null}}},"fnMap":{"0":{"name":"isCheckoutStatus","decl":{"start":{"line":10,"column":16},"end":{"line":10,"column":33}},"loc":{"start":{"line":10,"column":74},"end":{"line":12,"column":null}},"line":10},"1":{"name":"isPlausibleEmail","decl":{"start":{"line":49,"column":9},"end":{"line":49,"column":26}},"loc":{"start":{"line":49,"column":50},"end":{"line":60,"column":null}},"line":49},"2":{"name":"validateCheckoutInput","decl":{"start":{"line":63,"column":16},"end":{"line":63,"column":38}},"loc":{"start":{"line":63,"column":82},"end":{"line":83,"column":null}},"line":63},"3":{"name":"hasCheckoutErrors","decl":{"start":{"line":85,"column":16},"end":{"line":85,"column":34}},"loc":{"start":{"line":85,"column":72},"end":{"line":87,"column":null}},"line":85}},"branchMap":{"0":{"loc":{"start":{"line":11,"column":9},"end":{"line":11,"column":null}},"type":"binary-expr","locations":[{"start":{"line":11,"column":9},"end":{"line":11,"column":39}},{"start":{"line":11,"column":39},"end":{"line":11,"column":null}}],"line":11},"1":{"loc":{"start":{"line":50,"column":2},"end":{"line":52,"column":null}},"type":"if","locations":[{"start":{"line":50,"column":2},"end":{"line":52,"column":null}},{"start":{},"end":{}}],"line":50},"2":{"loc":{"start":{"line":54,"column":2},"end":{"line":56,"column":null}},"type":"if","locations":[{"start":{"line":54,"column":2},"end":{"line":56,"column":null}},{"start":{},"end":{}}],"line":54},"3":{"loc":{"start":{"line":54,"column":6},"end":{"line":54,"column":42}},"type":"binary-expr","locations":[{"start":{"line":54,"column":6},"end":{"line":54,"column":17}},{"start":{"line":54,"column":17},"end":{"line":54,"column":42}}],"line":54},"4":{"loc":{"start":{"line":59,"column":9},"end":{"line":59,"column":null}},"type":"binary-expr","locations":[{"start":{"line":59,"column":9},"end":{"line":59,"column":20}},{"start":{"line":59,"column":20},"end":{"line":59,"column":null}}],"line":59},"5":{"loc":{"start":{"line":66,"column":2},"end":{"line":68,"column":null}},"type":"if","locations":[{"start":{"line":66,"column":2},"end":{"line":68,"column":null}},{"start":{},"end":{}}],"line":66},"6":{"loc":{"start":{"line":69,"column":2},"end":{"line":71,"column":null}},"type":"if","locations":[{"start":{"line":69,"column":2},"end":{"line":71,"column":null}},{"start":{},"end":{}}],"line":69},"7":{"loc":{"start":{"line":72,"column":2},"end":{"line":74,"column":null}},"type":"if","locations":[{"start":{"line":72,"column":2},"end":{"line":74,"column":null}},{"start":{},"end":{}}],"line":72},"8":{"loc":{"start":{"line":75,"column":2},"end":{"line":77,"column":null}},"type":"if","locations":[{"start":{"line":75,"column":2},"end":{"line":77,"column":null}},{"start":{},"end":{}}],"line":75},"9":{"loc":{"start":{"line":78,"column":2},"end":{"line":80,"column":null}},"type":"if","locations":[{"start":{"line":78,"column":2},"end":{"line":80,"column":null}},{"start":{},"end":{}}],"line":78}},"s":{"0":7,"1":6,"2":7,"3":7,"4":16,"5":1,"6":15,"7":15,"8":3,"9":12,"10":12,"11":12,"12":16,"13":16,"14":4,"15":16,"16":5,"17":16,"18":4,"19":16,"20":3,"21":16,"22":3,"23":16,"24":6},"f":{"0":6,"1":16,"2":16,"3":6},"b":{"0":[6,6],"1":[1,15],"2":[3,12],"3":[15,12],"4":[12,11],"5":[4,12],"6":[5,11],"7":[4,12],"8":[3,13],"9":[3,13]},"meta":{"lastBranch":10,"lastFunction":4,"lastStatement":25,"seen":{"s:7:33:7:Infinity":0,"f:10:16:10:33":0,"s:11:2:11:Infinity":1,"b:11:9:11:39:11:39:11:Infinity":0,"s:45:24:45:Infinity":2,"s:46:26:46:Infinity":3,"f:49:9:49:26":1,"b:50:2:52:Infinity:undefined:undefined:undefined:undefined":1,"s:50:2:52:Infinity":4,"s:51:4:51:Infinity":5,"s:53:13:53:Infinity":6,"b:54:2:56:Infinity:undefined:undefined:undefined:undefined":2,"s:54:2:56:Infinity":7,"b:54:6:54:17:54:17:54:42":3,"s:55:4:55:Infinity":8,"s:57:17:57:Infinity":9,"s:58:14:58:Infinity":10,"s:59:2:59:Infinity":11,"b:59:9:59:20:59:20:59:Infinity":4,"f:63:16:63:38":2,"s:64:38:64:Infinity":12,"b:66:2:68:Infinity:undefined:undefined:undefined:undefined":5,"s:66:2:68:Infinity":13,"s:67:4:67:Infinity":14,"b:69:2:71:Infinity:undefined:undefined:undefined:undefined":6,"s:69:2:71:Infinity":15,"s:70:4:70:Infinity":16,"b:72:2:74:Infinity:undefined:undefined:undefined:undefined":7,"s:72:2:74:Infinity":17,"s:73:4:73:Infinity":18,"b:75:2:77:Infinity:undefined:undefined:undefined:undefined":8,"s:75:2:77:Infinity":19,"s:76:4:76:Infinity":20,"b:78:2:80:Infinity:undefined:undefined:undefined:undefined":9,"s:78:2:80:Infinity":21,"s:79:4:79:Infinity":22,"s:82:2:82:Infinity":23,"f:85:16:85:34":3,"s:86:2:86:Infinity":24},"fnNames":{}}}
[...]
,"column":6},"end":{"line":82,"column":67}},"type":"binary-expr","locations":[{"start":{"line":82,"column":6},"end":{"line":82,"column":38}},{"start":{"line":82,"column":38},"end":{"line":82,"column":67}}],"line":82},"5":{"loc":{"start":{"line":85,"column":2},"end":{"line":87,"column":null}},"type":"if","locations":[{"start":{"line":85,"column":2},"end":{"line":87,"column":null}},{"start":{},"end":{}}],"line":85},"6":{"loc":{"start":{"line":88,"column":2},"end":{"line":90,"column":null}},"type":"if","locations":[{"start":{"line":88,"column":2},"end":{"line":90,"column":null}},{"start":{},"end":{}}],"line":88}},"s":{"0":1,"1":1,"2":1,"3":4,"4":4,"5":4,"6":4,"7":4,"8":4,"9":4,"10":4,"11":4,"12":4,"13":4,"14":4,"15":4,"16":4,"17":2,"18":2,"19":2,"20":2,"21":1,"22":1,"23":1,"24":4,"25":0,"26":4,"27":1,"28":3,"29":1,"30":2},"f":{"0":4,"1":4,"2":2,"3":1,"4":4},"b":{"0":[4],"1":[4,4],"2":[2,2],"3":[0,4],"4":[4,4],"5":[1,3],"6":[1,2]},"meta":{"lastBranch":7,"lastFunction":5,"lastStatement":31,"seen":{"s:28:19:28:Infinity":0,"s:29:19:29:Infinity":1,"s:30:28:30:Infinity":2,"f:32:16:32:33":0,"b:32:64:32:74":0,"s:33:15:33:Infinity":3,"b:33:15:33:31:33:31:33:Infinity":1,"s:34:15:34:Infinity":4,"s:35:20:35:Infinity":5,"s:36:19:36:Infinity":6,"s:37:16:37:Infinity":7,"s:38:19:38:Infinity":8,"s:39:17:39:Infinity":9,"s:40:16:40:Infinity":10,"s:42:2:73:Infinity":11,"f:42:24:42:35":1,"s:43:4:43:Infinity":12,"s:44:4:44:Infinity":13,"s:46:18:51:Infinity":14,"s:53:23:53:Infinity":15,"b:54:4:57:Infinity:undefined:undefined:undefined:undefined":2,"s:54:4:57:Infinity":16,"s:55:6:55:Infinity":17,"s:56:6:56:Infinity":18,"s:59:4:72:Infinity":19,"f:62:6:62:18":2,"s:63:8:63:Infinity":20,"s:64:8:64:Infinity":21,"s:65:8:65:Infinity":22,"f:66:6:66:Infinity":3,"s:68:8:70:Infinity":23,"f:76:9:76:18":4,"b:82:2:84:Infinity:undefined:undefined:undefined:undefined":3,"s:82:2:84:Infinity":24,"b:82:6:82:38:82:38:82:67":4,"s:83:4:83:Infinity":25,"b:85:2:87:Infinity:undefined:undefined:undefined:undefined":5,"s:85:2:87:Infinity":26,"s:86:4:86:Infinity":27,"b:88:2:90:Infinity:undefined:undefined:undefined:undefined":6,"s:88:2:90:Infinity":28,"s:89:4:89:Infinity":29,"s:91:2:91:Infinity":30},"fnNames":{}}}
,"/home/runner/work/unicornt-store-frontend/unicornt-store-frontend/src/views/admin/adminProducts.view.ts": {"path":"/home/runner/work/unicornt-store-frontend/unicornt-store-frontend/src/views/admin/adminProducts.view.ts","statementMap":{"0":{"start":{"line":43,"column":2},"end":{"line":43,"column":null}},"1":{"start":{"line":46,"column":15},"end":{"line":46,"column":null}},"2":{"start":{"line":47,"column":15},"end":{"line":47,"column":null}},"3":{"start":{"line":48,"column":15},"end":{"line":48,"column":null}},"4":{"start":{"line":49,"column":18},"end":{"line":49,"column":null}},"5":{"start":{"line":50,"column":20},"end":{"line":50,"column":null}},"6":{"start":{"line":51,"column":17},"end":{"line":51,"column":null}},"7":{"start":{"line":53,"column":8},"end":{"line":58,"column":null}},"8":{"start":{"line":54,"column":4},"end":{"line":54,"column":null}},"9":{"start":{"line":55,"column":4},"end":{"line":55,"column":null}},"10":{"start":{"line":56,"column":4},"end":{"line":56,"column":null}},"11":{"start":{"line":57,"column":4},"end":{"line":57,"column":null}},"12":{"start":{"line":60,"column":2},"end":{"line":63,"column":null}},"13":{"start":{"line":61,"column":4},"end":{"line":61,"column":null}},"14":{"start":{"line":62,"column":4},"end":{"line":62,"column":null}},"15":{"start":{"line":64,"column":2},"end":{"line":73,"column":null}},"16":{"start":{"line":65,"column":17},"end":{"line":65,"column":40}},"17":{"start":{"line":66,"column":4},"end":{"line":69,"column":null}},"18":{"start":{"line":67,"column":6},"end":{"line":67,"column":null}},"19":{"start":{"line":68,"column":6},"end":{"line":68,"column":null}},"20":{"start":{"line":71,"column":4},"end":{"line":71,"column":null}},"21":{"start":{"line":72,"column":4},"end":{"line":72,"column":null}},"22":{"start":{"line":75,"column":8},"end":{"line":78,"column":null}},"23":{"start":{"line":76,"column":4},"end":{"line":76,"column":null}},"24":{"start":{"line":77,"column":4},"end":{"line":77,"column":null}},"25":{"start":{"line":79,"column":8},"end":{"line":82,"column":null}},"26":{"start":{"line":80,"column":4},"end":{"line":80,"column":null}},"27":{"start":{"line":81,"column":4},"end":{"line":81,"column":null}},"28":{"start":{"line":84,"column":8},"end":{"line":97,"column":null}},"29":{"start":{"line":85,"column":10},"end":{"line":86,"column":null}},"30":{"start":{"line":86,"column":6},"end":{"line":86,"column":null}},"31":{"start":{"line":87,"column":4},"end":{"line":96,"column":null}},"32":{"start":{"line":99,"column":8},"end":{"line":111,"column":null}},"33":{"start":{"line":100,"column":4},"end":{"line":100,"column":null}},"34":{"start":{"line":101,"column":4},"end":{"line":101,"column":null}},"35":{"start":{"line":102,"column":4},"end":{"line":102,"column":null}},"36":{"start":{"line":103,"column":4},"end":{"line":103,"column":null}},"37":{"start":{"line":104,"column":4},"end":{"line":104,"column":null}},"38":{"start":{"line":105,"column":4},"end":{"line":107,"column":null}},"39":{"start":{"line":108,"column":4},"end":{"line":108,"column":null}},"40":{"start":{"line":109,"column":4},"end":{"line":110,"column":null}},"41":{"start":{"line":113,"column":8},"end":{"line":142,"column":null}},"42":{"start":{"line":114,"column":4},"end":{"line":114,"column":null}},"43":{"start":{"line":115,"column":4},"end":{"line":141,"column":null}},"44":{"start":{"line":116,"column":19},"end":{"line":116,"column":null}},"45":{"start":{"line":117,"column":6},"end":{"line":117,"column":null}},"46":{"start":{"line":119,"column":20},"end":{"line":119,"column":null}},"47":{"start":{"line":120,"column":6},"end":{"line":120,"column":null}},"48":{"start":{"line":122,"column":19},"end":{"line":122,"column":null}},"49":{"start":{"line":123,"column":6},"end":{"line":123,"column":null}},"50":{"start":{"line":124,"column":6},"end":{"line":124,"column":null}},"51":{"start":{"line":125,"column":6},"end":{"line":125,"column":null}},"52":{"start":{"line":126,"column":6},"end":{"line":129,"column":null}},"53":{"start":{"line":127,"column":8},"end":{"line":127,"column":null}},"54":{"start":{"line":128,"column":8},"end":{"line":128,"column":null}},"55":{"start":{"line":131,"column":21},"end":{"line":131,"column":null}},"56":{"start":{"line":132,"column":6},"end":{"line":132,"column":null}},"57":{"start":{"line":133,"column":6},"end":{"line":133,"column":null}},"58":{"start":{"line":134,"column":6},"end":{"line":134,"column":null}},"59":{"start":{"line":135,"column":6},"end":{"line":137,"column":null}},"60":{"start":{"line":136,"column":8},"end":{"line":136,"column":null}},"61":{"start":{"line":139,"column":6},"end":{"line":139,"column":null}},"62":{"start":{"line":140,"column":6},"end":{"line":140,"column":null}},"63":{"start":{"line":144,"column":17},"end":{"line":146,"column":null}},"64":{"start":{"line":145,"column":4},"end":{"line":145,"column":null}},"65":{"start":{"line":148,"column":8},"end":{"line":156,"column":null}},"66":{"start":{"line":149,"column":4},"end":{"line":151,"column":null}},"67":{"start":{"line":150,"column":6},"end":{"line":150,"column":null}},"68":{"start":{"line":152,"column":4},"end":{"line":154,"column":null}},"69":{"start":{"line":153,"column":6},"end":{"line":153,"column":null}},"70":{"start":{"line":155,"column":4},"end":{"line":155,"column":null}},"71":{"start":{"line":159,"column":4},"end":{"line":159,"column":null}},"72":{"start":{"line":160,"column":4},"end":{"line":165,"column":null}},"73":{"start":{"line":161,"column":6},"end":{"line":161,"column":null}},"74":{"start":{"line":162,"column":6},"end":{"line":162,"column":null}},"75":{"start":{"line":164,"column":6},"end":{"line":164,"column":null}},"76":{"start":{"line":168,"column":2},"end":{"line":191,"column":null}},"77":{"start":{"line":169,"column":4},"end":{"line":169,"column":null}},"78":{"start":{"line":170,"column":4},"end":{"line":170,"column":null}},"79":{"start":{"line":171,"column":20},"end":{"line":171,"column":null}},"80":{"start":{"line":172,"column":22},"end":{"line":172,"column":null}},"81":{"start":{"line":174,"column":4},"end":{"line":190,"column":null}},"82":{"start":{"line":175,"column":6},"end":{"line":175,"column":null}},"83":{"start":{"line":176,"column":6},"end":{"line":189,"column":null}},"84":{"start":{"line":177,"column":8},"end":{"line":181,"column":null}},"85":{"start":{"line":178,"column":10},"end":{"line":178,"column":null}},"86":{"start":{"line":180,"column":10},"end":{"line":180,"column":null}},"87":{"start":{"line":182,"column":8},"end":{"line":182,"column":null}},"88":{"start":{"line":183,"column":8},"end":{"line":183,"column":null}},"89":{"start":{"line":184,"column":8},"end":{"line":184,"column":null}},"90":{"start":{"line":185,"column":8},"end":{"line":185,"column":null}},"91":{"start":{"line":187,"column":8},"end":{"line":187,"column":null}},"92":{"start":{"line":188,"column":8},"end":{"line":188,"column":null}},"93":{"start":{"line":193,"column":2},"end":{"line":197,"column":null}},"94":{"start":{"line":194,"column":4},"end":{"line":194,"column":null}},"95":{"start":{"line":195,"column":4},"end":{"line":195,"column":null}},"96":{"start":{"line":196,"column":4},"end":{"line":196,"column":null}},"97":{"start":{"line":199,"column":2},"end":{"line":199,"column":null}}},"fnMap":{"0":{"name":"initAdminProductsView","decl":{"start":{"line":45,"column":22},"end":{"line":45,"column":44}},"loc":{"start":{"line":45,"column":88},"end":{"line":200,"column":null}},"line":45},"1":{"name":"(anonymous_1)","decl":{"start":{"line":53,"column":8},"end":{"line":53,"column":20}},"loc":{"start":{"line":53,"column":46},"end":{"line":58,"column":null}},"line":53},"2":{"name":"(anonymous_2)","decl":{"start":{"line":75,"column":8},"end":{"line":75,"column":24}},"loc":{"start":{"line":75,"column":57},"end":{"line":78,"column":null}},"line":75},"3":{"name":"(anonymous_3)","decl":{"start":{"line":79,"column":8},"end":{"line":79,"column":20}},"loc":{"start":{"line":79,"column":49},"end":{"line":82,"column":null}},"line":79},"4":{"name":"(anonymous_4)","decl":{"start":{"line":84,"column":8},"end":{"line":84,"column":46}},"loc":{"start":{"line":84,"column":46},"end":{"line":97,"column":null}},"line":84},"5":{"name":"(anonymous_5)","decl":{"start":{"line":85,"column":10},"end":{"line":85,"column":17}},"loc":{"start":{"line":86,"column":6},"end":{"line":86,"column":null}},"line":86},"6":{"name":"(anonymous_6)","decl":{"start":{"line":99,"column":8},"end":{"line":99,"column":20}},"loc":{"start":{"line":99,"column":52},"end":{"line":111,"column":null}},"line":99},"7":{"name":"(anonymous_7)","decl":{"start":{"line":113,"column":8},"end":{"line":113,"column":22}},"loc":{"start":{"line":113,"column":66},"end":{"line":142,"column":null}},"line":113},"8":{"name":"(anonymous_8)","decl":{"start":{"line":126,"column":28},"end":{"line":126,"column":43}},"loc":{"start":{"line":126,"column":43},"end":{"line":129,"column":7}},"line":126},"9":{"name":"(anonymous_9)","decl":{"start":{"line":135,"column":30},"end":{"line":135,"column":45}},"loc":{"start":{"line":135,"column":45},"end":{"line":137,"column":7}},"line":135},"10":{"name":"(anonymous_10)","decl":{"start":{"line":144,"column":17},"end":{"line":144,"column":44}},"loc":{"start":{"line":144,"column":44},"end":{"line":146,"column":null}},"line":144},"11":{"name":"(anonymous_11)","decl":{"start":{"line":148,"column":8},"end":{"line":148,"column":22}},"loc":{"start":{"line":148,"column":49},"end":{"line":156,"column":null}},"line":148},"12":{"name":"onDelete","decl":{"start":{"line":158,"column":17},"end":{"line":158,"column":26}},"loc":{"start":{"line":158,"column":53},"end":{"line":166,"column":null}},"line":158},"13":{"name":"(anonymous_13)","decl":{"start":{"line":168,"column":24},"end":{"line":168,"column":35}},"loc":{"start":{"line":168,"column":45},"end":{"line":191,"column":3}},"line":168},"14":{"name":"(anonymous_14)","decl":{"start":{"line":174,"column":10},"end":{"line":174,"column":22}},"loc":{"start":{"line":174,"column":22},"end":{"line":190,"column":5}},"line":174},"15":{"name":"(anonymous_15)","decl":{"start":{"line":193,"column":81},"end":{"line":193,"column":96}},"loc":{"start":{"line":193,"column":96},"end":{"line":197,"column":3}},"line":193}},"branchMap":{"0":{"loc":{"start":{"line":45,"column":44},"end":{"line":45,"column":88}},"type":"default-arg","locations":[{"start":{"line":45,"column":63},"end":{"line":45,"column":88}}],"line":45},"1":{"loc":{"start":{"line":60,"column":2},"end":{"line":63,"column":null}},"type":"if","locations":[{"start":{"line":60,"column":2},"end":{"line":63,"column":null}},{"start":{},"end":{}}],"line":60},"2":{"loc":{"start":{"line":66,"column":4},"end":{"line":69,"column":null}},"type":"if","locations":[{"start":{"line":66,"column":4},"end":{"line":69,"column":null}},{"start":{},"end":{}}],"line":66},"3":{"loc":{"start":{"line":76,"column":28},"end":{"line":76,"column":null}},"type":"binary-expr","locations":[{"start":{"line":76,"column":28},"end":{"line":76,"column":39}},{"start":{"line":76,"column":39},"end":{"line":76,"column":null}}],"line":76},"4":{"loc":{"start":{"line":81,"column":25},"end":{"line":81,"column":null}},"type":"cond-expr","locations":[{"start":{"line":81,"column":50},"end":{"line":81,"column":67}},{"start":{"line":81,"column":67},"end":{"line":81,"column":null}}],"line":81},"5":{"loc":{"start":{"line":106,"column":6},"end":{"line":106,"column":null}},"type":"binary-expr","locations":[{"start":{"line":106,"column":6},"end":{"line":106,"column":28}},{"start":{"line":106,"column":28},"end":{"line":106,"column":null}}],"line":106},"6":{"loc":{"start":{"line":108,"column":80},"end":{"line":108,"column":98}},"type":"binary-expr","locations":[{"start":{"line":108,"column":80},"end":{"line":108,"column":97}},{"start":{"line":108,"column":97},"end":{"line":108,"column":98}}],"line":108},"7":{"loc":{"start":{"line":120,"column":111},"end":{"line":120,"column":129}},"type":"binary-expr","locations":[{"start":{"line":120,"column":111},"end":{"line":120,"column":128}},{"start":{"line":120,"column":128},"end":{"line":120,"column":129}}],"line":120},"8":{"loc":{"start":{"line":149,"column":4},"end":{"line":151,"column":null}},"type":"if","locations":[{"start":{"line":149,"column":4},"end":{"line":151,"column":null}},{"start":{},"end":{}}],"line":149},"9":{"loc":{"start":{"line":149,"column":8},"end":{"line":149,"column":95}},"type":"binary-expr","locations":[{"start":{"line":149,"column":8},"end":{"line":149,"column":37}},{"start":{"line":149,"column":37},"end":{"line":149,"column":64}},{"start":{"line":149,"column":64},"end":{"line":149,"column":95}}],"line":149},"10":{"loc":{"start":{"line":152,"column":4},"end":{"line":154,"column":null}},"type":"if","locations":[{"start":{"line":152,"column":4},"end":{"line":154,"column":null}},{"start":{},"end":{}}],"line":152},"11":{"loc":{"start":{"line":152,"column":8},"end":{"line":152,"column":95}},"type":"binary-expr","locations":[{"start":{"line":152,"column":8},"end":{"line":152,"column":37}},{"start":{"line":152,"column":37},"end":{"line":152,"column":64}},{"start":{"line":152,"column":64},"end":{"line":152,"column":95}}],"line":152},"12":{"loc":{"start":{"line":177,"column":8},"end":{"line":181,"column":null}},"type":"if","locations":[{"start":{"line":177,"column":8},"end":{"line":181,"column":null}},{"start":{"line":179,"column":15},"end":{"line":181,"column":null}}],"line":177}},"s":{"0":1,"1":6,"2":6,"3":6,"4":6,"5":6,"6":6,"7":6,"8":2,"9":2,"10":2,"11":2,"12":6,"13":1,"14":1,"15":5,"16":5,"17":5,"18":1,"19":1,"20":0,"21":0,"22":4,"23":4,"24":4,"25":4,"26":4,"27":4,"28":4,"29":2,"30":8,"31":2,"32":4,"33":0,"34":0,"35":0,"36":0,"37":0,"38":0,"39":0,"40":0,"41":4,"42":6,"43":6,"44":12,"45":12,"46":12,"47":12,"48":12,"49":12,"50":12,"51":12,"52":12,"53":0,"54":0,"55":12,"56":12,"57":12,"58":12,"59":12,"60":1,"61":12,"62":12,"63":4,"64":6,"65":4,"66":1,"67":1,"68":0,"69":0,"70":0,"71":1,"72":1,"73":1,"74":1,"75":0,"76":4,"77":2,"78":2,"79":2,"80":2,"81":2,"82":2,"83":2,"84":2,"85":0,"86":2,"87":1,"88":1,"89":1,"90":1,"91":1,"92":1,"93":4,"94":0,"95":0,"96":0,"97":4},"f":{"0":6,"1":2,"2":4,"3":4,"4":2,"5":8,"6":0,"7":6,"8":0,"9":1,"10":6,"11":1,"12":1,"13":2,"14":2,"15":0},"b":{"0":[6],"1":[1,5],"2":[1,4],"3":[4,3],"4":[2,2],"5":[0,0],"6":[0,0],"7":[12,0],"8":[1,0],"9":[1,1,1],"10":[0,0],"11":[0,0,0],"12":[0,2]},"meta":{"lastBranch":13,"lastFunction":16,"lastStatement":98,"seen":{"s:43:2:43:Infinity":0,"f:45:22:45:44":0,"b:45:63:45:88":0,"s:46:15:46:Infinity":1,"s:47:15:47:Infinity":2,"s:48:15:48:Infinity":3,"s:49:18:49:Infinity":4,"s:50:20:50:Infinity":5,"s:51:17:51:Infinity":6,"s:53:8:58:Infinity":7,"f:53:8:53:20":1,"s:54:4:54:Infinity":8,"s:55:4:55:Infinity":9,"s:56:4:56:Infinity":10,"s:57:4:57:Infinity":11,"b:60:2:63:Infinity:undefined:undefined:undefined:undefined":1,"s:60:2:63:Infinity":12,"s:61:4:61:Infinity":13,"s:62:4:62:Infinity":14,"s:64:2:73:Infinity":15,"s:65:17:65:40":16,"b:66:4:69:Infinity:undefined:undefined:undefined:undefined":2,"s:66:4:69:Infinity":17,"s:67:6:67:Infinity":18,"s:68:6:68:Infinity":19,"s:71:4:71:Infinity":20,"s:72:4:72:Infinity":21,"s:75:8:78:Infinity":22,"f:75:8:75:24":2,"s:76:4:76:Infinity":23,"b:76:28:76:39:76:39:76:Infinity":3,"s:77:4:77:Infinity":24,"s:79:8:82:Infinity":25,"f:79:8:79:20":3,"s:80:4:80:Infinity":26,"s:81:4:81:Infinity":27,"b:81:50:81:67:81:67:81:Infinity":4,"s:84:8:97:Infinity":28,"f:84:8:84:46":4,"s:85:10:86:Infinity":29,"f:85:10:85:17":5,"s:86:6:86:Infinity":30,"s:87:4:96:Infinity":31,"s:99:8:111:Infinity":32,"f:99:8:99:20":6,"s:100:4:100:Infinity":33,"s:101:4:101:Infinity":34,"s:102:4:102:Infinity":35,"s:103:4:103:Infinity":36,"s:104:4:104:Infinity":37,"s:105:4:107:Infinity":38,"b:106:6:106:28:106:28:106:Infinity":5,"s:108:4:108:Infinity":39,"b:108:80:108:97:108:97:108:98":6,"s:109:4:110:Infinity":40,"s:113:8:142:Infinity":41,"f:113:8:113:22":7,"s:114:4:114:Infinity":42,"s:115:4:141:Infinity":43,"s:116:19:116:Infinity":44,"s:117:6:117:Infinity":45,"s:119:20:119:Infinity":46,"s:120:6:120:Infinity":47,"b:120:111:120:128:120:128:120:129":7,"s:122:19:122:Infinity":48,"s:123:6:123:Infinity":49,"s:124:6:124:Infinity":50,"s:125:6:125:Infinity":51,"s:126:6:129:Infinity":52,"f:126:28:126:43":8,"s:127:8:127:Infinity":53,"s:128:8:128:Infinity":54,"s:131:21:131:Infinity":55,"s:132:6:132:Infinity":56,"s:133:6:133:Infinity":57,"s:134:6:134:Infinity":58,"s:135:6:137:Infinity":59,"f:135:30:135:45":9,"s:136:8:136:Infinity":60,"s:139:6:139:Infinity":61,"s:140:6:140:Infinity":62,"s:144:17:146:Infinity":63,"f:144:17:144:44":10,"s:145:4:145:Infinity":64,"s:148:8:156:Infinity":65,"f:148:8:148:22":11,"b:149:4:151:Infinity:undefined:undefined:undefined:undefined":8,"s:149:4:151:Infinity":66,"b:149:8:149:37:149:37:149:64:149:64:149:95":9,"s:150:6:150:Infinity":67,"b:152:4:154:Infinity:undefined:undefined:undefined:undefined":10,"s:152:4:154:Infinity":68,"b:152:8:152:37:152:37:152:64:152:64:152:95":11,"s:153:6:153:Infinity":69,"s:155:4:155:Infinity":70,"f:158:17:158:26":12,"s:159:4:159:Infinity":71,"s:160:4:165:Infinity":72,"s:161:6:161:Infinity":73,"s:162:6:162:Infinity":74,"s:164:6:164:Infinity":75,"s:168:2:191:Infinity":76,"f:168:24:168:35":13,"s:169:4:169:Infinity":77,"s:170:4:170:Infinity":78,"s:171:20:171:Infinity":79,"s:172:22:172:Infinity":80,"s:174:4:190:Infinity":81,"f:174:10:174:22":14,"s:175:6:175:Infinity":82,"s:176:6:189:Infinity":83,"b:177:8:181:Infinity:179:15:181:Infinity":12,"s:177:8:181:Infinity":84,"s:178:10:178:Infinity":85,"s:180:10:180:Infinity":86,"s:182:8:182:Infinity":87,"s:183:8:183:Infinity":88,"s:184:8:184:Infinity":89,"s:185:8:185:Infinity":90,"s:187:8:187:Infinity":91,"s:188:8:188:Infinity":92,"s:193:2:197:Infinity":93,"f:193:81:193:96":15,"s:194:4:194:Infinity":94,"s:195:4:195:Infinity":95,"s:196:4:196:Infinity":96,"s:199:2:199:Infinity":97},"fnNames":{}}}
}
