{"total": {"lines":{"total":848,"covered":769,"skipped":0,"pct":90.68},"statements":{"total":858,"covered":779,"skipped":0,"pct":90.79},"functions":{"total":211,"covered":193,"skipped":0,"pct":91.46},"branches":{"total":393,"covered":339,"skipped":0,"pct":86.25},"branchesTrue":{"total":0,"covered":0,"skipped":0,"pct":100}}
,"/home/runner/work/unicornt-store-frontend/unicornt-store-frontend/src/adapters/checkoutForm.ts": {"lines":{"total":4,"covered":4,"skipped":0,"pct":100},"functions":{"total":2,"covered":2,"skipped":0,"pct":100},"statements":{"total":4,"covered":4,"skipped":0,"pct":100},"branches":{"total":2,"covered":2,"skipped":0,"pct":100}}
,"/home/runner/work/unicornt-store-frontend/unicornt-store-frontend/src/api/auth.api.ts": {"lines":{"total":3,"covered":3,"skipped":0,"pct":100},"functions":{"total":3,"covered":3,"skipped":0,"pct":100},"statements":{"total":3,"covered":3,"skipped":0,"pct":100},"branches":{"total":0,"covered":0,"skipped":0,"pct":100}}
,"/home/runner/work/unicornt-store-frontend/unicornt-store-frontend/src/api/cart.api.ts": {"lines":{"total":2,"covered":2,"skipped":0,"pct":100},"functions":{"total":2,"covered":2,"skipped":0,"pct":100},"statements":{"total":2,"covered":2,"skipped":0,"pct":100},"branches":{"total":0,"covered":0,"skipped":0,"pct":100}}
,"/home/runner/work/unicornt-store-frontend/unicornt-store-frontend/src/api/category.api.ts": {"lines":{"total":1,"covered":1,"skipped":0,"pct":100},"functions":{"total":1,"covered":1,"skipped":0,"pct":100},"statements":{"total":1,"covered":1,"skipped":0,"pct":100},"branches":{"total":0,"covered":0,"skipped":0,"pct":100}}
,"/home/runner/work/unicornt-store-frontend/unicornt-store-frontend/src/api/errors.ts": {"lines":{"total":4,"covered":4,"skipped":0,"pct":100},"functions":{"total":1,"covered":1,"skipped":0,"pct":100},"statements":{"total":4,"covered":4,"skipped":0,"pct":100},"branches":{"total":0,"covered":0,"skipped":0,"pct":100}}
,"/home/runner/work/unicornt-store-frontend/unicornt-store-frontend/src/api/http.ts": {"lines":{"total":32,"covered":30,"skipped":0,"pct":93.75},"functions":{"total":4,"covered":4,"skipped":0,"pct":100},"statements":{"total":33,"covered":31,"skipped":0,"pct":93.93},"branches":{"total":23,"covered":20,"skipped":0,"pct":86.95}}
,"/home/runner/work/unicornt-store-frontend/unicornt-store-frontend/src/api/order.api.ts": {"lines":{"total":1,"covered":0,"skipped":0,"pct":0},"functions":{"total":1,"covered":0,"skipped":0,"pct":0},"statements":{"total":1,"covered":0,"skipped":0,"pct":0},"branches":{"total":0,"covered":0,"skipped":0,"pct":100}}
,"/home/runner/work/unicornt-store-frontend/unicornt-store-frontend/src/api/product.api.ts": {"lines":{"total":10,"covered":5,"skipped":0,"pct":50},"functions":{"total":4,"covered":1,"skipped":0,"pct":25},"statements":{"total":10,"covered":5,"skipped":0,"pct":50},"branches":{"total":11,"covered":6,"skipped":0,"pct":54.54}}
,"/home/runner/work/unicornt-store-frontend/unicornt-store-frontend/src/components/CartPanel/CartPanel.ts": {"lines":{"total":35,"covered":34,"skipped":0,"pct":97.14},"functions":{"total":4,"covered":4,"skipped":0,"pct":100},"statements":{"total":35,"covered":34,"skipped":0,"pct":97.14},"branches":{"total":4,"covered":3,"skipped":0,"pct":75}}
,"/home/runner/work/unicornt-store-frontend/unicornt-store-frontend/src/components/ErrorFallback/ErrorFallback.ts": {"lines":{"total":11,"covered":10,"skipped":0,"pct":90.9},"functions":{"total":2,"covered":2,"skipped":0,"pct":100},"statements":{"total":11,"covered":10,"skipped":0,"pct":90.9},"branches":{"total":2,"covered":1,"skipped":0,"pct":50}}
,"/home/runner/work/unicornt-store-frontend/unicornt-store-frontend/src/components/GlobalFallback/GlobalFallback.ts": {"lines":{"total":13,"covered":12,"skipped":0,"pct":92.3},"functions":{"total":3,"covered":3,"skipped":0,"pct":100},"statements":{"total":13,"covered":12,"skipped":0,"pct":92.3},"branches":{"total":3,"covered":2,"skipped":0,"pct":66.66}}
,"/home/runner/work/unicornt-store-frontend/unicornt-store-frontend/src/components/LoadingSkeleton/LoadingSkeleton.ts": {"lines":{"total":10,"covered":9,"skipped":0,"pct":90},"functions":{"total":2,"covered":2,"skipped":0,"pct":100},"statements":{"total":10,"covered":9,"skipped":0,"pct":90},"branches":{"total":3,"covered":2,"skipped":0,"pct":66.66}}
,"/home/runner/work/unicornt-store-frontend/unicornt-store-frontend/src/components/ProductCard/ProductCard.ts": {"lines":{"total":23,"covered":22,"skipped":0,"pct":95.65},"functions":{"total":3,"covered":3,"skipped":0,"pct":100},"statements":{"total":23,"covered":22,"skipped":0,"pct":95.65},"branches":{"total":4,"covered":3,"skipped":0,"pct":75}}
,"/home/runner/work/unicornt-store-frontend/unicornt-store-frontend/src/components/ProductDetail/ProductDetail.ts": {"lines":{"total":22,"covered":21,"skipped":0,"pct":95.45},"functions":{"total":3,"covered":3,"skipped":0,"pct":100},"statements":{"total":22,"covered":21,"skipped":0,"pct":95.45},"branches":{"total":4,"covered":2,"skipped":0,"pct":50}}
,"/home/runner/work/unicornt-store-frontend/unicornt-store-frontend/src/components/Toast/Toast.ts": {"lines":{"total":6,"covered":6,"skipped":0,"pct":100},"functions":{"total":1,"covered":1,"skipped":0,"pct":100},"statements":{"total":6,"covered":6,"skipped":0,"pct":100},"branches":{"total":1,"covered":1,"skipped":0,"pct":100}}
,"/home/runner/work/unicornt-store-frontend/unicornt-store-frontend/src/gateways/checkout.gateway.ts": {"lines":{"total":2,"covered":2,"skipped":0,"pct":100},"functions":{"total":1,"covered":1,"skipped":0,"pct":100},"statements":{"total":2,"covered":2,"skipped":0,"pct":100},"branches":{"total":0,"covered":0,"skipped":0,"pct":100}}
,"/home/runner/work/unicornt-store-frontend/unicornt-store-frontend/src/gateways/product.gateway.ts": {"lines":{"total":5,"covered":5,"skipped":0,"pct":100},"functions":{"total":4,"covered":4,"skipped":0,"pct":100},"statements":{"total":5,"covered":5,"skipped":0,"pct":100},"branches":{"total":1,"covered":1,"skipped":0,"pct":100}}
,"/home/runner/work/unicornt-store-frontend/unicornt-store-frontend/src/lib/button-feedback.ts": {"lines":{"total":6,"covered":6,"skipped":0,"pct":100},"functions":{"total":2,"covered":2,"skipped":0,"pct":100},"statements":{"total":6,"covered":6,"skipped":0,"pct":100},"branches":{"total":0,"covered":0,"skipped":0,"pct":100}}
,"/home/runner/work/unicornt-store-frontend/unicornt-store-frontend/src/lib/currency.ts": {"lines":{"total":1,"covered":1,"skipped":0,"pct":100},"functions":{"total":1,"covered":1,"skipped":0,"pct":100},"statements":{"total":1,"covered":1,"skipped":0,"pct":100},"branches":{"total":0,"covered":0,"skipped":0,"pct":100}}
,"/home/runner/work/unicornt-store-frontend/unicornt-store-frontend/src/lib/dom.ts": {"lines":{"total":23,"covered":23,"skipped":0,"pct":100},"functions":{"total":8,"covered":8,"skipped":0,"pct":100},"statements":{"total":23,"covered":23,"skipped":0,"pct":100},"branches":{"total":15,"covered":15,"skipped":0,"pct":100}}
,"/home/runner/work/unicornt-store-frontend/unicornt-store-frontend/src/lib/form.ts": {"lines":{"total":4,"covered":4,"skipped":0,"pct":100},"functions":{"total":1,"covered":1,"skipped":0,"pct":100},"statements":{"total":4,"covered":4,"skipped":0,"pct":100},"branches":{"total":2,"covered":2,"skipped":0,"pct":100}}
,"/home/runner/work/unicornt-store-frontend/unicornt-store-frontend/src/lib/quantity.ts": {"lines":{"total":6,"covered":6,"skipped":0,"pct":100},"functions":{"total":2,"covered":2,"skipped":0,"pct":100},"statements":{"total":6,"covered":6,"skipped":0,"pct":100},"branches":{"total":6,"covered":6,"skipped":0,"pct":100}}
,"/home/runner/work/unicornt-store-frontend/unicornt-store-frontend/src/models/auth.dto.ts": {"lines":{"total":10,"covered":10,"skipped":0,"pct":100},"functions":{"total":4,"covered":4,"skipped":0,"pct":100},"statements":{"total":10,"covered":10,"skipped":0,"pct":100},"branches":{"total":20,"covered":20,"skipped":0,"pct":100}}
,"/home/runner/work/unicornt-store-frontend/unicornt-store-frontend/src/models/auth.model.ts": {"lines":{"total":3,"covered":2,"skipped":0,"pct":66.66},"functions":{"total":2,"covered":1,"skipped":0,"pct":50},"statements":{"total":3,"covered":2,"skipped":0,"pct":66.66},"branches":{"total":0,"covered":0,"skipped":0,"pct":100}}
,"/home/runner/work/unicornt-store-frontend/unicornt-store-frontend/src/models/cart.dto.ts": {"lines":{"total":13,"covered":13,"skipped":0,"pct":100},"functions":{"total":8,"covered":8,"skipped":0,"pct":100},"statements":{"total":15,"covered":15,"skipped":0,"pct":100},"branches":{"total":24,"covered":24,"skipped":0,"pct":100}}
,"/home/runner/work/unicornt-store-frontend/unicornt-store-frontend/src/models/cart.model.ts": {"lines":{"total":7,"covered":7,"skipped":0,"pct":100},"functions":{"total":3,"covered":3,"skipped":0,"pct":100},"statements":{"total":7,"covered":7,"skipped":0,"pct":100},"branches":{"total":11,"covered":11,"skipped":0,"pct":100}}
,"/home/runner/work/unicornt-store-frontend/unicornt-store-frontend/src/models/category.dto.ts": {"lines":{"total":7,"covered":7,"skipped":0,"pct":100},"functions":{"total":4,"covered":4,"skipped":0,"pct":100},"statements":{"total":7,"covered":7,"skipped":0,"pct":100},"branches":{"total":13,"covered":13,"skipped":0,"pct":100}}
,"/home/runner/work/unicornt-store-frontend/unicornt-store-frontend/src/models/category.model.ts": {"lines":{"total":0,"covered":0,"skipped":0,"pct":0},"functions":{"total":0,"covered":0,"skipped":0,"pct":0},"statements":{"total":0,"covered":0,"skipped":0,"pct":0},"branches":{"total":0,"covered":0,"skipped":0,"pct":0}}
,"/home/runner/work/unicornt-store-frontend/unicornt-store-frontend/src/models/checkout.model.ts": {"lines":{"total":25,"covered":25,"skipped":0,"pct":100},"functions":{"total":4,"covered":4,"skipped":0,"pct":100},"statements":{"total":25,"covered":25,"skipped":0,"pct":100},"branches":{"total":20,"covered":20,"skipped":0,"pct":100}}
,"/home/runner/work/unicornt-store-frontend/unicornt-store-frontend/src/models/order.dto.ts": {"lines":{"total":5,"covered":4,"skipped":0,"pct":80},"functions":{"total":2,"covered":2,"skipped":0,"pct":100},"statements":{"total":5,"covered":4,"skipped":0,"pct":80},"branches":{"total":10,"covered":9,"skipped":0,"pct":90}}
,"/home/runner/work/unicornt-store-frontend/unicornt-store-frontend/src/models/product.dto.ts": {"lines":{"total":14,"covered":13,"skipped":0,"pct":92.85},"functions":{"total":8,"covered":8,"skipped":0,"pct":100},"statements":{"total":14,"covered":13,"skipped":0,"pct":92.85},"branches":{"total":36,"covered":35,"skipped":0,"pct":97.22}}
,"/home/runner/work/unicornt-store-frontend/unicornt-store-frontend/src/models/product.model.ts": {"lines":{"total":3,"covered":3,"skipped":0,"pct":100},"functions":{"total":2,"covered":2,"skipped":0,"pct":100},"statements":{"total":3,"covered":3,"skipped":0,"pct":100},"branches":{"total":4,"covered":4,"skipped":0,"pct":100}}
,"/home/runner/work/unicornt-store-frontend/unicornt-store-frontend/src/pages/admin.main.ts": {"lines":{"total":5,"covered":4,"skipped":0,"pct":80},"functions":{"total":2,"covered":1,"skipped":0,"pct":50},"statements":{"total":5,"covered":4,"skipped":0,"pct":80},"branches":{"total":0,"covered":0,"skipped":0,"pct":100}}
,"/home/runner/work/unicornt-store-frontend/unicornt-store-frontend/src/pages/auth.main.ts": {"lines":{"total":9,"covered":8,"skipped":0,"pct":88.88},"functions":{"total":2,"covered":1,"skipped":0,"pct":50},"statements":{"total":9,"covered":8,"skipped":0,"pct":88.88},"branches":{"total":4,"covered":4,"skipped":0,"pct":100}}
,"/home/runner/work/unicornt-store-frontend/unicornt-store-frontend/src/pages/catalog.main.ts": {"lines":{"total":5,"covered":5,"skipped":0,"pct":100},"functions":{"total":1,"covered":1,"skipped":0,"pct":100},"statements":{"total":5,"covered":5,"skipped":0,"pct":100},"branches":{"total":0,"covered":0,"skipped":0,"pct":100}}
,"/home/runner/work/unicornt-store-frontend/unicornt-store-frontend/src/pages/product.main.ts": {"lines":{"total":5,"covered":5,"skipped":0,"pct":100},"functions":{"total":1,"covered":1,"skipped":0,"pct":100},"statements":{"total":5,"covered":5,"skipped":0,"pct":100},"branches":{"total":0,"covered":0,"skipped":0,"pct":100}}
,"/home/runner/work/unicornt-store-frontend/unicornt-store-frontend/src/services/auth.service.ts": {"lines":{"total":25,"covered":25,"skipped":0,"pct":100},"functions":{"total":9,"covered":9,"skipped":0,"pct":100},"statements":{"total":26,"covered":26,"skipped":0,"pct":100},"branches":{"total":6,"covered":6,"skipped":0,"pct":100}}
,"/home/runner/work/unicornt-store-frontend/unicornt-store-frontend/src/services/cart.service.ts": {"lines":{"total":21,"covered":21,"skipped":0,"pct":100},"functions":{"total":15,"covered":15,"skipped":0,"pct":100},"statements":{"total":26,"covered":26,"skipped":0,"pct":100},"branches":{"total":13,"covered":11,"skipped":0,"pct":84.61}}
,"/home/runner/work/unicornt-store-frontend/unicornt-store-frontend/src/services/cart.session.ts": {"lines":{"total":15,"covered":15,"skipped":0,"pct":100},"functions":{"total":3,"covered":3,"skipped":0,"pct":100},"statements":{"total":15,"covered":15,"skipped":0,"pct":100},"branches":{"total":8,"covered":8,"skipped":0,"pct":100}}
,"/home/runner/work/unicornt-store-frontend/unicornt-store-frontend/src/services/cart.sync.ts": {"lines":{"total":8,"covered":8,"skipped":0,"pct":100},"functions":{"total":3,"covered":3,"skipped":0,"pct":100},"statements":{"total":8,"covered":8,"skipped":0,"pct":100},"branches":{"total":4,"covered":4,"skipped":0,"pct":100}}
,"/home/runner/work/unicornt-store-frontend/unicornt-store-frontend/src/services/category.service.ts": {"lines":{"total":4,"covered":4,"skipped":0,"pct":100},"functions":{"total":1,"covered":1,"skipped":0,"pct":100},"statements":{"total":4,"covered":4,"skipped":0,"pct":100},"branches":{"total":2,"covered":2,"skipped":0,"pct":100}}
,"/home/runner/work/unicornt-store-frontend/unicornt-store-frontend/src/services/checkout.service.ts": {"lines":{"total":7,"covered":7,"skipped":0,"pct":100},"functions":{"total":2,"covered":2,"skipped":0,"pct":100},"statements":{"total":7,"covered":7,"skipped":0,"pct":100},"branches":{"total":5,"covered":5,"skipped":0,"pct":100}}
,"/home/runner/work/unicornt-store-frontend/unicornt-store-frontend/src/services/product.service.ts": {"lines":{"total":10,"covered":4,"skipped":0,"pct":40},"functions":{"total":5,"covered":1,"skipped":0,"pct":20},"statements":{"total":10,"covered":4,"skipped":0,"pct":40},"branches":{"total":9,"covered":4,"skipped":0,"pct":44.44}}
,"/home/runner/work/unicornt-store-frontend/unicornt-store-frontend/src/storage/auth.storage.ts": {"lines":{"total":24,"covered":19,"skipped":0,"pct":79.16},"functions":{"total":4,"covered":4,"skipped":0,"pct":100},"statements":{"total":24,"covered":19,"skipped":0,"pct":79.16},"branches":{"total":10,"covered":7,"skipped":0,"pct":70}}
,"/home/runner/work/unicornt-store-frontend/unicornt-store-frontend/src/storage/cart.storage.ts": {"lines":{"total":11,"covered":11,"skipped":0,"pct":100},"functions":{"total":2,"covered":2,"skipped":0,"pct":100},"statements":{"total":11,"covered":11,"skipped":0,"pct":100},"branches":{"total":6,"covered":6,"skipped":0,"pct":100}}
,"/home/runner/work/unicornt-store-frontend/unicornt-store-frontend/src/views/authForm.ts": {"lines":{"total":22,"covered":22,"skipped":0,"pct":100},"functions":{"total":6,"covered":6,"skipped":0,"pct":100},"statements":{"total":22,"covered":22,"skipped":0,"pct":100},"branches":{"total":6,"covered":6,"skipped":0,"pct":100}}
,"/home/runner/work/unicornt-store-frontend/unicornt-store-frontend/src/views/cart.view.ts": {"lines":{"total":57,"covered":53,"skipped":0,"pct":92.98},"functions":{"total":12,"covered":10,"skipped":0,"pct":83.33},"statements":{"total":57,"covered":53,"skipped":0,"pct":92.98},"branches":{"total":12,"covered":10,"skipped":0,"pct":83.33}}
,"/home/runner/work/unicornt-store-frontend/unicornt-store-frontend/src/views/catalog.view.ts": {"lines":{"total":48,"covered":30,"skipped":0,"pct":62.5},"functions":{"total":7,"covered":6,"skipped":0,"pct":85.71},"statements":{"total":48,"covered":30,"skipped":0,"pct":62.5},"branches":{"total":8,"covered":4,"skipped":0,"pct":50}}
,"/home/runner/work/unicornt-store-frontend/unicornt-store-frontend/src/views/checkout.view.ts": {"lines":{"total":68,"covered":62,"skipped":0,"pct":91.17},"functions":{"total":9,"covered":8,"skipped":0,"pct":88.88},"statements":{"total":68,"covered":62,"skipped":0,"pct":91.17},"branches":{"total":26,"covered":19,"skipped":0,"pct":73.07}}
,"/home/runner/work/unicornt-store-frontend/unicornt-store-frontend/src/views/login.view.ts": {"lines":{"total":19,"covered":19,"skipped":0,"pct":100},"functions":{"total":4,"covered":4,"skipped":0,"pct":100},"statements":{"total":19,"covered":19,"skipped":0,"pct":100},"branches":{"total":7,"covered":7,"skipped":0,"pct":100}}
,"/home/runner/work/unicornt-store-frontend/unicornt-store-frontend/src/views/product.view.ts": {"lines":{"total":45,"covered":45,"skipped":0,"pct":100},"functions":{"total":10,"covered":10,"skipped":0,"pct":100},"statements":{"total":46,"covered":46,"skipped":0,"pct":100},"branches":{"total":8,"covered":7,"skipped":0,"pct":87.5}}
,"/home/runner/work/unicornt-store-frontend/unicornt-store-frontend/src/views/register.view.ts": {"lines":{"total":31,"covered":30,"skipped":0,"pct":96.77},"functions":{"total":5,"covered":5,"skipped":0,"pct":100},"statements":{"total":31,"covered":30,"skipped":0,"pct":96.77},"branches":{"total":13,"covered":12,"skipped":0,"pct":92.3}}
,"/home/runner/work/unicornt-store-frontend/unicornt-store-frontend/src/views/admin/adminProducts.view.ts": {"lines":{"total":98,"covered":78,"skipped":0,"pct":79.59},"functions":{"total":16,"covered":13,"skipped":0,"pct":81.25},"statements":{"total":98,"covered":78,"skipped":0,"pct":79.59},"branches":{"total":27,"covered":15,"skipped":0,"pct":55.55}}
}
