{"/home/runner/work/unicornt-store-frontend/unicornt-store-frontend/src/api/checkout.api.ts": {"path":"/home/runner/work/unicornt-store-frontend/unicornt-store-frontend/src/api/checkout.api.ts","statementMap":{"0":{"start":{"line":4,"column":29},"end":{"line":4,"column":null}},"1":{"start":{"line":12,"column":31},"end":{"line":12,"column":null}},"2":{"start":{"line":15,"column":2},"end":{"line":17,"column":null}},"3":{"start":{"line":16,"column":4},"end":{"line":16,"column":null}},"4":{"start":{"line":30,"column":2},"end":{"line":30,"column":null}},"5":{"start":{"line":32,"column":2},"end":{"line":37,"column":null}},"6":{"start":{"line":33,"column":4},"end":{"line":36,"column":null}},"7":{"start":{"line":40,"column":2},"end":{"line":40,"column":null}}},"fnMap":{"0":{"name":"wait","decl":{"start":{"line":14,"column":9},"end":{"line":14,"column":14}},"loc":{"start":{"line":14,"column":41},"end":{"line":18,"column":null}},"line":14},"1":{"name":"(anonymous_1)","decl":{"start":{"line":15,"column":13},"end":{"line":15,"column":22}},"loc":{"start":{"line":15,"column":34},"end":{"line":17,"column":3}},"line":15},"2":{"name":"submitOrder","decl":{"start":{"line":29,"column":22},"end":{"line":29,"column":34}},"loc":{"start":{"line":29,"column":71},"end":{"line":41,"column":null}},"line":29}},"branchMap":{"0":{"loc":{"start":{"line":32,"column":2},"end":{"line":37,"column":null}},"type":"if","locations":[{"start":{"line":32,"column":2},"end":{"line":37,"column":null}},{"start":{},"end":{}}],"line":32}},"s":{"0":7,"1":7,"2":3,"3":3,"4":3,"5":3,"6":1,"7":2},"f":{"0":3,"1":3,"2":3},"b":{"0":[1,2]},"meta":{"lastBranch":1,"lastFunction":3,"lastStatement":8,"seen":{"s:4:29:4:Infinity":0,"s:12:31:12:Infinity":1,"f:14:9:14:14":0,"s:15:2:17:Infinity":2,"f:15:13:15:22":1,"s:16:4:16:Infinity":3,"f:29:22:29:34":2,"s:30:2:30:Infinity":4,"b:32:2:37:Infinity:undefined:undefined:undefined:undefined":0,"s:32:2:37:Infinity":5,"s:33:4:36:Infinity":6,"s:40:2:40:Infinity":7},"fnNames":{}}}
,"/home/runner/work/unicornt-store-frontend/unicornt-store-frontend/src/api/errors.ts": {"path":"/home/runner/work/unicornt-store-frontend/unicornt-store-frontend/src/api/errors.ts","statementMap":{"0":{"start":{"line":7,"column":33},"end":{"line":7,"column":null}},"1":{"start":{"line":14,"column":4},"end":{"line":14,"column":null}},"2":{"start":{"line":15,"column":4},"end":{"line":15,"column":null}},"3":{"start":{"line":16,"column":4},"end":{"line":16,"column":null}}},"fnMap":{"0":{"name":"constructor","decl":{"start":{"line":13,"column":2},"end":{"line":13,"column":14}},"loc":{"start":{"line":13,"column":86},"end":{"line":17,"column":null}},"line":13}},"branchMap":{},"s":{"0":9,"1":7,"2":7,"3":7},"f":{"0":7},"b":{},"meta":{"lastBranch":0,"lastFunction":1,"lastStatement":4,"seen":{"s:7:33:7:Infinity":0,"f:13:2:13:14":0,"s:14:4:14:Infinity":1,"s:15:4:15:Infinity":2,"s:16:4:16:Infinity":3},"fnNames":{}}}
,"/home/runner/work/unicornt-store-frontend/unicornt-store-frontend/src/api/product.api.ts": {"path":"/home/runner/work/unicornt-store-frontend/unicornt-store-frontend/src/api/product.api.ts","statementMap":{"0":{"start":{"line":9,"column":21},"end":{"line":9,"column":null}},"1":{"start":{"line":19,"column":2},"end":{"line":23,"column":null}},"2":{"start":{"line":20,"column":4},"end":{"line":20,"column":null}},"3":{"start":{"line":22,"column":4},"end":{"line":22,"column":null}},"4":{"start":{"line":25,"column":2},"end":{"line":30,"column":null}},"5":{"start":{"line":26,"column":4},"end":{"line":29,"column":null}},"6":{"start":{"line":32,"column":2},"end":{"line":36,"column":null}},"7":{"start":{"line":33,"column":4},"end":{"line":33,"column":null}},"8":{"start":{"line":35,"column":4},"end":{"line":35,"column":null}}},"fnMap":{"0":{"name":"fetchProductsPayload","decl":{"start":{"line":17,"column":22},"end":{"line":17,"column":63}},"loc":{"start":{"line":17,"column":63},"end":{"line":37,"column":null}},"line":17}},"branchMap":{"0":{"loc":{"start":{"line":25,"column":2},"end":{"line":30,"column":null}},"type":"if","locations":[{"start":{"line":25,"column":2},"end":{"line":30,"column":null}},{"start":{},"end":{}}],"line":25}},"s":{"0":1,"1":4,"2":4,"3":1,"4":3,"5":1,"6":2,"7":2,"8":1},"f":{"0":4},"b":{"0":[1,2]},"meta":{"lastBranch":1,"lastFunction":1,"lastStatement":9,"seen":{"s:9:21:9:Infinity":0,"f:17:22:17:63":0,"s:19:2:23:Infinity":1,"s:20:4:20:Infinity":2,"s:22:4:22:Infinity":3,"b:25:2:30:Infinity:undefined:undefined:undefined:undefined":0,"s:25:2:30:Infinity":4,"s:26:4:29:Infinity":5,"s:32:2:36:Infinity":6,"s:33:4:33:Infinity":7,"s:35:4:35:Infinity":8},"fnNames":{}}}
,"/home/runner/work/unicornt-store-frontend/unicornt-store-frontend/src/components/CartPanel/CartPanel.ts": {"path":"/home/runner/work/unicornt-store-frontend/unicornt-store-frontend/src/components/CartPanel/CartPanel.ts","statementMap":{"0":{"start":{"line":9,"column":18},"end":{"line":9,"column":null}},"1":{"start":{"line":10,"column":2},"end":{"line":10,"column":null}},"2":{"start":{"line":12,"column":15},"end":{"line":12,"column":null}},"3":{"start":{"line":13,"column":2},"end":{"line":13,"column":null}},"4":{"start":{"line":15,"column":2},"end":{"line":15,"column":null}},"5":{"start":{"line":16,"column":2},"end":{"line":16,"column":null}},"6":{"start":{"line":19,"column":27},"end":{"line":19,"column":null}},"7":{"start":{"line":20,"column":0},"end":{"line":20,"column":null}},"8":{"start":{"line":23,"column":23},"end":{"line":23,"column":null}},"9":{"start":{"line":24,"column":16},"end":{"line":24,"column":null}},"10":{"start":{"line":26,"column":2},"end":{"line":28,"column":null}},"11":{"start":{"line":27,"column":4},"end":{"line":27,"column":null}},"12":{"start":{"line":30,"column":2},"end":{"line":30,"column":null}},"13":{"start":{"line":34,"column":38},"end":{"line":34,"column":null}},"14":{"start":{"line":35,"column":13},"end":{"line":35,"column":null}},"15":{"start":{"line":37,"column":19},"end":{"line":37,"column":null}},"16":{"start":{"line":38,"column":2},"end":{"line":38,"column":null}},"17":{"start":{"line":40,"column":14},"end":{"line":40,"column":null}},"18":{"start":{"line":41,"column":2},"end":{"line":41,"column":null}},"19":{"start":{"line":42,"column":2},"end":{"line":42,"column":null}},"20":{"start":{"line":44,"column":2},"end":{"line":44,"column":null}},"21":{"start":{"line":45,"column":2},"end":{"line":46,"column":null}},"22":{"start":{"line":47,"column":2},"end":{"line":48,"column":null}},"23":{"start":{"line":50,"column":2},"end":{"line":50,"column":null}},"24":{"start":{"line":51,"column":2},"end":{"line":51,"column":null}},"25":{"start":{"line":52,"column":2},"end":{"line":52,"column":null}},"26":{"start":{"line":54,"column":19},"end":{"line":54,"column":null}},"27":{"start":{"line":55,"column":2},"end":{"line":55,"column":null}},"28":{"start":{"line":56,"column":2},"end":{"line":56,"column":null}},"29":{"start":{"line":57,"column":2},"end":{"line":57,"column":null}},"30":{"start":{"line":58,"column":2},"end":{"line":58,"column":null}},"31":{"start":{"line":60,"column":2},"end":{"line":60,"column":null}},"32":{"start":{"line":65,"column":2},"end":{"line":67,"column":null}},"33":{"start":{"line":66,"column":4},"end":{"line":66,"column":null}},"34":{"start":{"line":68,"column":2},"end":{"line":68,"column":null}}},"fnMap":{"0":{"name":"createEmptyCart","decl":{"start":{"line":8,"column":9},"end":{"line":8,"column":42}},"loc":{"start":{"line":8,"column":42},"end":{"line":17,"column":null}},"line":8},"1":{"name":"cloneCartPanelTemplate","decl":{"start":{"line":22,"column":9},"end":{"line":22,"column":47}},"loc":{"start":{"line":22,"column":47},"end":{"line":31,"column":null}},"line":22},"2":{"name":"createCartLine","decl":{"start":{"line":33,"column":9},"end":{"line":33,"column":24}},"loc":{"start":{"line":33,"column":53},"end":{"line":61,"column":null}},"line":33},"3":{"name":"createCartItems","decl":{"start":{"line":64,"column":16},"end":{"line":64,"column":32}},"loc":{"start":{"line":64,"column":75},"end":{"line":69,"column":null}},"line":64}},"branchMap":{"0":{"loc":{"start":{"line":26,"column":2},"end":{"line":28,"column":null}},"type":"if","locations":[{"start":{"line":26,"column":2},"end":{"line":28,"column":null}},{"start":{},"end":{}}],"line":26},"1":{"loc":{"start":{"line":65,"column":2},"end":{"line":67,"column":null}},"type":"if","locations":[{"start":{"line":65,"column":2},"end":{"line":67,"column":null}},{"start":{},"end":{}}],"line":65}},"s":{"0":5,"1":5,"2":5,"3":5,"4":5,"5":5,"6":6,"7":6,"8":14,"9":14,"10":14,"11":0,"12":14,"13":14,"14":14,"15":14,"16":14,"17":14,"18":14,"19":14,"20":14,"21":14,"22":14,"23":14,"24":14,"25":14,"26":14,"27":14,"28":14,"29":14,"30":14,"31":14,"32":17,"33":5,"34":12},"f":{"0":5,"1":14,"2":14,"3":17},"b":{"0":[0,14],"1":[5,12]},"meta":{"lastBranch":2,"lastFunction":4,"lastStatement":35,"seen":{"f:8:9:8:42":0,"s:9:18:9:Infinity":0,"s:10:2:10:Infinity":1,"s:12:15:12:Infinity":2,"s:13:2:13:Infinity":3,"s:15:2:15:Infinity":4,"s:16:2:16:Infinity":5,"s:19:27:19:Infinity":6,"s:20:0:20:Infinity":7,"f:22:9:22:47":1,"s:23:23:23:Infinity":8,"s:24:16:24:Infinity":9,"b:26:2:28:Infinity:undefined:undefined:undefined:undefined":0,"s:26:2:28:Infinity":10,"s:27:4:27:Infinity":11,"s:30:2:30:Infinity":12,"f:33:9:33:24":2,"s:34:38:34:Infinity":13,"s:35:13:35:Infinity":14,"s:37:19:37:Infinity":15,"s:38:2:38:Infinity":16,"s:40:14:40:Infinity":17,"s:41:2:41:Infinity":18,"s:42:2:42:Infinity":19,"s:44:2:44:Infinity":20,"s:45:2:46:Infinity":21,"s:47:2:48:Infinity":22,"s:50:2:50:Infinity":23,"s:51:2:51:Infinity":24,"s:52:2:52:Infinity":25,"s:54:19:54:Infinity":26,"s:55:2:55:Infinity":27,"s:56:2:56:Infinity":28,"s:57:2:57:Infinity":29,"s:58:2:58:Infinity":30,"s:60:2:60:Infinity":31,"f:64:16:64:32":3,"b:65:2:67:Infinity:undefined:undefined:undefined:undefined":1,"s:65:2:67:Infinity":32,"s:66:4:66:Infinity":33,"s:68:2:68:Infinity":34},"fnNames":{}}}
,"/home/runner/work/unicornt-store-frontend/unicornt-store-frontend/src/components/ErrorFallback/ErrorFallback.ts": {"path":"/home/runner/work/unicornt-store-frontend/unicornt-store-frontend/src/components/ErrorFallback/ErrorFallback.ts","statementMap":{"0":{"start":{"line":4,"column":37},"end":{"line":4,"column":null}},"1":{"start":{"line":6,"column":17},"end":{"line":6,"column":null}},"2":{"start":{"line":7,"column":0},"end":{"line":7,"column":null}},"3":{"start":{"line":10,"column":23},"end":{"line":10,"column":null}},"4":{"start":{"line":11,"column":16},"end":{"line":11,"column":null}},"5":{"start":{"line":13,"column":2},"end":{"line":15,"column":null}},"6":{"start":{"line":14,"column":4},"end":{"line":14,"column":null}},"7":{"start":{"line":17,"column":2},"end":{"line":17,"column":null}},"8":{"start":{"line":30,"column":19},"end":{"line":30,"column":null}},"9":{"start":{"line":32,"column":2},"end":{"line":32,"column":null}},"10":{"start":{"line":34,"column":2},"end":{"line":34,"column":null}}},"fnMap":{"0":{"name":"cloneErrorFallbackTemplate","decl":{"start":{"line":9,"column":9},"end":{"line":9,"column":51}},"loc":{"start":{"line":9,"column":51},"end":{"line":18,"column":null}},"line":9},"1":{"name":"createErrorFallback","decl":{"start":{"line":29,"column":16},"end":{"line":29,"column":36}},"loc":{"start":{"line":29,"column":66},"end":{"line":35,"column":null}},"line":29}},"branchMap":{"0":{"loc":{"start":{"line":13,"column":2},"end":{"line":15,"column":null}},"type":"if","locations":[{"start":{"line":13,"column":2},"end":{"line":15,"column":null}},{"start":{},"end":{}}],"line":13}},"s":{"0":5,"1":5,"2":5,"3":6,"4":6,"5":6,"6":0,"7":6,"8":6,"9":6,"10":6},"f":{"0":6,"1":6},"b":{"0":[0,6]},"meta":{"lastBranch":1,"lastFunction":2,"lastStatement":11,"seen":{"s:4:37:4:Infinity":0,"s:6:17:6:Infinity":1,"s:7:0:7:Infinity":2,"f:9:9:9:51":0,"s:10:23:10:Infinity":3,"s:11:16:11:Infinity":4,"b:13:2:15:Infinity:undefined:undefined:undefined:undefined":0,"s:13:2:15:Infinity":5,"s:14:4:14:Infinity":6,"s:17:2:17:Infinity":7,"f:29:16:29:36":1,"s:30:19:30:Infinity":8,"s:32:2:32:Infinity":9,"s:34:2:34:Infinity":10},"fnNames":{}}}
,"/home/runner/work/unicornt-store-frontend/unicornt-store-frontend/src/components/GlobalFallback/GlobalFallback.ts": {"path":"/home/runner/work/unicornt-store-frontend/unicornt-store-frontend/src/components/GlobalFallback/GlobalFallback.ts","statementMap":{"0":{"start":{"line":4,"column":31},"end":{"line":4,"column":null}},"1":{"start":{"line":6,"column":17},"end":{"line":6,"column":null}},"2":{"start":{"line":7,"column":0},"end":{"line":7,"column":null}},"3":{"start":{"line":10,"column":23},"end":{"line":10,"column":null}},"4":{"start":{"line":11,"column":16},"end":{"line":11,"column":null}},"5":{"start":{"line":13,"column":2},"end":{"line":15,"column":null}},"6":{"start":{"line":14,"column":4},"end":{"line":14,"column":null}},"7":{"start":{"line":17,"column":2},"end":{"line":17,"column":null}},"8":{"start":{"line":34,"column":19},"end":{"line":34,"column":null}},"9":{"start":{"line":36,"column":2},"end":{"line":36,"column":null}},"10":{"start":{"line":37,"column":2},"end":{"line":42,"column":null}},"11":{"start":{"line":40,"column":6},"end":{"line":40,"column":null}},"12":{"start":{"line":44,"column":2},"end":{"line":44,"column":null}}},"fnMap":{"0":{"name":"cloneGlobalFallbackTemplate","decl":{"start":{"line":9,"column":9},"end":{"line":9,"column":52}},"loc":{"start":{"line":9,"column":52},"end":{"line":18,"column":null}},"line":9},"1":{"name":"renderGlobalFallback","decl":{"start":{"line":31,"column":16},"end":{"line":31,"column":null}},"loc":{"start":{"line":33,"column":8},"end":{"line":45,"column":null}},"line":33},"2":{"name":"(anonymous_2)","decl":{"start":{"line":38,"column":4},"end":{"line":38,"column":null}},"loc":{"start":{"line":39,"column":10},"end":{"line":41,"column":null}},"line":39}},"branchMap":{"0":{"loc":{"start":{"line":13,"column":2},"end":{"line":15,"column":null}},"type":"if","locations":[{"start":{"line":13,"column":2},"end":{"line":15,"column":null}},{"start":{},"end":{}}],"line":13},"1":{"loc":{"start":{"line":32,"column":2},"end":{"line":32,"column":null}},"type":"default-arg","locations":[{"start":{"line":32,"column":12},"end":{"line":32,"column":null}}],"line":32}},"s":{"0":3,"1":3,"2":3,"3":5,"4":5,"5":5,"6":0,"7":5,"8":5,"9":5,"10":5,"11":1,"12":5},"f":{"0":5,"1":5,"2":1},"b":{"0":[0,5],"1":[5]},"meta":{"lastBranch":2,"lastFunction":3,"lastStatement":13,"seen":{"s:4:31:4:Infinity":0,"s:6:17:6:Infinity":1,"s:7:0:7:Infinity":2,"f:9:9:9:52":0,"s:10:23:10:Infinity":3,"s:11:16:11:Infinity":4,"b:13:2:15:Infinity:undefined:undefined:undefined:undefined":0,"s:13:2:15:Infinity":5,"s:14:4:14:Infinity":6,"s:17:2:17:Infinity":7,"f:31:16:31:Infinity":1,"b:32:12:32:Infinity":1,"s:34:19:34:Infinity":8,"s:36:2:36:Infinity":9,"s:37:2:42:Infinity":10,"f:38:4:38:Infinity":2,"s:40:6:40:Infinity":11,"s:44:2:44:Infinity":12},"fnNames":{}}}
,"/home/runner/work/unicornt-store-frontend/unicornt-store-frontend/src/components/LoadingSkeleton/LoadingSkeleton.ts": {"path":"/home/runner/work/unicornt-store-frontend/unicornt-store-frontend/src/components/LoadingSkeleton/LoadingSkeleton.ts","statementMap":{"0":{"start":{"line":4,"column":17},"end":{"line":4,"column":null}},"1":{"start":{"line":5,"column":0},"end":{"line":5,"column":null}},"2":{"start":{"line":8,"column":23},"end":{"line":8,"column":null}},"3":{"start":{"line":9,"column":16},"end":{"line":9,"column":null}},"4":{"start":{"line":11,"column":2},"end":{"line":13,"column":null}},"5":{"start":{"line":12,"column":4},"end":{"line":12,"column":null}},"6":{"start":{"line":15,"column":2},"end":{"line":15,"column":null}},"7":{"start":{"line":28,"column":19},"end":{"line":28,"column":null}},"8":{"start":{"line":30,"column":2},"end":{"line":30,"column":null}},"9":{"start":{"line":32,"column":2},"end":{"line":32,"column":null}}},"fnMap":{"0":{"name":"cloneLoadingSkeletonTemplate","decl":{"start":{"line":7,"column":9},"end":{"line":7,"column":53}},"loc":{"start":{"line":7,"column":53},"end":{"line":16,"column":null}},"line":7},"1":{"name":"createLoadingState","decl":{"start":{"line":27,"column":16},"end":{"line":27,"column":35}},"loc":{"start":{"line":27,"column":73},"end":{"line":33,"column":null}},"line":27}},"branchMap":{"0":{"loc":{"start":{"line":11,"column":2},"end":{"line":13,"column":null}},"type":"if","locations":[{"start":{"line":11,"column":2},"end":{"line":13,"column":null}},{"start":{},"end":{}}],"line":11},"1":{"loc":{"start":{"line":27,"column":35},"end":{"line":27,"column":73}},"type":"default-arg","locations":[{"start":{"line":27,"column":45},"end":{"line":27,"column":73}}],"line":27}},"s":{"0":5,"1":5,"2":20,"3":20,"4":20,"5":0,"6":20,"7":20,"8":20,"9":20},"f":{"0":20,"1":20},"b":{"0":[0,20],"1":[20]},"meta":{"lastBranch":2,"lastFunction":2,"lastStatement":10,"seen":{"s:4:17:4:Infinity":0,"s:5:0:5:Infinity":1,"f:7:9:7:53":0,"s:8:23:8:Infinity":2,"s:9:16:9:Infinity":3,"b:11:2:13:Infinity:undefined:undefined:undefined:undefined":0,"s:11:2:13:Infinity":4,"s:12:4:12:Infinity":5,"s:15:2:15:Infinity":6,"f:27:16:27:35":1,"b:27:45:27:73":1,"s:28:19:28:Infinity":7,"s:30:2:30:Infinity":8,"s:32:2:32:Infinity":9},"fnNames":{}}}
,"/home/runner/work/unicornt-store-frontend/unicornt-store-frontend/src/components/ProductCard/ProductCard.ts": {"path":"/home/runner/work/unicornt-store-frontend/unicornt-store-frontend/src/components/ProductCard/ProductCard.ts","statementMap":{"0":{"start":{"line":7,"column":17},"end":{"line":7,"column":null}},"1":{"start":{"line":8,"column":0},"end":{"line":8,"column":null}},"2":{"start":{"line":11,"column":2},"end":{"line":11,"column":null}},"3":{"start":{"line":15,"column":23},"end":{"line":15,"column":null}},"4":{"start":{"line":16,"column":16},"end":{"line":16,"column":null}},"5":{"start":{"line":18,"column":2},"end":{"line":20,"column":null}},"6":{"start":{"line":19,"column":4},"end":{"line":19,"column":null}},"7":{"start":{"line":22,"column":2},"end":{"line":22,"column":null}},"8":{"start":{"line":33,"column":15},"end":{"line":33,"column":null}},"9":{"start":{"line":35,"column":16},"end":{"line":35,"column":null}},"10":{"start":{"line":36,"column":2},"end":{"line":36,"column":null}},"11":{"start":{"line":37,"column":2},"end":{"line":37,"column":null}},"12":{"start":{"line":39,"column":19},"end":{"line":39,"column":null}},"13":{"start":{"line":40,"column":2},"end":{"line":40,"column":null}},"14":{"start":{"line":41,"column":2},"end":{"line":41,"column":null}},"15":{"start":{"line":43,"column":2},"end":{"line":43,"column":null}},"16":{"start":{"line":45,"column":2},"end":{"line":45,"column":null}},"17":{"start":{"line":47,"column":2},"end":{"line":47,"column":null}},"18":{"start":{"line":49,"column":21},"end":{"line":49,"column":null}},"19":{"start":{"line":50,"column":2},"end":{"line":50,"column":null}},"20":{"start":{"line":52,"column":20},"end":{"line":52,"column":null}},"21":{"start":{"line":53,"column":2},"end":{"line":53,"column":null}},"22":{"start":{"line":55,"column":2},"end":{"line":55,"column":null}}},"fnMap":{"0":{"name":"categoryBadgeClass","decl":{"start":{"line":10,"column":9},"end":{"line":10,"column":28}},"loc":{"start":{"line":10,"column":83},"end":{"line":12,"column":null}},"line":10},"1":{"name":"cloneProductCardTemplate","decl":{"start":{"line":14,"column":9},"end":{"line":14,"column":49}},"loc":{"start":{"line":14,"column":49},"end":{"line":23,"column":null}},"line":14},"2":{"name":"createProductCardElement","decl":{"start":{"line":32,"column":16},"end":{"line":32,"column":41}},"loc":{"start":{"line":32,"column":77},"end":{"line":56,"column":null}},"line":32}},"branchMap":{"0":{"loc":{"start":{"line":11,"column":9},"end":{"line":11,"column":null}},"type":"cond-expr","locations":[{"start":{"line":11,"column":41},"end":{"line":11,"column":58}},{"start":{"line":11,"column":58},"end":{"line":11,"column":null}}],"line":11},"1":{"loc":{"start":{"line":18,"column":2},"end":{"line":20,"column":null}},"type":"if","locations":[{"start":{"line":18,"column":2},"end":{"line":20,"column":null}},{"start":{},"end":{}}],"line":18}},"s":{"0":3,"1":3,"2":8,"3":8,"4":8,"5":8,"6":0,"7":8,"8":8,"9":8,"10":8,"11":8,"12":8,"13":8,"14":8,"15":8,"16":8,"17":8,"18":8,"19":8,"20":8,"21":8,"22":8},"f":{"0":8,"1":8,"2":8},"b":{"0":[7,1],"1":[0,8]},"meta":{"lastBranch":2,"lastFunction":3,"lastStatement":23,"seen":{"s:7:17:7:Infinity":0,"s:8:0:8:Infinity":1,"f:10:9:10:28":0,"s:11:2:11:Infinity":2,"b:11:41:11:58:11:58:11:Infinity":0,"f:14:9:14:49":1,"s:15:23:15:Infinity":3,"s:16:16:16:Infinity":4,"b:18:2:20:Infinity:undefined:undefined:undefined:undefined":1,"s:18:2:20:Infinity":5,"s:19:4:19:Infinity":6,"s:22:2:22:Infinity":7,"f:32:16:32:41":2,"s:33:15:33:Infinity":8,"s:35:16:35:Infinity":9,"s:36:2:36:Infinity":10,"s:37:2:37:Infinity":11,"s:39:19:39:Infinity":12,"s:40:2:40:Infinity":13,"s:41:2:41:Infinity":14,"s:43:2:43:Infinity":15,"s:45:2:45:Infinity":16,"s:47:2:47:Infinity":17,"s:49:21:49:Infinity":18,"s:50:2:50:Infinity":19,"s:52:20:52:Infinity":20,"s:53:2:53:Infinity":21,"s:55:2:55:Infinity":22},"fnNames":{}}}
,"/home/runner/work/unicornt-store-frontend/unicornt-store-frontend/src/components/ProductDetail/ProductDetail.ts": {"path":"/home/runner/work/unicornt-store-frontend/unicornt-store-frontend/src/components/ProductDetail/ProductDetail.ts","statementMap":{"0":{"start":{"line":7,"column":17},"end":{"line":7,"column":null}},"1":{"start":{"line":8,"column":0},"end":{"line":8,"column":null}},"2":{"start":{"line":11,"column":2},"end":{"line":11,"column":null}},"3":{"start":{"line":15,"column":23},"end":{"line":15,"column":null}},"4":{"start":{"line":17,"column":2},"end":{"line":19,"column":null}},"5":{"start":{"line":18,"column":4},"end":{"line":18,"column":null}},"6":{"start":{"line":21,"column":2},"end":{"line":21,"column":null}},"7":{"start":{"line":34,"column":17},"end":{"line":34,"column":null}},"8":{"start":{"line":36,"column":16},"end":{"line":36,"column":null}},"9":{"start":{"line":37,"column":2},"end":{"line":37,"column":null}},"10":{"start":{"line":38,"column":2},"end":{"line":38,"column":null}},"11":{"start":{"line":40,"column":19},"end":{"line":40,"column":null}},"12":{"start":{"line":41,"column":2},"end":{"line":41,"column":null}},"13":{"start":{"line":42,"column":2},"end":{"line":42,"column":null}},"14":{"start":{"line":44,"column":2},"end":{"line":44,"column":null}},"15":{"start":{"line":46,"column":2},"end":{"line":46,"column":null}},"16":{"start":{"line":48,"column":2},"end":{"line":48,"column":null}},"17":{"start":{"line":50,"column":19},"end":{"line":50,"column":null}},"18":{"start":{"line":51,"column":2},"end":{"line":51,"column":null}},"19":{"start":{"line":52,"column":2},"end":{"line":52,"column":null}},"20":{"start":{"line":53,"column":2},"end":{"line":53,"column":null}},"21":{"start":{"line":55,"column":2},"end":{"line":55,"column":null}}},"fnMap":{"0":{"name":"categoryBadgeClass","decl":{"start":{"line":10,"column":9},"end":{"line":10,"column":28}},"loc":{"start":{"line":10,"column":83},"end":{"line":12,"column":null}},"line":10},"1":{"name":"cloneProductDetailTemplate","decl":{"start":{"line":14,"column":9},"end":{"line":14,"column":56}},"loc":{"start":{"line":14,"column":56},"end":{"line":22,"column":null}},"line":14},"2":{"name":"createProductDetail","decl":{"start":{"line":33,"column":16},"end":{"line":33,"column":36}},"loc":{"start":{"line":33,"column":77},"end":{"line":56,"column":null}},"line":33}},"branchMap":{"0":{"loc":{"start":{"line":11,"column":9},"end":{"line":11,"column":null}},"type":"cond-expr","locations":[{"start":{"line":11,"column":41},"end":{"line":11,"column":58}},{"start":{"line":11,"column":58},"end":{"line":11,"column":null}}],"line":11},"1":{"loc":{"start":{"line":17,"column":2},"end":{"line":19,"column":null}},"type":"if","locations":[{"start":{"line":17,"column":2},"end":{"line":19,"column":null}},{"start":{},"end":{}}],"line":17}},"s":{"0":3,"1":3,"2":8,"3":8,"4":8,"5":0,"6":8,"7":8,"8":8,"9":8,"10":8,"11":8,"12":8,"13":8,"14":8,"15":8,"16":8,"17":8,"18":8,"19":8,"20":8,"21":8},"f":{"0":8,"1":8,"2":8},"b":{"0":[8,0],"1":[0,8]},"meta":{"lastBranch":2,"lastFunction":3,"lastStatement":22,"seen":{"s:7:17:7:Infinity":0,"s:8:0:8:Infinity":1,"f:10:9:10:28":0,"s:11:2:11:Infinity":2,"b:11:41:11:58:11:58:11:Infinity":0,"f:14:9:14:56":1,"s:15:23:15:Infinity":3,"b:17:2:19:Infinity:undefined:undefined:undefined:undefined":1,"s:17:2:19:Infinity":4,"s:18:4:18:Infinity":5,"s:21:2:21:Infinity":6,"f:33:16:33:36":2,"s:34:17:34:Infinity":7,"s:36:16:36:Infinity":8,"s:37:2:37:Infinity":9,"s:38:2:38:Infinity":10,"s:40:19:40:Infinity":11,"s:41:2:41:Infinity":12,"s:42:2:42:Infinity":13,"s:44:2:44:Infinity":14,"s:46:2:46:Infinity":15,"s:48:2:48:Infinity":16,"s:50:19:50:Infinity":17,"s:51:2:51:Infinity":18,"s:52:2:52:Infinity":19,"s:53:2:53:Infinity":20,"s:55:2:55:Infinity":21},"fnNames":{}}}
,"/home/runner/work/unicornt-store-frontend/unicornt-store-frontend/src/components/Toast/Toast.ts": {"path":"/home/runner/work/unicornt-store-frontend/unicornt-store-frontend/src/components/Toast/Toast.ts","statementMap":{"0":{"start":{"line":4,"column":23},"end":{"line":4,"column":null}},"1":{"start":{"line":5,"column":31},"end":{"line":5,"column":null}},"2":{"start":{"line":9,"column":18},"end":{"line":9,"column":null}},"3":{"start":{"line":10,"column":20},"end":{"line":10,"column":null}},"4":{"start":{"line":12,"column":2},"end":{"line":12,"column":null}},"5":{"start":{"line":13,"column":2},"end":{"line":13,"column":null}}},"fnMap":{"0":{"name":"showToast","decl":{"start":{"line":8,"column":16},"end":{"line":8,"column":26}},"loc":{"start":{"line":8,"column":75},"end":{"line":14,"column":null}},"line":8}},"branchMap":{"0":{"loc":{"start":{"line":8,"column":26},"end":{"line":8,"column":75}},"type":"default-arg","locations":[{"start":{"line":8,"column":36},"end":{"line":8,"column":75}}],"line":8}},"s":{"0":7,"1":7,"2":7,"3":7,"4":7,"5":7},"f":{"0":7},"b":{"0":[7]},"meta":{"lastBranch":1,"lastFunction":1,"lastStatement":6,"seen":{"s:4:23:4:Infinity":0,"s:5:31:5:Infinity":1,"f:8:16:8:26":0,"b:8:36:8:75":0,"s:9:18:9:Infinity":2,"s:10:20:10:Infinity":3,"s:12:2:12:Infinity":4,"s:13:2:13:Infinity":5},"fnNames":{}}}
,"/home/runner/work/unicornt-store-frontend/unicornt-store-frontend/src/lib/button-feedback.ts": {"path":"/home/runner/work/unicornt-store-frontend/unicornt-store-frontend/src/lib/button-feedback.ts","statementMap":{"0":{"start":{"line":11,"column":23},"end":{"line":11,"column":null}},"1":{"start":{"line":12,"column":2},"end":{"line":12,"column":null}},"2":{"start":{"line":13,"column":2},"end":{"line":13,"column":null}},"3":{"start":{"line":14,"column":2},"end":{"line":17,"column":null}},"4":{"start":{"line":15,"column":4},"end":{"line":15,"column":null}},"5":{"start":{"line":16,"column":4},"end":{"line":16,"column":null}}},"fnMap":{"0":{"name":"flashButtonFeedback","decl":{"start":{"line":6,"column":16},"end":{"line":6,"column":null}},"loc":{"start":{"line":10,"column":8},"end":{"line":18,"column":null}},"line":10},"1":{"name":"(anonymous_1)","decl":{"start":{"line":14,"column":9},"end":{"line":14,"column":26}},"loc":{"start":{"line":14,"column":26},"end":{"line":17,"column":5}},"line":14}},"branchMap":{},"s":{"0":5,"1":5,"2":5,"3":5,"4":2,"5":2},"f":{"0":5,"1":2},"b":{},"meta":{"lastBranch":0,"lastFunction":2,"lastStatement":6,"seen":{"f:6:16:6:Infinity":0,"s:11:23:11:Infinity":0,"s:12:2:12:Infinity":1,"s:13:2:13:Infinity":2,"s:14:2:17:Infinity":3,"f:14:9:14:26":1,"s:15:4:15:Infinity":4,"s:16:4:16:Infinity":5},"fnNames":{}}}
,"/home/runner/work/unicornt-store-frontend/unicornt-store-frontend/src/lib/currency.ts": {"path":"/home/runner/work/unicornt-store-frontend/unicornt-store-frontend/src/lib/currency.ts","statementMap":{"0":{"start":{"line":7,"column":2},"end":{"line":7,"column":null}}},"fnMap":{"0":{"name":"formatPrice","decl":{"start":{"line":6,"column":16},"end":{"line":6,"column":28}},"loc":{"start":{"line":6,"column":52},"end":{"line":8,"column":null}},"line":6}},"branchMap":{},"s":{"0":60},"f":{"0":60},"b":{},"meta":{"lastBranch":0,"lastFunction":1,"lastStatement":1,"seen":{"f:6:16:6:28":0,"s:7:2:7:Infinity":0},"fnNames":{}}}
,"/home/runner/work/unicornt-store-frontend/unicornt-store-frontend/src/lib/dom.ts": {"path":"/home/runner/work/unicornt-store-frontend/unicornt-store-frontend/src/lib/dom.ts","statementMap":{"0":{"start":{"line":12,"column":4},"end":{"line":12,"column":null}},"1":{"start":{"line":13,"column":4},"end":{"line":13,"column":null}},"2":{"start":{"line":19,"column":4},"end":{"line":19,"column":null}},"3":{"start":{"line":20,"column":4},"end":{"line":20,"column":null}},"4":{"start":{"line":33,"column":2},"end":{"line":33,"column":null}},"5":{"start":{"line":38,"column":18},"end":{"line":38,"column":null}},"6":{"start":{"line":39,"column":2},"end":{"line":41,"column":null}},"7":{"start":{"line":40,"column":4},"end":{"line":40,"column":null}},"8":{"start":{"line":42,"column":2},"end":{"line":42,"column":null}},"9":{"start":{"line":55,"column":2},"end":{"line":57,"column":null}},"10":{"start":{"line":56,"column":4},"end":{"line":56,"column":null}},"11":{"start":{"line":66,"column":18},"end":{"line":66,"column":null}},"12":{"start":{"line":67,"column":2},"end":{"line":67,"column":null}},"13":{"start":{"line":68,"column":2},"end":{"line":68,"column":null}},"14":{"start":{"line":81,"column":2},"end":{"line":83,"column":null}},"15":{"start":{"line":82,"column":4},"end":{"line":82,"column":null}},"16":{"start":{"line":84,"column":2},"end":{"line":84,"column":null}},"17":{"start":{"line":94,"column":2},"end":{"line":94,"column":null}},"18":{"start":{"line":95,"column":14},"end":{"line":95,"column":null}},"19":{"start":{"line":96,"column":13},"end":{"line":96,"column":null}},"20":{"start":{"line":97,"column":2},"end":{"line":101,"column":null}},"21":{"start":{"line":98,"column":4},"end":{"line":100,"column":null}},"22":{"start":{"line":102,"column":2},"end":{"line":102,"column":null}}},"fnMap":{"0":{"name":"constructor","decl":{"start":{"line":11,"column":2},"end":{"line":11,"column":14}},"loc":{"start":{"line":11,"column":32},"end":{"line":14,"column":null}},"line":11},"1":{"name":"constructor_2","decl":{"start":{"line":18,"column":2},"end":{"line":18,"column":14}},"loc":{"start":{"line":18,"column":50},"end":{"line":21,"column":null}},"line":18},"2":{"name":"queryElement","decl":{"start":{"line":32,"column":16},"end":{"line":32,"column":29}},"loc":{"start":{"line":32,"column":95},"end":{"line":34,"column":null}},"line":32},"3":{"name":"requireElement","decl":{"start":{"line":37,"column":16},"end":{"line":37,"column":31}},"loc":{"start":{"line":37,"column":90},"end":{"line":43,"column":null}},"line":37},"4":{"name":"assertElementType","decl":{"start":{"line":50,"column":16},"end":{"line":50,"column":null}},"loc":{"start":{"line":54,"column":24},"end":{"line":58,"column":null}},"line":54},"5":{"name":"requireElementOfType","decl":{"start":{"line":61,"column":16},"end":{"line":61,"column":null}},"loc":{"start":{"line":65,"column":5},"end":{"line":69,"column":null}},"line":65},"6":{"name":"closestFromEventTarget","decl":{"start":{"line":77,"column":16},"end":{"line":77,"column":null}},"loc":{"start":{"line":80,"column":18},"end":{"line":85,"column":null}},"line":80},"7":{"name":"requireDataId","decl":{"start":{"line":93,"column":16},"end":{"line":93,"column":30}},"loc":{"start":{"line":93,"column":56},"end":{"line":103,"column":null}},"line":93}},"branchMap":{"0":{"loc":{"start":{"line":32,"column":47},"end":{"line":32,"column":95}},"type":"default-arg","locations":[{"start":{"line":32,"column":69},"end":{"line":32,"column":95}}],"line":32},"1":{"loc":{"start":{"line":37,"column":49},"end":{"line":37,"column":90}},"type":"default-arg","locations":[{"start":{"line":37,"column":71},"end":{"line":37,"column":90}}],"line":37},"2":{"loc":{"start":{"line":39,"column":2},"end":{"line":41,"column":null}},"type":"if","locations":[{"start":{"line":39,"column":2},"end":{"line":41,"column":null}},{"start":{},"end":{}}],"line":39},"3":{"loc":{"start":{"line":55,"column":2},"end":{"line":57,"column":null}},"type":"if","locations":[{"start":{"line":55,"column":2},"end":{"line":57,"column":null}},{"start":{},"end":{}}],"line":55},"4":{"loc":{"start":{"line":64,"column":2},"end":{"line":64,"column":null}},"type":"default-arg","locations":[{"start":{"line":64,"column":24},"end":{"line":64,"column":null}}],"line":64},"5":{"loc":{"start":{"line":81,"column":2},"end":{"line":83,"column":null}},"type":"if","locations":[{"start":{"line":81,"column":2},"end":{"line":83,"column":null}},{"start":{},"end":{}}],"line":81},"6":{"loc":{"start":{"line":96,"column":13},"end":{"line":96,"column":null}},"type":"cond-expr","locations":[{"start":{"line":96,"column":33},"end":{"line":96,"column":46}},{"start":{"line":96,"column":46},"end":{"line":96,"column":null}}],"line":96},"7":{"loc":{"start":{"line":97,"column":2},"end":{"line":101,"column":null}},"type":"if","locations":[{"start":{"line":97,"column":2},"end":{"line":101,"column":null}},{"start":{},"end":{}}],"line":97},"8":{"loc":{"start":{"line":99,"column":69},"end":{"line":99,"column":79}},"type":"binary-expr","locations":[{"start":{"line":99,"column":69},"end":{"line":99,"column":76}},{"start":{"line":99,"column":76},"end":{"line":99,"column":79}}],"line":99}},"s":{"0":5,"1":5,"2":3,"3":3,"4":607,"5":603,"6":603,"7":5,"8":598,"9":378,"10":3,"11":364,"12":364,"13":364,"14":14,"15":2,"16":12,"17":11,"18":11,"19":11,"20":11,"21":2,"22":8},"f":{"0":5,"1":3,"2":607,"3":603,"4":378,"5":364,"6":14,"7":11},"b":{"0":[607],"1":[603],"2":[5,598],"3":[3,375],"4":[364],"5":[2,12],"6":[1,9],"7":[2,9],"8":[2,1]},"meta":{"lastBranch":9,"lastFunction":8,"lastStatement":23,"seen":{"f:11:2:11:14":0,"s:12:4:12:Infinity":0,"s:13:4:13:Infinity":1,"f:18:2:18:14":1,"s:19:4:19:Infinity":2,"s:20:4:20:Infinity":3,"f:32:16:32:29":2,"b:32:69:32:95":0,"s:33:2:33:Infinity":4,"f:37:16:37:31":3,"b:37:71:37:90":1,"s:38:18:38:Infinity":5,"b:39:2:41:Infinity:undefined:undefined:undefined:undefined":2,"s:39:2:41:Infinity":6,"s:40:4:40:Infinity":7,"s:42:2:42:Infinity":8,"f:50:16:50:Infinity":4,"b:55:2:57:Infinity:undefined:undefined:undefined:undefined":3,"s:55:2:57:Infinity":9,"s:56:4:56:Infinity":10,"f:61:16:61:Infinity":5,"b:64:24:64:Infinity":4,"s:66:18:66:Infinity":11,"s:67:2:67:Infinity":12,"s:68:2:68:Infinity":13,"f:77:16:77:Infinity":6,"b:81:2:83:Infinity:undefined:undefined:undefined:undefined":5,"s:81:2:83:Infinity":14,"s:82:4:82:Infinity":15,"s:84:2:84:Infinity":16,"f:93:16:93:30":7,"s:94:2:94:Infinity":17,"s:95:14:95:Infinity":18,"s:96:13:96:Infinity":19,"b:96:33:96:46:96:46:96:Infinity":6,"b:97:2:101:Infinity:undefined:undefined:undefined:undefined":7,"s:97:2:101:Infinity":20,"s:98:4:100:Infinity":21,"b:99:69:99:76:99:76:99:79":8,"s:102:2:102:Infinity":22},"fnNames":{}}}
,"/home/runner/work/unicornt-store-frontend/unicornt-store-frontend/src/lib/form.ts": {"path":"/home/runner/work/unicornt-store-frontend/unicornt-store-frontend/src/lib/form.ts","statementMap":{"0":{"start":{"line":7,"column":16},"end":{"line":7,"column":null}},"1":{"start":{"line":8,"column":2},"end":{"line":10,"column":null}},"2":{"start":{"line":9,"column":4},"end":{"line":9,"column":null}},"3":{"start":{"line":11,"column":2},"end":{"line":11,"column":null}}},"fnMap":{"0":{"name":"requireFormStringField","decl":{"start":{"line":6,"column":16},"end":{"line":6,"column":39}},"loc":{"start":{"line":6,"column":81},"end":{"line":12,"column":null}},"line":6}},"branchMap":{"0":{"loc":{"start":{"line":8,"column":2},"end":{"line":10,"column":null}},"type":"if","locations":[{"start":{"line":8,"column":2},"end":{"line":10,"column":null}},{"start":{},"end":{}}],"line":8}},"s":{"0":20,"1":20,"2":3,"3":17},"f":{"0":20},"b":{"0":[3,17]},"meta":{"lastBranch":1,"lastFunction":1,"lastStatement":4,"seen":{"f:6:16:6:39":0,"s:7:16:7:Infinity":0,"b:8:2:10:Infinity:undefined:undefined:undefined:undefined":0,"s:8:2:10:Infinity":1,"s:9:4:9:Infinity":2,"s:11:2:11:Infinity":3},"fnNames":{}}}
,"/home/runner/work/unicornt-store-frontend/unicornt-store-frontend/src/lib/quantity.ts": {"path":"/home/runner/work/unicornt-store-frontend/unicornt-store-frontend/src/lib/quantity.ts","statementMap":{"0":{"start":{"line":1,"column":28},"end":{"line":1,"column":null}},"1":{"start":{"line":2,"column":28},"end":{"line":2,"column":null}},"2":{"start":{"line":6,"column":2},"end":{"line":8,"column":null}},"3":{"start":{"line":7,"column":4},"end":{"line":7,"column":null}},"4":{"start":{"line":9,"column":2},"end":{"line":9,"column":null}},"5":{"start":{"line":23,"column":2},"end":{"line":23,"column":null}}},"fnMap":{"0":{"name":"clampQuantity","decl":{"start":{"line":5,"column":16},"end":{"line":5,"column":30}},"loc":{"start":{"line":5,"column":93},"end":{"line":10,"column":null}},"line":5},"1":{"name":"parseQuantityInput","decl":{"start":{"line":18,"column":16},"end":{"line":18,"column":null}},"loc":{"start":{"line":22,"column":10},"end":{"line":24,"column":null}},"line":22}},"branchMap":{"0":{"loc":{"start":{"line":5,"column":45},"end":{"line":5,"column":65}},"type":"default-arg","locations":[{"start":{"line":5,"column":51},"end":{"line":5,"column":65}}],"line":5},"1":{"loc":{"start":{"line":5,"column":65},"end":{"line":5,"column":93}},"type":"default-arg","locations":[{"start":{"line":5,"column":71},"end":{"line":5,"column":93}}],"line":5},"2":{"loc":{"start":{"line":6,"column":2},"end":{"line":8,"column":null}},"type":"if","locations":[{"start":{"line":6,"column":2},"end":{"line":8,"column":null}},{"start":{},"end":{}}],"line":6},"3":{"loc":{"start":{"line":20,"column":2},"end":{"line":20,"column":null}},"type":"default-arg","locations":[{"start":{"line":20,"column":8},"end":{"line":20,"column":null}}],"line":20},"4":{"loc":{"start":{"line":21,"column":2},"end":{"line":21,"column":null}},"type":"default-arg","locations":[{"start":{"line":21,"column":8},"end":{"line":21,"column":null}}],"line":21}},"s":{"0":8,"1":8,"2":224,"3":3,"4":221,"5":113},"f":{"0":224,"1":113},"b":{"0":[224],"1":[224],"2":[3,221],"3":[113],"4":[113]},"meta":{"lastBranch":5,"lastFunction":2,"lastStatement":6,"seen":{"s:1:28:1:Infinity":0,"s:2:28:2:Infinity":1,"f:5:16:5:30":0,"b:5:51:5:65":0,"b:5:71:5:93":1,"b:6:2:8:Infinity:undefined:undefined:undefined:undefined":2,"s:6:2:8:Infinity":2,"s:7:4:7:Infinity":3,"s:9:2:9:Infinity":4,"f:18:16:18:Infinity":1,"b:20:8:20:Infinity":3,"b:21:8:21:Infinity":4,"s:23:2:23:Infinity":5},"fnNames":{}}}
,"/home/runner/work/unicornt-store-frontend/unicornt-store-frontend/src/models/cart.model.ts": {"path":"/home/runner/work/unicornt-store-frontend/unicornt-store-frontend/src/models/cart.model.ts","statementMap":{"0":{"start":{"line":24,"column":37},"end":{"line":24,"column":null}},"1":{"start":{"line":27,"column":2},"end":{"line":27,"column":null}},"2":{"start":{"line":31,"column":2},"end":{"line":33,"column":null}},"3":{"start":{"line":32,"column":4},"end":{"line":32,"column":null}},"4":{"start":{"line":34,"column":20},"end":{"line":34,"column":null}},"5":{"start":{"line":35,"column":2},"end":{"line":35,"column":null}},"6":{"start":{"line":39,"column":2},"end":{"line":39,"column":null}}},"fnMap":{"0":{"name":"isFinitePositiveInteger","decl":{"start":{"line":26,"column":9},"end":{"line":26,"column":33}},"loc":{"start":{"line":26,"column":66},"end":{"line":28,"column":null}},"line":26},"1":{"name":"isCartItemModel","decl":{"start":{"line":30,"column":16},"end":{"line":30,"column":32}},"loc":{"start":{"line":30,"column":72},"end":{"line":36,"column":null}},"line":30},"2":{"name":"isCartItemModelArray","decl":{"start":{"line":38,"column":16},"end":{"line":38,"column":37}},"loc":{"start":{"line":38,"column":79},"end":{"line":40,"column":null}},"line":38}},"branchMap":{"0":{"loc":{"start":{"line":27,"column":9},"end":{"line":27,"column":null}},"type":"binary-expr","locations":[{"start":{"line":27,"column":9},"end":{"line":27,"column":38}},{"start":{"line":27,"column":38},"end":{"line":27,"column":65}},{"start":{"line":27,"column":65},"end":{"line":27,"column":null}}],"line":27},"1":{"loc":{"start":{"line":31,"column":2},"end":{"line":33,"column":null}},"type":"if","locations":[{"start":{"line":31,"column":2},"end":{"line":33,"column":null}},{"start":{},"end":{}}],"line":31},"2":{"loc":{"start":{"line":31,"column":6},"end":{"line":31,"column":51}},"type":"binary-expr","locations":[{"start":{"line":31,"column":6},"end":{"line":31,"column":35}},{"start":{"line":31,"column":35},"end":{"line":31,"column":51}}],"line":31},"3":{"loc":{"start":{"line":35,"column":9},"end":{"line":35,"column":null}},"type":"binary-expr","locations":[{"start":{"line":35,"column":9},"end":{"line":35,"column":50}},{"start":{"line":35,"column":50},"end":{"line":35,"column":null}}],"line":35},"4":{"loc":{"start":{"line":39,"column":9},"end":{"line":39,"column":null}},"type":"binary-expr","locations":[{"start":{"line":39,"column":9},"end":{"line":39,"column":33}},{"start":{"line":39,"column":33},"end":{"line":39,"column":null}}],"line":39}},"s":{"0":10,"1":83,"2":45,"3":2,"4":43,"5":43,"6":41},"f":{"0":83,"1":45,"2":41},"b":{"0":[83,81,80],"1":[2,43],"2":[45,44],"3":[43,40],"4":[41,39]},"meta":{"lastBranch":5,"lastFunction":3,"lastStatement":7,"seen":{"s:24:37:24:Infinity":0,"f:26:9:26:33":0,"s:27:2:27:Infinity":1,"b:27:9:27:38:27:38:27:65:27:65:27:Infinity":0,"f:30:16:30:32":1,"b:31:2:33:Infinity:undefined:undefined:undefined:undefined":1,"s:31:2:33:Infinity":2,"b:31:6:31:35:31:35:31:51":2,"s:32:4:32:Infinity":3,"s:34:20:34:Infinity":4,"s:35:2:35:Infinity":5,"b:35:9:35:50:35:50:35:Infinity":3,"f:38:16:38:37":2,"s:39:2:39:Infinity":6,"b:39:9:39:33:39:33:39:Infinity":4},"fnNames":{}}}
,"/home/runner/work/unicornt-store-frontend/unicornt-store-frontend/src/models/checkout.model.ts": {"path":"/home/runner/work/unicornt-store-frontend/unicornt-store-frontend/src/models/checkout.model.ts","statementMap":{"0":{"start":{"line":10,"column":33},"end":{"line":10,"column":null}},"1":{"start":{"line":14,"column":2},"end":{"line":14,"column":null}},"2":{"start":{"line":32,"column":2},"end":{"line":36,"column":null}},"3":{"start":{"line":61,"column":24},"end":{"line":61,"column":null}},"4":{"start":{"line":62,"column":27},"end":{"line":62,"column":null}},"5":{"start":{"line":71,"column":2},"end":{"line":73,"column":null}},"6":{"start":{"line":72,"column":4},"end":{"line":72,"column":null}},"7":{"start":{"line":74,"column":13},"end":{"line":74,"column":null}},"8":{"start":{"line":75,"column":2},"end":{"line":77,"column":null}},"9":{"start":{"line":76,"column":4},"end":{"line":76,"column":null}},"10":{"start":{"line":78,"column":17},"end":{"line":78,"column":null}},"11":{"start":{"line":79,"column":14},"end":{"line":79,"column":null}},"12":{"start":{"line":80,"column":2},"end":{"line":80,"column":null}},"13":{"start":{"line":89,"column":38},"end":{"line":89,"column":null}},"14":{"start":{"line":91,"column":2},"end":{"line":93,"column":null}},"15":{"start":{"line":92,"column":4},"end":{"line":92,"column":null}},"16":{"start":{"line":95,"column":2},"end":{"line":97,"column":null}},"17":{"start":{"line":96,"column":4},"end":{"line":96,"column":null}},"18":{"start":{"line":99,"column":2},"end":{"line":101,"column":null}},"19":{"start":{"line":100,"column":4},"end":{"line":100,"column":null}},"20":{"start":{"line":103,"column":2},"end":{"line":103,"column":null}},"21":{"start":{"line":107,"column":2},"end":{"line":107,"column":null}}},"fnMap":{"0":{"name":"isCheckoutStatus","decl":{"start":{"line":13,"column":16},"end":{"line":13,"column":33}},"loc":{"start":{"line":13,"column":74},"end":{"line":15,"column":null}},"line":13},"1":{"name":"extractRawCheckoutInput","decl":{"start":{"line":31,"column":16},"end":{"line":31,"column":40}},"loc":{"start":{"line":31,"column":78},"end":{"line":37,"column":null}},"line":31},"2":{"name":"isPlausibleEmail","decl":{"start":{"line":70,"column":9},"end":{"line":70,"column":26}},"loc":{"start":{"line":70,"column":50},"end":{"line":81,"column":null}},"line":70},"3":{"name":"validateCheckoutInput","decl":{"start":{"line":88,"column":16},"end":{"line":88,"column":38}},"loc":{"start":{"line":88,"column":82},"end":{"line":104,"column":null}},"line":88},"4":{"name":"hasCheckoutErrors","decl":{"start":{"line":106,"column":16},"end":{"line":106,"column":34}},"loc":{"start":{"line":106,"column":72},"end":{"line":108,"column":null}},"line":106}},"branchMap":{"0":{"loc":{"start":{"line":14,"column":9},"end":{"line":14,"column":null}},"type":"binary-expr","locations":[{"start":{"line":14,"column":9},"end":{"line":14,"column":39}},{"start":{"line":14,"column":39},"end":{"line":14,"column":null}}],"line":14},"1":{"loc":{"start":{"line":71,"column":2},"end":{"line":73,"column":null}},"type":"if","locations":[{"start":{"line":71,"column":2},"end":{"line":73,"column":null}},{"start":{},"end":{}}],"line":71},"2":{"loc":{"start":{"line":75,"column":2},"end":{"line":77,"column":null}},"type":"if","locations":[{"start":{"line":75,"column":2},"end":{"line":77,"column":null}},{"start":{},"end":{}}],"line":75},"3":{"loc":{"start":{"line":75,"column":6},"end":{"line":75,"column":42}},"type":"binary-expr","locations":[{"start":{"line":75,"column":6},"end":{"line":75,"column":17}},{"start":{"line":75,"column":17},"end":{"line":75,"column":42}}],"line":75},"4":{"loc":{"start":{"line":80,"column":9},"end":{"line":80,"column":null}},"type":"binary-expr","locations":[{"start":{"line":80,"column":9},"end":{"line":80,"column":20}},{"start":{"line":80,"column":20},"end":{"line":80,"column":null}}],"line":80},"5":{"loc":{"start":{"line":91,"column":2},"end":{"line":93,"column":null}},"type":"if","locations":[{"start":{"line":91,"column":2},"end":{"line":93,"column":null}},{"start":{},"end":{}}],"line":91},"6":{"loc":{"start":{"line":95,"column":2},"end":{"line":97,"column":null}},"type":"if","locations":[{"start":{"line":95,"column":2},"end":{"line":97,"column":null}},{"start":{},"end":{}}],"line":95},"7":{"loc":{"start":{"line":99,"column":2},"end":{"line":101,"column":null}},"type":"if","locations":[{"start":{"line":99,"column":2},"end":{"line":101,"column":null}},{"start":{},"end":{}}],"line":99}},"s":{"0":7,"1":6,"2":6,"3":7,"4":7,"5":16,"6":1,"7":15,"8":15,"9":4,"10":11,"11":11,"12":11,"13":16,"14":16,"15":5,"16":16,"17":6,"18":16,"19":4,"20":16,"21":6},"f":{"0":6,"1":6,"2":16,"3":16,"4":6},"b":{"0":[6,6],"1":[1,15],"2":[4,11],"3":[15,11],"4":[11,10],"5":[5,11],"6":[6,10],"7":[4,12]},"meta":{"lastBranch":8,"lastFunction":5,"lastStatement":22,"seen":{"s:10:33:10:Infinity":0,"f:13:16:13:33":0,"s:14:2:14:Infinity":1,"b:14:9:14:39:14:39:14:Infinity":0,"f:31:16:31:40":1,"s:32:2:36:Infinity":2,"s:61:24:61:Infinity":3,"s:62:27:62:Infinity":4,"f:70:9:70:26":2,"b:71:2:73:Infinity:undefined:undefined:undefined:undefined":1,"s:71:2:73:Infinity":5,"s:72:4:72:Infinity":6,"s:74:13:74:Infinity":7,"b:75:2:77:Infinity:undefined:undefined:undefined:undefined":2,"s:75:2:77:Infinity":8,"b:75:6:75:17:75:17:75:42":3,"s:76:4:76:Infinity":9,"s:78:17:78:Infinity":10,"s:79:14:79:Infinity":11,"s:80:2:80:Infinity":12,"b:80:9:80:20:80:20:80:Infinity":4,"f:88:16:88:38":3,"s:89:38:89:Infinity":13,"b:91:2:93:Infinity:undefined:undefined:undefined:undefined":5,"s:91:2:93:Infinity":14,"s:92:4:92:Infinity":15,"b:95:2:97:Infinity:undefined:undefined:undefined:undefined":6,"s:95:2:97:Infinity":16,"s:96:4:96:Infinity":17,"b:99:2:101:Infinity:undefined:undefined:undefined:undefined":7,"s:99:2:101:Infinity":18,"s:100:4:100:Infinity":19,"s:103:2:103:Infinity":20,"f:106:16:106:34":4,"s:107:2:107:Infinity":21},"fnNames":{}}}
,"/home/runner/work/unicornt-store-frontend/unicornt-store-frontend/src/models/product.dto.ts": {"path":"/home/runner/work/unicornt-store-frontend/unicornt-store-frontend/src/models/product.dto.ts","statementMap":{"0":{"start":{"line":25,"column":2},"end":{"line":25,"column":null}},"1":{"start":{"line":29,"column":2},"end":{"line":29,"column":null}},"2":{"start":{"line":38,"column":2},"end":{"line":40,"column":null}},"3":{"start":{"line":39,"column":4},"end":{"line":39,"column":null}},"4":{"start":{"line":42,"column":20},"end":{"line":42,"column":null}},"5":{"start":{"line":44,"column":2},"end":{"line":54,"column":null}},"6":{"start":{"line":59,"column":2},"end":{"line":59,"column":null}}},"fnMap":{"0":{"name":"isNonEmptyString","decl":{"start":{"line":24,"column":9},"end":{"line":24,"column":26}},"loc":{"start":{"line":24,"column":59},"end":{"line":26,"column":null}},"line":24},"1":{"name":"isFiniteNumber","decl":{"start":{"line":28,"column":9},"end":{"line":28,"column":24}},"loc":{"start":{"line":28,"column":57},"end":{"line":30,"column":null}},"line":28},"2":{"name":"isProductDto","decl":{"start":{"line":37,"column":16},"end":{"line":37,"column":29}},"loc":{"start":{"line":37,"column":66},"end":{"line":56,"column":null}},"line":37},"3":{"name":"isProductDtoArray","decl":{"start":{"line":58,"column":16},"end":{"line":58,"column":34}},"loc":{"start":{"line":58,"column":73},"end":{"line":60,"column":null}},"line":58}},"branchMap":{"0":{"loc":{"start":{"line":25,"column":9},"end":{"line":25,"column":null}},"type":"binary-expr","locations":[{"start":{"line":25,"column":9},"end":{"line":25,"column":38}},{"start":{"line":25,"column":38},"end":{"line":25,"column":null}}],"line":25},"1":{"loc":{"start":{"line":29,"column":9},"end":{"line":29,"column":null}},"type":"binary-expr","locations":[{"start":{"line":29,"column":9},"end":{"line":29,"column":38}},{"start":{"line":29,"column":38},"end":{"line":29,"column":null}}],"line":29},"2":{"loc":{"start":{"line":38,"column":2},"end":{"line":40,"column":null}},"type":"if","locations":[{"start":{"line":38,"column":2},"end":{"line":40,"column":null}},{"start":{},"end":{}}],"line":38},"3":{"loc":{"start":{"line":38,"column":6},"end":{"line":38,"column":51}},"type":"binary-expr","locations":[{"start":{"line":38,"column":6},"end":{"line":38,"column":35}},{"start":{"line":38,"column":35},"end":{"line":38,"column":51}}],"line":38},"4":{"loc":{"start":{"line":45,"column":4},"end":{"line":54,"column":null}},"type":"binary-expr","locations":[{"start":{"line":45,"column":4},"end":{"line":45,"column":null}},{"start":{"line":46,"column":4},"end":{"line":46,"column":null}},{"start":{"line":47,"column":4},"end":{"line":47,"column":null}},{"start":{"line":48,"column":4},"end":{"line":48,"column":null}},{"start":{"line":49,"column":4},"end":{"line":49,"column":null}},{"start":{"line":50,"column":4},"end":{"line":50,"column":null}},{"start":{"line":51,"column":4},"end":{"line":51,"column":null}},{"start":{"line":52,"column":4},"end":{"line":52,"column":null}},{"start":{"line":53,"column":4},"end":{"line":53,"column":null}},{"start":{"line":54,"column":4},"end":{"line":54,"column":null}}],"line":45},"5":{"loc":{"start":{"line":59,"column":9},"end":{"line":59,"column":null}},"type":"binary-expr","locations":[{"start":{"line":59,"column":9},"end":{"line":59,"column":33}},{"start":{"line":59,"column":33},"end":{"line":59,"column":null}}],"line":59}},"s":{"0":178,"1":128,"2":72,"3":4,"4":68,"5":68,"6":8},"f":{"0":178,"1":128,"2":72,"3":8},"b":{"0":[178,177],"1":[128,127],"2":[4,68],"3":[72,69],"4":[68,68,67,63,62,61,60,59,58,57],"5":[8,6]},"meta":{"lastBranch":6,"lastFunction":4,"lastStatement":7,"seen":{"f:24:9:24:26":0,"s:25:2:25:Infinity":0,"b:25:9:25:38:25:38:25:Infinity":0,"f:28:9:28:24":1,"s:29:2:29:Infinity":1,"b:29:9:29:38:29:38:29:Infinity":1,"f:37:16:37:29":2,"b:38:2:40:Infinity:undefined:undefined:undefined:undefined":2,"s:38:2:40:Infinity":2,"b:38:6:38:35:38:35:38:51":3,"s:39:4:39:Infinity":3,"s:42:20:42:Infinity":4,"s:44:2:54:Infinity":5,"b:45:4:45:Infinity:46:4:46:Infinity:47:4:47:Infinity:48:4:48:Infinity:49:4:49:Infinity:50:4:50:Infinity:51:4:51:Infinity:52:4:52:Infinity:53:4:53:Infinity:54:4:54:Infinity":4,"f:58:16:58:34":3,"s:59:2:59:Infinity":6,"b:59:9:59:33:59:33:59:Infinity":5},"fnNames":{}}}
,"/home/runner/work/unicornt-store-frontend/unicornt-store-frontend/src/models/product.model.ts": {"path":"/home/runner/work/unicornt-store-frontend/unicornt-store-frontend/src/models/product.model.ts","statementMap":{"0":{"start":{"line":8,"column":34},"end":{"line":8,"column":null}},"1":{"start":{"line":12,"column":2},"end":{"line":12,"column":null}},"2":{"start":{"line":19,"column":37},"end":{"line":30,"column":null}},"3":{"start":{"line":34,"column":2},"end":{"line":34,"column":null}},"4":{"start":{"line":55,"column":38},"end":{"line":59,"column":null}},"5":{"start":{"line":63,"column":2},"end":{"line":63,"column":null}},"6":{"start":{"line":74,"column":2},"end":{"line":82,"column":null}}},"fnMap":{"0":{"name":"isProductCategory","decl":{"start":{"line":11,"column":16},"end":{"line":11,"column":34}},"loc":{"start":{"line":11,"column":76},"end":{"line":13,"column":null}},"line":11},"1":{"name":"isProductSubcategory","decl":{"start":{"line":33,"column":16},"end":{"line":33,"column":37}},"loc":{"start":{"line":33,"column":82},"end":{"line":35,"column":null}},"line":33},"2":{"name":"productImageSrc","decl":{"start":{"line":62,"column":16},"end":{"line":62,"column":32}},"loc":{"start":{"line":62,"column":93},"end":{"line":64,"column":null}},"line":62},"3":{"name":"toProductModel","decl":{"start":{"line":73,"column":16},"end":{"line":73,"column":31}},"loc":{"start":{"line":73,"column":62},"end":{"line":83,"column":null}},"line":73}},"branchMap":{"0":{"loc":{"start":{"line":12,"column":9},"end":{"line":12,"column":null}},"type":"binary-expr","locations":[{"start":{"line":12,"column":9},"end":{"line":12,"column":39}},{"start":{"line":12,"column":39},"end":{"line":12,"column":null}}],"line":12},"1":{"loc":{"start":{"line":34,"column":9},"end":{"line":34,"column":null}},"type":"binary-expr","locations":[{"start":{"line":34,"column":9},"end":{"line":34,"column":39}},{"start":{"line":34,"column":39},"end":{"line":34,"column":null}}],"line":34}},"s":{"0":12,"1":65,"2":12,"3":64,"4":12,"5":33,"6":3},"f":{"0":65,"1":64,"2":33,"3":3},"b":{"0":[65,65],"1":[64,64]},"meta":{"lastBranch":2,"lastFunction":4,"lastStatement":7,"seen":{"s:8:34:8:Infinity":0,"f:11:16:11:34":0,"s:12:2:12:Infinity":1,"b:12:9:12:39:12:39:12:Infinity":0,"s:19:37:30:Infinity":2,"f:33:16:33:37":1,"s:34:2:34:Infinity":3,"b:34:9:34:39:34:39:34:Infinity":1,"s:55:38:59:Infinity":4,"f:62:16:62:32":2,"s:63:2:63:Infinity":5,"f:73:16:73:31":3,"s:74:2:82:Infinity":6},"fnNames":{}}}
,"/home/runner/work/unicornt-store-frontend/unicornt-store-frontend/src/pages/catalog.main.ts": {"path":"/home/runner/work/unicornt-store-frontend/unicornt-store-frontend/src/pages/catalog.main.ts","statementMap":{"0":{"start":{"line":11,"column":2},"end":{"line":19,"column":null}},"1":{"start":{"line":12,"column":4},"end":{"line":12,"column":null}},"2":{"start":{"line":18,"column":4},"end":{"line":18,"column":null}},"3":{"start":{"line":24,"column":0},"end":{"line":24,"column":null}}},"fnMap":{"0":{"name":"bootstrapCatalogPage","decl":{"start":{"line":10,"column":16},"end":{"line":10,"column":45}},"loc":{"start":{"line":10,"column":45},"end":{"line":20,"column":null}},"line":10}},"branchMap":{},"s":{"0":3,"1":3,"2":1,"3":1},"f":{"0":3},"b":{},"meta":{"lastBranch":0,"lastFunction":1,"lastStatement":4,"seen":{"f:10:16:10:45":0,"s:11:2:19:Infinity":0,"s:12:4:12:Infinity":1,"s:18:4:18:Infinity":2,"s:24:0:24:Infinity":3},"fnNames":{}}}
,"/home/runner/work/unicornt-store-frontend/unicornt-store-frontend/src/pages/product.main.ts": {"path":"/home/runner/work/unicornt-store-frontend/unicornt-store-frontend/src/pages/product.main.ts","statementMap":{"0":{"start":{"line":11,"column":2},"end":{"line":19,"column":null}},"1":{"start":{"line":12,"column":4},"end":{"line":12,"column":null}},"2":{"start":{"line":18,"column":4},"end":{"line":18,"column":null}},"3":{"start":{"line":24,"column":0},"end":{"line":24,"column":null}}},"fnMap":{"0":{"name":"bootstrapProductPage","decl":{"start":{"line":10,"column":16},"end":{"line":10,"column":45}},"loc":{"start":{"line":10,"column":45},"end":{"line":20,"column":null}},"line":10}},"branchMap":{},"s":{"0":3,"1":3,"2":1,"3":1},"f":{"0":3},"b":{},"meta":{"lastBranch":0,"lastFunction":1,"lastStatement":4,"seen":{"f:10:16:10:45":0,"s:11:2:19:Infinity":0,"s:12:4:12:Infinity":1,"s:18:4:18:Infinity":2,"s:24:0:24:Infinity":3},"fnNames":{}}}
,"/home/runner/work/unicornt-store-frontend/unicornt-store-frontend/src/services/cart.service.ts": {"path":"/home/runner/work/unicornt-store-frontend/unicornt-store-frontend/src/services/cart.service.ts","statementMap":{"0":{"start":{"line":12,"column":19},"end":{"line":12,"column":null}},"1":{"start":{"line":12,"column":45},"end":{"line":12,"column":66}},"2":{"start":{"line":14,"column":2},"end":{"line":20,"column":null}},"3":{"start":{"line":15,"column":4},"end":{"line":19,"column":null}},"4":{"start":{"line":17,"column":8},"end":{"line":17,"column":null}},"5":{"start":{"line":22,"column":2},"end":{"line":22,"column":null}},"6":{"start":{"line":26,"column":2},"end":{"line":26,"column":null}},"7":{"start":{"line":26,"column":46},"end":{"line":26,"column":67}},"8":{"start":{"line":31,"column":2},"end":{"line":33,"column":null}},"9":{"start":{"line":32,"column":4},"end":{"line":32,"column":null}},"10":{"start":{"line":34,"column":2},"end":{"line":36,"column":null}},"11":{"start":{"line":35,"column":37},"end":{"line":35,"column":85}},"12":{"start":{"line":40,"column":2},"end":{"line":40,"column":null}},"13":{"start":{"line":44,"column":2},"end":{"line":44,"column":null}},"14":{"start":{"line":44,"column":42},"end":{"line":44,"column":58}},"15":{"start":{"line":49,"column":2},"end":{"line":52,"column":null}},"16":{"start":{"line":50,"column":20},"end":{"line":50,"column":null}},"17":{"start":{"line":50,"column":41},"end":{"line":50,"column":57}},"18":{"start":{"line":51,"column":4},"end":{"line":51,"column":null}},"19":{"start":{"line":63,"column":28},"end":{"line":63,"column":null}},"20":{"start":{"line":64,"column":2},"end":{"line":69,"column":null}},"21":{"start":{"line":65,"column":20},"end":{"line":65,"column":null}},"22":{"start":{"line":65,"column":41},"end":{"line":65,"column":57}},"23":{"start":{"line":66,"column":4},"end":{"line":68,"column":null}},"24":{"start":{"line":67,"column":6},"end":{"line":67,"column":null}},"25":{"start":{"line":70,"column":2},"end":{"line":70,"column":null}}},"fnMap":{"0":{"name":"addItem","decl":{"start":{"line":11,"column":16},"end":{"line":11,"column":24}},"loc":{"start":{"line":11,"column":80},"end":{"line":23,"column":null}},"line":11},"1":{"name":"(anonymous_1)","decl":{"start":{"line":12,"column":30},"end":{"line":12,"column":36}},"loc":{"start":{"line":12,"column":45},"end":{"line":12,"column":66}},"line":12},"2":{"name":"(anonymous_2)","decl":{"start":{"line":16,"column":24},"end":{"line":16,"column":29}},"loc":{"start":{"line":17,"column":8},"end":{"line":17,"column":null}},"line":17},"3":{"name":"removeItem","decl":{"start":{"line":25,"column":16},"end":{"line":25,"column":27}},"loc":{"start":{"line":25,"column":74},"end":{"line":27,"column":null}},"line":25},"4":{"name":"(anonymous_4)","decl":{"start":{"line":26,"column":29},"end":{"line":26,"column":37}},"loc":{"start":{"line":26,"column":46},"end":{"line":26,"column":67}},"line":26},"5":{"name":"setItemQty","decl":{"start":{"line":30,"column":16},"end":{"line":30,"column":27}},"loc":{"start":{"line":30,"column":87},"end":{"line":37,"column":null}},"line":30},"6":{"name":"(anonymous_6)","decl":{"start":{"line":35,"column":22},"end":{"line":35,"column":27}},"loc":{"start":{"line":35,"column":37},"end":{"line":35,"column":85}},"line":35},"7":{"name":"clearCart","decl":{"start":{"line":39,"column":16},"end":{"line":39,"column":39}},"loc":{"start":{"line":39,"column":39},"end":{"line":41,"column":null}},"line":39},"8":{"name":"countItems","decl":{"start":{"line":43,"column":16},"end":{"line":43,"column":27}},"loc":{"start":{"line":43,"column":52},"end":{"line":45,"column":null}},"line":43},"9":{"name":"(anonymous_9)","decl":{"start":{"line":44,"column":20},"end":{"line":44,"column":28}},"loc":{"start":{"line":44,"column":42},"end":{"line":44,"column":58}},"line":44},"10":{"name":"calculateTotal","decl":{"start":{"line":48,"column":16},"end":{"line":48,"column":31}},"loc":{"start":{"line":48,"column":91},"end":{"line":53,"column":null}},"line":48},"11":{"name":"(anonymous_11)","decl":{"start":{"line":49,"column":20},"end":{"line":49,"column":28}},"loc":{"start":{"line":49,"column":42},"end":{"line":52,"column":5}},"line":49},"12":{"name":"(anonymous_12)","decl":{"start":{"line":50,"column":29},"end":{"line":50,"column":35}},"loc":{"start":{"line":50,"column":41},"end":{"line":50,"column":57}},"line":50},"13":{"name":"toCartLines","decl":{"start":{"line":62,"column":16},"end":{"line":62,"column":28}},"loc":{"start":{"line":62,"column":92},"end":{"line":71,"column":null}},"line":62},"14":{"name":"(anonymous_14)","decl":{"start":{"line":65,"column":29},"end":{"line":65,"column":35}},"loc":{"start":{"line":65,"column":41},"end":{"line":65,"column":57}},"line":65}},"branchMap":{"0":{"loc":{"start":{"line":11,"column":60},"end":{"line":11,"column":80}},"type":"default-arg","locations":[{"start":{"line":11,"column":66},"end":{"line":11,"column":80}}],"line":11},"1":{"loc":{"start":{"line":14,"column":2},"end":{"line":20,"column":null}},"type":"if","locations":[{"start":{"line":14,"column":2},"end":{"line":20,"column":null}},{"start":{},"end":{}}],"line":14},"2":{"loc":{"start":{"line":17,"column":8},"end":{"line":17,"column":null}},"type":"cond-expr","locations":[{"start":{"line":17,"column":32},"end":{"line":17,"column":67}},{"start":{"line":17,"column":67},"end":{"line":17,"column":null}}],"line":17},"3":{"loc":{"start":{"line":31,"column":2},"end":{"line":33,"column":null}},"type":"if","locations":[{"start":{"line":31,"column":2},"end":{"line":33,"column":null}},{"start":{},"end":{}}],"line":31},"4":{"loc":{"start":{"line":35,"column":37},"end":{"line":35,"column":85}},"type":"cond-expr","locations":[{"start":{"line":35,"column":61},"end":{"line":35,"column":80}},{"start":{"line":35,"column":80},"end":{"line":35,"column":85}}],"line":35},"5":{"loc":{"start":{"line":51,"column":11},"end":{"line":51,"column":null}},"type":"cond-expr","locations":[{"start":{"line":51,"column":21},"end":{"line":51,"column":54}},{"start":{"line":51,"column":54},"end":{"line":51,"column":null}}],"line":51},"6":{"loc":{"start":{"line":66,"column":4},"end":{"line":68,"column":null}},"type":"if","locations":[{"start":{"line":66,"column":4},"end":{"line":68,"column":null}},{"start":{},"end":{}}],"line":66}},"s":{"0":6,"1":2,"2":6,"3":2,"4":2,"5":4,"6":5,"7":6,"8":7,"9":3,"10":4,"11":4,"12":2,"13":35,"14":17,"15":20,"16":18,"17":21,"18":18,"19":15,"20":15,"21":12,"22":15,"23":12,"24":11,"25":15},"f":{"0":6,"1":2,"2":2,"3":5,"4":6,"5":7,"6":4,"7":2,"8":35,"9":17,"10":20,"11":18,"12":21,"13":15,"14":15},"b":{"0":[6],"1":[2,4],"2":[2,0],"3":[3,4],"4":[4,0],"5":[17,1],"6":[11,1]},"meta":{"lastBranch":7,"lastFunction":15,"lastStatement":26,"seen":{"f:11:16:11:24":0,"b:11:66:11:80":0,"s:12:19:12:Infinity":0,"f:12:30:12:36":1,"s:12:45:12:66":1,"b:14:2:20:Infinity:undefined:undefined:undefined:undefined":1,"s:14:2:20:Infinity":2,"s:15:4:19:Infinity":3,"f:16:24:16:29":2,"s:17:8:17:Infinity":4,"b:17:32:17:67:17:67:17:Infinity":2,"s:22:2:22:Infinity":5,"f:25:16:25:27":3,"s:26:2:26:Infinity":6,"f:26:29:26:37":4,"s:26:46:26:67":7,"f:30:16:30:27":5,"b:31:2:33:Infinity:undefined:undefined:undefined:undefined":3,"s:31:2:33:Infinity":8,"s:32:4:32:Infinity":9,"s:34:2:36:Infinity":10,"f:35:22:35:27":6,"s:35:37:35:85":11,"b:35:61:35:80:35:80:35:85":4,"f:39:16:39:39":7,"s:40:2:40:Infinity":12,"f:43:16:43:27":8,"s:44:2:44:Infinity":13,"f:44:20:44:28":9,"s:44:42:44:58":14,"f:48:16:48:31":10,"s:49:2:52:Infinity":15,"f:49:20:49:28":11,"s:50:20:50:Infinity":16,"f:50:29:50:35":12,"s:50:41:50:57":17,"s:51:4:51:Infinity":18,"b:51:21:51:54:51:54:51:Infinity":5,"f:62:16:62:28":13,"s:63:28:63:Infinity":19,"s:64:2:69:Infinity":20,"s:65:20:65:Infinity":21,"f:65:29:65:35":14,"s:65:41:65:57":22,"b:66:4:68:Infinity:undefined:undefined:undefined:undefined":6,"s:66:4:68:Infinity":23,"s:67:6:67:Infinity":24,"s:70:2:70:Infinity":25},"fnNames":{}}}
,"/home/runner/work/unicornt-store-frontend/unicornt-store-frontend/src/services/checkout.service.ts": {"path":"/home/runner/work/unicornt-store-frontend/unicornt-store-frontend/src/services/checkout.service.ts","statementMap":{"0":{"start":{"line":13,"column":2},"end":{"line":18,"column":null}},"1":{"start":{"line":27,"column":2},"end":{"line":27,"column":null}}},"fnMap":{"0":{"name":"buildCheckoutModel","decl":{"start":{"line":8,"column":16},"end":{"line":8,"column":null}},"loc":{"start":{"line":12,"column":17},"end":{"line":19,"column":null}},"line":12},"1":{"name":"submitCheckout","decl":{"start":{"line":26,"column":22},"end":{"line":26,"column":37}},"loc":{"start":{"line":26,"column":74},"end":{"line":28,"column":null}},"line":26}},"branchMap":{},"s":{"0":5,"1":2},"f":{"0":5,"1":2},"b":{},"meta":{"lastBranch":0,"lastFunction":2,"lastStatement":2,"seen":{"f:8:16:8:Infinity":0,"s:13:2:18:Infinity":0,"f:26:22:26:37":1,"s:27:2:27:Infinity":1},"fnNames":{}}}
,"/home/runner/work/unicornt-store-frontend/unicornt-store-frontend/src/services/product.service.ts": {"path":"/home/runner/work/unicornt-store-frontend/unicornt-store-frontend/src/services/product.service.ts","statementMap":{"0":{"start":{"line":13,"column":18},"end":{"line":13,"column":45}},"1":{"start":{"line":15,"column":2},"end":{"line":20,"column":null}},"2":{"start":{"line":16,"column":4},"end":{"line":19,"column":null}},"3":{"start":{"line":22,"column":2},"end":{"line":22,"column":null}}},"fnMap":{"0":{"name":"fetchProducts","decl":{"start":{"line":12,"column":22},"end":{"line":12,"column":63}},"loc":{"start":{"line":12,"column":63},"end":{"line":23,"column":null}},"line":12}},"branchMap":{"0":{"loc":{"start":{"line":15,"column":2},"end":{"line":20,"column":null}},"type":"if","locations":[{"start":{"line":15,"column":2},"end":{"line":20,"column":null}},{"start":{},"end":{}}],"line":15}},"s":{"0":4,"1":3,"2":2,"3":1},"f":{"0":4},"b":{"0":[2,1]},"meta":{"lastBranch":1,"lastFunction":1,"lastStatement":4,"seen":{"f:12:22:12:63":0,"s:13:18:13:45":0,"b:15:2:20:Infinity:undefined:undefined:undefined:undefined":0,"s:15:2:20:Infinity":1,"s:16:4:19:Infinity":2,"s:22:2:22:Infinity":3},"fnNames":{}}}
,"/home/runner/work/unicornt-store-frontend/unicornt-store-frontend/src/storage/cart.storage.ts": {"path":"/home/runner/work/unicornt-store-frontend/unicornt-store-frontend/src/storage/cart.storage.ts","statementMap":{"0":{"start":{"line":3,"column":32},"end":{"line":3,"column":null}},"1":{"start":{"line":13,"column":14},"end":{"line":13,"column":null}},"2":{"start":{"line":14,"column":2},"end":{"line":16,"column":null}},"3":{"start":{"line":15,"column":4},"end":{"line":15,"column":null}},"4":{"start":{"line":19,"column":2},"end":{"line":23,"column":null}},"5":{"start":{"line":20,"column":4},"end":{"line":20,"column":null}},"6":{"start":{"line":22,"column":4},"end":{"line":22,"column":null}},"7":{"start":{"line":25,"column":2},"end":{"line":27,"column":null}},"8":{"start":{"line":26,"column":4},"end":{"line":26,"column":null}},"9":{"start":{"line":29,"column":2},"end":{"line":29,"column":null}},"10":{"start":{"line":38,"column":2},"end":{"line":38,"column":null}}},"fnMap":{"0":{"name":"readCart","decl":{"start":{"line":12,"column":16},"end":{"line":12,"column":25}},"loc":{"start":{"line":12,"column":76},"end":{"line":30,"column":null}},"line":12},"1":{"name":"writeCart","decl":{"start":{"line":37,"column":16},"end":{"line":37,"column":26}},"loc":{"start":{"line":37,"column":89},"end":{"line":39,"column":null}},"line":37}},"branchMap":{"0":{"loc":{"start":{"line":12,"column":25},"end":{"line":12,"column":76}},"type":"default-arg","locations":[{"start":{"line":12,"column":44},"end":{"line":12,"column":76}}],"line":12},"1":{"loc":{"start":{"line":14,"column":2},"end":{"line":16,"column":null}},"type":"if","locations":[{"start":{"line":14,"column":2},"end":{"line":16,"column":null}},{"start":{},"end":{}}],"line":14},"2":{"loc":{"start":{"line":25,"column":2},"end":{"line":27,"column":null}},"type":"if","locations":[{"start":{"line":25,"column":2},"end":{"line":27,"column":null}},{"start":{},"end":{}}],"line":25},"3":{"loc":{"start":{"line":37,"column":43},"end":{"line":37,"column":89}},"type":"default-arg","locations":[{"start":{"line":37,"column":62},"end":{"line":37,"column":89}}],"line":37}},"s":{"0":6,"1":60,"2":60,"3":21,"4":39,"5":39,"6":1,"7":38,"8":2,"9":36,"10":11},"f":{"0":60,"1":11},"b":{"0":[60],"1":[21,39],"2":[2,36],"3":[11]},"meta":{"lastBranch":4,"lastFunction":2,"lastStatement":11,"seen":{"s:3:32:3:Infinity":0,"f:12:16:12:25":0,"b:12:44:12:76":0,"s:13:14:13:Infinity":1,"b:14:2:16:Infinity:undefined:undefined:undefined:undefined":1,"s:14:2:16:Infinity":2,"s:15:4:15:Infinity":3,"s:19:2:23:Infinity":4,"s:20:4:20:Infinity":5,"s:22:4:22:Infinity":6,"b:25:2:27:Infinity:undefined:undefined:undefined:undefined":2,"s:25:2:27:Infinity":7,"s:26:4:26:Infinity":8,"s:29:2:29:Infinity":9,"f:37:16:37:26":1,"b:37:62:37:89":3,"s:38:2:38:Infinity":10},"fnNames":{}}}
,"/home/runner/work/unicornt-store-frontend/unicornt-store-frontend/src/views/cart.view.ts": {"path":"/home/runner/work/unicornt-store-frontend/unicornt-store-frontend/src/views/cart.view.ts","statementMap":{"0":{"start":{"line":32,"column":28},"end":{"line":32,"column":null}},"1":{"start":{"line":33,"column":32},"end":{"line":33,"column":null}},"2":{"start":{"line":34,"column":28},"end":{"line":34,"column":null}},"3":{"start":{"line":35,"column":29},"end":{"line":35,"column":null}},"4":{"start":{"line":36,"column":28},"end":{"line":36,"column":null}},"5":{"start":{"line":37,"column":27},"end":{"line":37,"column":null}},"6":{"start":{"line":38,"column":31},"end":{"line":38,"column":null}},"7":{"start":{"line":42,"column":16},"end":{"line":42,"column":null}},"8":{"start":{"line":43,"column":16},"end":{"line":43,"column":null}},"9":{"start":{"line":44,"column":2},"end":{"line":44,"column":null}},"10":{"start":{"line":45,"column":2},"end":{"line":45,"column":null}},"11":{"start":{"line":49,"column":15},"end":{"line":49,"column":24}},"12":{"start":{"line":50,"column":16},"end":{"line":50,"column":null}},"13":{"start":{"line":52,"column":18},"end":{"line":52,"column":null}},"14":{"start":{"line":53,"column":19},"end":{"line":53,"column":null}},"15":{"start":{"line":54,"column":18},"end":{"line":54,"column":null}},"16":{"start":{"line":56,"column":2},"end":{"line":56,"column":null}},"17":{"start":{"line":57,"column":2},"end":{"line":57,"column":null}},"18":{"start":{"line":58,"column":2},"end":{"line":58,"column":null}},"19":{"start":{"line":62,"column":2},"end":{"line":62,"column":null}},"20":{"start":{"line":63,"column":2},"end":{"line":63,"column":null}},"21":{"start":{"line":64,"column":2},"end":{"line":64,"column":null}},"22":{"start":{"line":68,"column":16},"end":{"line":72,"column":null}},"23":{"start":{"line":73,"column":2},"end":{"line":73,"column":null}},"24":{"start":{"line":77,"column":2},"end":{"line":98,"column":null}},"25":{"start":{"line":78,"column":22},"end":{"line":78,"column":null}},"26":{"start":{"line":79,"column":4},"end":{"line":82,"column":null}},"27":{"start":{"line":80,"column":6},"end":{"line":80,"column":null}},"28":{"start":{"line":81,"column":6},"end":{"line":81,"column":null}},"29":{"start":{"line":84,"column":21},"end":{"line":84,"column":null}},"30":{"start":{"line":85,"column":4},"end":{"line":90,"column":null}},"31":{"start":{"line":86,"column":17},"end":{"line":86,"column":null}},"32":{"start":{"line":88,"column":6},"end":{"line":88,"column":null}},"33":{"start":{"line":89,"column":6},"end":{"line":89,"column":null}},"34":{"start":{"line":92,"column":20},"end":{"line":92,"column":null}},"35":{"start":{"line":93,"column":4},"end":{"line":97,"column":null}},"36":{"start":{"line":94,"column":17},"end":{"line":94,"column":null}},"37":{"start":{"line":95,"column":22},"end":{"line":95,"column":null}},"38":{"start":{"line":96,"column":6},"end":{"line":96,"column":null}},"39":{"start":{"line":100,"column":2},"end":{"line":108,"column":null}},"40":{"start":{"line":101,"column":18},"end":{"line":101,"column":null}},"41":{"start":{"line":102,"column":4},"end":{"line":104,"column":null}},"42":{"start":{"line":103,"column":6},"end":{"line":103,"column":null}},"43":{"start":{"line":105,"column":4},"end":{"line":105,"column":null}},"44":{"start":{"line":106,"column":15},"end":{"line":106,"column":null}},"45":{"start":{"line":107,"column":4},"end":{"line":107,"column":null}},"46":{"start":{"line":112,"column":2},"end":{"line":112,"column":null}},"47":{"start":{"line":114,"column":22},"end":{"line":114,"column":null}},"48":{"start":{"line":115,"column":2},"end":{"line":117,"column":null}},"49":{"start":{"line":116,"column":4},"end":{"line":116,"column":null}},"50":{"start":{"line":119,"column":2},"end":{"line":119,"column":null}},"51":{"start":{"line":121,"column":2},"end":{"line":123,"column":null}},"52":{"start":{"line":122,"column":4},"end":{"line":122,"column":null}},"53":{"start":{"line":125,"column":2},"end":{"line":132,"column":null}},"54":{"start":{"line":127,"column":23},"end":{"line":127,"column":null}},"55":{"start":{"line":129,"column":6},"end":{"line":129,"column":null}},"56":{"start":{"line":130,"column":6},"end":{"line":130,"column":null}}},"fnMap":{"0":{"name":"updateCartBadge","decl":{"start":{"line":41,"column":16},"end":{"line":41,"column":40}},"loc":{"start":{"line":41,"column":40},"end":{"line":46,"column":null}},"line":41},"1":{"name":"renderCartPanel","decl":{"start":{"line":48,"column":9},"end":{"line":48,"column":25}},"loc":{"start":{"line":48,"column":66},"end":{"line":59,"column":null}},"line":48},"2":{"name":"persistAndRerender","decl":{"start":{"line":61,"column":9},"end":{"line":61,"column":28}},"loc":{"start":{"line":61,"column":86},"end":{"line":65,"column":null}},"line":61},"3":{"name":"readQtyInput","decl":{"start":{"line":67,"column":9},"end":{"line":67,"column":22}},"loc":{"start":{"line":67,"column":57},"end":{"line":74,"column":null}},"line":67},"4":{"name":"wireItemsDelegatedClicks","decl":{"start":{"line":76,"column":9},"end":{"line":76,"column":34}},"loc":{"start":{"line":76,"column":93},"end":{"line":109,"column":null}},"line":76},"5":{"name":"(anonymous_5)","decl":{"start":{"line":77,"column":27},"end":{"line":77,"column":37}},"loc":{"start":{"line":77,"column":47},"end":{"line":98,"column":3}},"line":77},"6":{"name":"(anonymous_6)","decl":{"start":{"line":100,"column":27},"end":{"line":100,"column":38}},"loc":{"start":{"line":100,"column":48},"end":{"line":108,"column":3}},"line":100},"7":{"name":"initCartView","decl":{"start":{"line":111,"column":16},"end":{"line":111,"column":29}},"loc":{"start":{"line":111,"column":70},"end":{"line":133,"column":null}},"line":111},"8":{"name":"(anonymous_8)","decl":{"start":{"line":115,"column":31},"end":{"line":115,"column":58}},"loc":{"start":{"line":115,"column":58},"end":{"line":117,"column":3}},"line":115},"9":{"name":"(anonymous_9)","decl":{"start":{"line":121,"column":79},"end":{"line":121,"column":94}},"loc":{"start":{"line":121,"column":94},"end":{"line":123,"column":3}},"line":121},"10":{"name":"(anonymous_10)","decl":{"start":{"line":127,"column":4},"end":{"line":127,"column":23}},"loc":{"start":{"line":127,"column":23},"end":{"line":127,"column":null}},"line":127},"11":{"name":"(anonymous_11)","decl":{"start":{"line":128,"column":4},"end":{"line":128,"column":21}},"loc":{"start":{"line":128,"column":21},"end":{"line":131,"column":null}},"line":128}},"branchMap":{"0":{"loc":{"start":{"line":45,"column":24},"end":{"line":45,"column":null}},"type":"cond-expr","locations":[{"start":{"line":45,"column":36},"end":{"line":45,"column":53}},{"start":{"line":45,"column":53},"end":{"line":45,"column":null}}],"line":45},"1":{"loc":{"start":{"line":57,"column":27},"end":{"line":57,"column":null}},"type":"cond-expr","locations":[{"start":{"line":57,"column":48},"end":{"line":57,"column":57}},{"start":{"line":57,"column":57},"end":{"line":57,"column":null}}],"line":57},"2":{"loc":{"start":{"line":79,"column":4},"end":{"line":82,"column":null}},"type":"if","locations":[{"start":{"line":79,"column":4},"end":{"line":82,"column":null}},{"start":{},"end":{}}],"line":79},"3":{"loc":{"start":{"line":85,"column":4},"end":{"line":90,"column":null}},"type":"if","locations":[{"start":{"line":85,"column":4},"end":{"line":90,"column":null}},{"start":{},"end":{}}],"line":85},"4":{"loc":{"start":{"line":93,"column":4},"end":{"line":97,"column":null}},"type":"if","locations":[{"start":{"line":93,"column":4},"end":{"line":97,"column":null}},{"start":{},"end":{}}],"line":93},"5":{"loc":{"start":{"line":102,"column":4},"end":{"line":104,"column":null}},"type":"if","locations":[{"start":{"line":102,"column":4},"end":{"line":104,"column":null}},{"start":{},"end":{}}],"line":102}},"s":{"0":5,"1":5,"2":5,"3":5,"4":5,"5":5,"6":5,"7":33,"8":33,"9":33,"10":33,"11":13,"12":13,"13":13,"14":13,"15":13,"16":13,"17":13,"18":13,"19":6,"20":6,"21":6,"22":3,"23":3,"24":18,"25":4,"26":4,"27":1,"28":1,"29":3,"30":3,"31":2,"32":2,"33":2,"34":1,"35":1,"36":1,"37":1,"38":1,"39":18,"40":1,"41":1,"42":0,"43":1,"44":1,"45":1,"46":18,"47":18,"48":18,"49":7,"50":18,"51":18,"52":1,"53":18,"54":0,"55":0,"56":0},"f":{"0":33,"1":13,"2":6,"3":3,"4":18,"5":4,"6":1,"7":18,"8":7,"9":1,"10":0,"11":0},"b":{"0":[14,19],"1":[4,9],"2":[1,3],"3":[2,1],"4":[1,0],"5":[0,1]},"meta":{"lastBranch":6,"lastFunction":12,"lastStatement":57,"seen":{"s:32:28:32:Infinity":0,"s:33:32:33:Infinity":1,"s:34:28:34:Infinity":2,"s:35:29:35:Infinity":3,"s:36:28:36:Infinity":4,"s:37:27:37:Infinity":5,"s:38:31:38:Infinity":6,"f:41:16:41:40":0,"s:42:16:42:Infinity":7,"s:43:16:43:Infinity":8,"s:44:2:44:Infinity":9,"s:45:2:45:Infinity":10,"b:45:36:45:53:45:53:45:Infinity":0,"f:48:9:48:25":1,"s:49:15:49:24":11,"s:50:16:50:Infinity":12,"s:52:18:52:Infinity":13,"s:53:19:53:Infinity":14,"s:54:18:54:Infinity":15,"s:56:2:56:Infinity":16,"s:57:2:57:Infinity":17,"b:57:48:57:57:57:57:57:Infinity":1,"s:58:2:58:Infinity":18,"f:61:9:61:28":2,"s:62:2:62:Infinity":19,"s:63:2:63:Infinity":20,"s:64:2:64:Infinity":21,"f:67:9:67:22":3,"s:68:16:72:Infinity":22,"s:73:2:73:Infinity":23,"f:76:9:76:34":4,"s:77:2:98:Infinity":24,"f:77:27:77:37":5,"s:78:22:78:Infinity":25,"b:79:4:82:Infinity:undefined:undefined:undefined:undefined":2,"s:79:4:82:Infinity":26,"s:80:6:80:Infinity":27,"s:81:6:81:Infinity":28,"s:84:21:84:Infinity":29,"b:85:4:90:Infinity:undefined:undefined:undefined:undefined":3,"s:85:4:90:Infinity":30,"s:86:17:86:Infinity":31,"s:88:6:88:Infinity":32,"s:89:6:89:Infinity":33,"s:92:20:92:Infinity":34,"b:93:4:97:Infinity:undefined:undefined:undefined:undefined":4,"s:93:4:97:Infinity":35,"s:94:17:94:Infinity":36,"s:95:22:95:Infinity":37,"s:96:6:96:Infinity":38,"s:100:2:108:Infinity":39,"f:100:27:100:38":6,"s:101:18:101:Infinity":40,"b:102:4:104:Infinity:undefined:undefined:undefined:undefined":5,"s:102:4:104:Infinity":41,"s:103:6:103:Infinity":42,"s:105:4:105:Infinity":43,"s:106:15:106:Infinity":44,"s:107:4:107:Infinity":45,"f:111:16:111:29":7,"s:112:2:112:Infinity":46,"s:114:22:114:Infinity":47,"s:115:2:117:Infinity":48,"f:115:31:115:58":8,"s:116:4:116:Infinity":49,"s:119:2:119:Infinity":50,"s:121:2:123:Infinity":51,"f:121:79:121:94":9,"s:122:4:122:Infinity":52,"s:125:2:132:Infinity":53,"f:127:4:127:23":10,"s:127:23:127:Infinity":54,"f:128:4:128:21":11,"s:129:6:129:Infinity":55,"s:130:6:130:Infinity":56},"fnNames":{}}}
[...]
,"/home/runner/work/unicornt-store-frontend/unicornt-store-frontend/src/views/checkout.view.ts": {"path":"/home/runner/work/unicornt-store-frontend/unicornt-store-frontend/src/views/checkout.view.ts","statementMap":{"0":{"start":{"line":16,"column":24},"end":{"line":20,"column":null}},"1":{"start":{"line":22,"column":31},"end":{"line":22,"column":null}},"2":{"start":{"line":23,"column":30},"end":{"line":23,"column":null}},"3":{"start":{"line":25,"column":2},"end":{"line":25,"column":null}},"4":{"start":{"line":32,"column":16},"end":{"line":32,"column":null}},"5":{"start":{"line":33,"column":19},"end":{"line":33,"column":null}},"6":{"start":{"line":35,"column":2},"end":{"line":43,"column":null}},"7":{"start":{"line":36,"column":4},"end":{"line":36,"column":null}},"8":{"start":{"line":37,"column":4},"end":{"line":37,"column":null}},"9":{"start":{"line":38,"column":4},"end":{"line":38,"column":null}},"10":{"start":{"line":40,"column":4},"end":{"line":40,"column":null}},"11":{"start":{"line":41,"column":4},"end":{"line":41,"column":null}},"12":{"start":{"line":42,"column":4},"end":{"line":42,"column":null}},"13":{"start":{"line":45,"column":2},"end":{"line":45,"column":null}},"14":{"start":{"line":50,"column":46},"end":{"line":50,"column":null}},"15":{"start":{"line":52,"column":2},"end":{"line":57,"column":null}},"16":{"start":{"line":53,"column":18},"end":{"line":53,"column":null}},"17":{"start":{"line":54,"column":4},"end":{"line":56,"column":null}},"18":{"start":{"line":55,"column":6},"end":{"line":55,"column":null}},"19":{"start":{"line":59,"column":2},"end":{"line":59,"column":null}},"20":{"start":{"line":60,"column":2},"end":{"line":60,"column":null}},"21":{"start":{"line":64,"column":13},"end":{"line":64,"column":null}},"22":{"start":{"line":65,"column":2},"end":{"line":65,"column":null}},"23":{"start":{"line":66,"column":2},"end":{"line":66,"column":null}},"24":{"start":{"line":80,"column":2},"end":{"line":97,"column":null}},"25":{"start":{"line":84,"column":6},"end":{"line":84,"column":null}},"26":{"start":{"line":85,"column":6},"end":{"line":85,"column":null}},"27":{"start":{"line":86,"column":6},"end":{"line":86,"column":null}},"28":{"start":{"line":87,"column":6},"end":{"line":87,"column":null}},"29":{"start":{"line":89,"column":6},"end":{"line":89,"column":null}},"30":{"start":{"line":90,"column":6},"end":{"line":90,"column":null}},"31":{"start":{"line":91,"column":6},"end":{"line":91,"column":null}},"32":{"start":{"line":92,"column":6},"end":{"line":92,"column":null}},"33":{"start":{"line":94,"column":32},"end":{"line":94,"column":null}},"34":{"start":{"line":95,"column":6},"end":{"line":95,"column":null}},"35":{"start":{"line":113,"column":23},"end":{"line":113,"column":null}},"36":{"start":{"line":114,"column":25},"end":{"line":114,"column":null}},"37":{"start":{"line":116,"column":2},"end":{"line":155,"column":null}},"38":{"start":{"line":117,"column":4},"end":{"line":117,"column":null}},"39":{"start":{"line":119,"column":16},"end":{"line":119,"column":null}},"40":{"start":{"line":120,"column":19},"end":{"line":120,"column":null}},"41":{"start":{"line":122,"column":4},"end":{"line":125,"column":null}},"42":{"start":{"line":123,"column":6},"end":{"line":123,"column":null}},"43":{"start":{"line":124,"column":6},"end":{"line":124,"column":null}},"44":{"start":{"line":126,"column":4},"end":{"line":126,"column":null}},"45":{"start":{"line":127,"column":4},"end":{"line":127,"column":null}},"46":{"start":{"line":129,"column":17},"end":{"line":129,"column":null}},"47":{"start":{"line":130,"column":4},"end":{"line":134,"column":null}},"48":{"start":{"line":133,"column":6},"end":{"line":133,"column":null}},"49":{"start":{"line":135,"column":18},"end":{"line":135,"column":null}},"50":{"start":{"line":137,"column":4},"end":{"line":154,"column":null}},"51":{"start":{"line":138,"column":35},"end":{"line":138,"column":null}},"52":{"start":{"line":139,"column":6},"end":{"line":139,"column":null}},"53":{"start":{"line":141,"column":6},"end":{"line":153,"column":null}},"54":{"start":{"line":142,"column":8},"end":{"line":142,"column":null}},"55":{"start":{"line":143,"column":8},"end":{"line":143,"column":null}},"56":{"start":{"line":144,"column":8},"end":{"line":144,"column":null}},"57":{"start":{"line":145,"column":8},"end":{"line":145,"column":null}},"58":{"start":{"line":147,"column":8},"end":{"line":147,"column":null}},"59":{"start":{"line":148,"column":8},"end":{"line":148,"column":null}},"60":{"start":{"line":152,"column":8},"end":{"line":152,"column":null}},"61":{"start":{"line":159,"column":2},"end":{"line":159,"column":null}},"62":{"start":{"line":160,"column":2},"end":{"line":160,"column":null}}},"fnMap":{"0":{"name":"setFieldError","decl":{"start":{"line":27,"column":9},"end":{"line":27,"column":null}},"loc":{"start":{"line":31,"column":20},"end":{"line":46,"column":null}},"line":31},"1":{"name":"applyFieldErrors","decl":{"start":{"line":49,"column":9},"end":{"line":49,"column":26}},"loc":{"start":{"line":49,"column":87},"end":{"line":61,"column":null}},"line":49},"2":{"name":"setSubmitError","decl":{"start":{"line":63,"column":9},"end":{"line":63,"column":24}},"loc":{"start":{"line":63,"column":77},"end":{"line":67,"column":null}},"line":63},"3":{"name":"renderCheckoutStatus","decl":{"start":{"line":75,"column":9},"end":{"line":75,"column":null}},"loc":{"start":{"line":79,"column":8},"end":{"line":98,"column":null}},"line":79},"4":{"name":"initCheckoutForm","decl":{"start":{"line":112,"column":16},"end":{"line":112,"column":33}},"loc":{"start":{"line":112,"column":92},"end":{"line":156,"column":null}},"line":112},"5":{"name":"(anonymous_5)","decl":{"start":{"line":116,"column":24},"end":{"line":116,"column":35}},"loc":{"start":{"line":116,"column":45},"end":{"line":155,"column":3}},"line":116},"6":{"name":"(anonymous_6)","decl":{"start":{"line":137,"column":10},"end":{"line":137,"column":22}},"loc":{"start":{"line":137,"column":22},"end":{"line":154,"column":5}},"line":137},"7":{"name":"completeSimulatedCheckout","decl":{"start":{"line":158,"column":16},"end":{"line":158,"column":42}},"loc":{"start":{"line":158,"column":70},"end":{"line":161,"column":null}},"line":158}},"branchMap":{"0":{"loc":{"start":{"line":35,"column":2},"end":{"line":43,"column":null}},"type":"if","locations":[{"start":{"line":35,"column":2},"end":{"line":43,"column":null}},{"start":{"line":39,"column":9},"end":{"line":43,"column":null}}],"line":35},"1":{"loc":{"start":{"line":54,"column":4},"end":{"line":56,"column":null}},"type":"if","locations":[{"start":{"line":54,"column":4},"end":{"line":56,"column":null}},{"start":{},"end":{}}],"line":54},"2":{"loc":{"start":{"line":54,"column":8},"end":{"line":54,"column":60}},"type":"binary-expr","locations":[{"start":{"line":54,"column":8},"end":{"line":54,"column":37}},{"start":{"line":54,"column":37},"end":{"line":54,"column":60}}],"line":54},"3":{"loc":{"start":{"line":65,"column":19},"end":{"line":65,"column":null}},"type":"binary-expr","locations":[{"start":{"line":65,"column":19},"end":{"line":65,"column":30}},{"start":{"line":65,"column":30},"end":{"line":65,"column":null}}],"line":65},"4":{"loc":{"start":{"line":80,"column":2},"end":{"line":97,"column":null}},"type":"switch","locations":[{"start":{"line":81,"column":4},"end":{"line":81,"column":null}},{"start":{"line":82,"column":4},"end":{"line":82,"column":null}},{"start":{"line":83,"column":4},"end":{"line":87,"column":null}},{"start":{"line":88,"column":4},"end":{"line":92,"column":null}},{"start":{"line":93,"column":4},"end":{"line":96,"column":null}}],"line":80},"5":{"loc":{"start":{"line":122,"column":4},"end":{"line":125,"column":null}},"type":"if","locations":[{"start":{"line":122,"column":4},"end":{"line":125,"column":null}},{"start":{},"end":{}}],"line":122},"6":{"loc":{"start":{"line":130,"column":4},"end":{"line":134,"column":null}},"type":"if","locations":[{"start":{"line":130,"column":4},"end":{"line":134,"column":null}},{"start":{},"end":{}}],"line":130}},"s":{"0":6,"1":6,"2":6,"3":6,"4":12,"5":12,"6":12,"7":3,"8":3,"9":3,"10":9,"11":9,"12":9,"13":12,"14":4,"15":4,"16":12,"17":12,"18":1,"19":4,"20":4,"21":4,"22":4,"23":4,"24":4,"25":2,"26":2,"27":2,"28":2,"29":2,"30":2,"31":2,"32":2,"33":0,"34":0,"35":21,"36":21,"37":21,"38":4,"39":4,"40":4,"41":4,"42":1,"43":1,"44":3,"45":3,"46":3,"47":3,"48":1,"49":2,"50":2,"51":2,"52":2,"53":2,"54":2,"55":1,"56":1,"57":1,"58":1,"59":1,"60":2,"61":0,"62":0},"f":{"0":12,"1":4,"2":4,"3":4,"4":21,"5":4,"6":2,"7":0},"b":{"0":[3,9],"1":[1,11],"2":[12,3],"3":[4,3],"4":[0,1,2,2,0],"5":[1,3],"6":[1,2]},"meta":{"lastBranch":7,"lastFunction":8,"lastStatement":63,"seen":{"s:16:24:20:Infinity":0,"s:22:31:22:Infinity":1,"s:23:30:23:Infinity":2,"s:25:2:25:Infinity":3,"f:27:9:27:Infinity":0,"s:32:16:32:Infinity":4,"s:33:19:33:Infinity":5,"b:35:2:43:Infinity:39:9:43:Infinity":0,"s:35:2:43:Infinity":6,"s:36:4:36:Infinity":7,"s:37:4:37:Infinity":8,"s:38:4:38:Infinity":9,"s:40:4:40:Infinity":10,"s:41:4:41:Infinity":11,"s:42:4:42:Infinity":12,"s:45:2:45:Infinity":13,"f:49:9:49:26":1,"s:50:46:50:Infinity":14,"s:52:2:57:Infinity":15,"s:53:18:53:Infinity":16,"b:54:4:56:Infinity:undefined:undefined:undefined:undefined":1,"s:54:4:56:Infinity":17,"b:54:8:54:37:54:37:54:60":2,"s:55:6:55:Infinity":18,"s:59:2:59:Infinity":19,"s:60:2:60:Infinity":20,"f:63:9:63:24":2,"s:64:13:64:Infinity":21,"s:65:2:65:Infinity":22,"b:65:19:65:30:65:30:65:Infinity":3,"s:66:2:66:Infinity":23,"f:75:9:75:Infinity":3,"b:81:4:81:Infinity:82:4:82:Infinity:83:4:87:Infinity:88:4:92:Infinity:93:4:96:Infinity":4,"s:80:2:97:Infinity":24,"s:84:6:84:Infinity":25,"s:85:6:85:Infinity":26,"s:86:6:86:Infinity":27,"s:87:6:87:Infinity":28,"s:89:6:89:Infinity":29,"s:90:6:90:Infinity":30,"s:91:6:91:Infinity":31,"s:92:6:92:Infinity":32,"s:94:32:94:Infinity":33,"s:95:6:95:Infinity":34,"f:112:16:112:33":4,"s:113:23:113:Infinity":35,"s:114:25:114:Infinity":36,"s:116:2:155:Infinity":37,"f:116:24:116:35":5,"s:117:4:117:Infinity":38,"s:119:16:119:Infinity":39,"s:120:19:120:Infinity":40,"b:122:4:125:Infinity:undefined:undefined:undefined:undefined":5,"s:122:4:125:Infinity":41,"s:123:6:123:Infinity":42,"s:124:6:124:Infinity":43,"s:126:4:126:Infinity":44,"s:127:4:127:Infinity":45,"s:129:17:129:Infinity":46,"b:130:4:134:Infinity:undefined:undefined:undefined:undefined":6,"s:130:4:134:Infinity":47,"s:133:6:133:Infinity":48,"s:135:18:135:Infinity":49,"s:137:4:154:Infinity":50,"f:137:10:137:22":6,"s:138:35:138:Infinity":51,"s:139:6:139:Infinity":52,"s:141:6:153:Infinity":53,"s:142:8:142:Infinity":54,"s:143:8:143:Infinity":55,"s:144:8:144:Infinity":56,"s:145:8:145:Infinity":57,"s:147:8:147:Infinity":58,"s:148:8:148:Infinity":59,"s:152:8:152:Infinity":60,"f:158:16:158:42":7,"s:159:2:159:Infinity":61,"s:160:2:160:Infinity":62},"fnNames":{}}}
,"/home/runner/work/unicornt-store-frontend/unicornt-store-frontend/src/views/product.view.ts": {"path":"/home/runner/work/unicornt-store-frontend/unicornt-store-frontend/src/views/product.view.ts","statementMap":{"0":{"start":{"line":17,"column":33},"end":{"line":17,"column":null}},"1":{"start":{"line":18,"column":33},"end":{"line":18,"column":null}},"2":{"start":{"line":21,"column":14},"end":{"line":21,"column":null}},"3":{"start":{"line":22,"column":2},"end":{"line":24,"column":null}},"4":{"start":{"line":23,"column":4},"end":{"line":23,"column":null}},"5":{"start":{"line":25,"column":13},"end":{"line":25,"column":null}},"6":{"start":{"line":26,"column":2},"end":{"line":26,"column":null}},"7":{"start":{"line":30,"column":19},"end":{"line":30,"column":null}},"8":{"start":{"line":31,"column":19},"end":{"line":31,"column":null}},"9":{"start":{"line":32,"column":18},"end":{"line":32,"column":null}},"10":{"start":{"line":34,"column":2},"end":{"line":36,"column":null}},"11":{"start":{"line":35,"column":4},"end":{"line":35,"column":null}},"12":{"start":{"line":37,"column":2},"end":{"line":39,"column":null}},"13":{"start":{"line":38,"column":4},"end":{"line":38,"column":null}},"14":{"start":{"line":41,"column":2},"end":{"line":41,"column":null}},"15":{"start":{"line":49,"column":20},"end":{"line":49,"column":null}},"16":{"start":{"line":50,"column":2},"end":{"line":56,"column":null}},"17":{"start":{"line":51,"column":16},"end":{"line":51,"column":null}},"18":{"start":{"line":52,"column":4},"end":{"line":52,"column":null}},"19":{"start":{"line":53,"column":4},"end":{"line":53,"column":null}},"20":{"start":{"line":54,"column":4},"end":{"line":54,"column":null}},"21":{"start":{"line":55,"column":4},"end":{"line":55,"column":null}},"22":{"start":{"line":66,"column":2},"end":{"line":66,"column":null}},"23":{"start":{"line":67,"column":2},"end":{"line":67,"column":null}},"24":{"start":{"line":69,"column":2},"end":{"line":105,"column":null}},"25":{"start":{"line":71,"column":4},"end":{"line":86,"column":null}},"26":{"start":{"line":72,"column":6},"end":{"line":72,"column":null}},"27":{"start":{"line":74,"column":6},"end":{"line":76,"column":null}},"28":{"start":{"line":77,"column":6},"end":{"line":77,"column":null}},"29":{"start":{"line":78,"column":6},"end":{"line":84,"column":null}},"30":{"start":{"line":81,"column":10},"end":{"line":81,"column":null}},"31":{"start":{"line":85,"column":6},"end":{"line":85,"column":null}},"32":{"start":{"line":88,"column":15},"end":{"line":88,"column":null}},"33":{"start":{"line":89,"column":20},"end":{"line":89,"column":null}},"34":{"start":{"line":89,"column":67},"end":{"line":89,"column":78}},"35":{"start":{"line":91,"column":4},"end":{"line":94,"column":null}},"36":{"start":{"line":92,"column":6},"end":{"line":92,"column":null}},"37":{"start":{"line":93,"column":6},"end":{"line":93,"column":null}},"38":{"start":{"line":96,"column":4},"end":{"line":96,"column":null}},"39":{"start":{"line":97,"column":4},"end":{"line":97,"column":null}},"40":{"start":{"line":99,"column":4},"end":{"line":99,"column":null}},"41":{"start":{"line":100,"column":21},"end":{"line":100,"column":null}},"42":{"start":{"line":101,"column":4},"end":{"line":101,"column":null}},"43":{"start":{"line":102,"column":4},"end":{"line":102,"column":null}},"44":{"start":{"line":104,"column":4},"end":{"line":104,"column":null}},"45":{"start":{"line":109,"column":2},"end":{"line":109,"column":null}}},"fnMap":{"0":{"name":"getRequestedProductId","decl":{"start":{"line":20,"column":9},"end":{"line":20,"column":48}},"loc":{"start":{"line":20,"column":48},"end":{"line":27,"column":null}},"line":20},"1":{"name":"wireQuantitySelector","decl":{"start":{"line":29,"column":9},"end":{"line":29,"column":30}},"loc":{"start":{"line":29,"column":68},"end":{"line":42,"column":null}},"line":29},"2":{"name":"(anonymous_2)","decl":{"start":{"line":34,"column":28},"end":{"line":34,"column":43}},"loc":{"start":{"line":34,"column":43},"end":{"line":36,"column":3}},"line":34},"3":{"name":"(anonymous_3)","decl":{"start":{"line":37,"column":27},"end":{"line":37,"column":42}},"loc":{"start":{"line":37,"column":42},"end":{"line":39,"column":3}},"line":37},"4":{"name":"wireAddToCart","decl":{"start":{"line":44,"column":9},"end":{"line":44,"column":null}},"loc":{"start":{"line":48,"column":8},"end":{"line":57,"column":null}},"line":48},"5":{"name":"(anonymous_5)","decl":{"start":{"line":50,"column":29},"end":{"line":50,"column":44}},"loc":{"start":{"line":50,"column":44},"end":{"line":56,"column":3}},"line":50},"6":{"name":"renderProduct","decl":{"start":{"line":65,"column":15},"end":{"line":65,"column":29}},"loc":{"start":{"line":65,"column":64},"end":{"line":106,"column":null}},"line":65},"7":{"name":"(anonymous_7)","decl":{"start":{"line":79,"column":8},"end":{"line":79,"column":null}},"loc":{"start":{"line":80,"column":14},"end":{"line":82,"column":null}},"line":80},"8":{"name":"(anonymous_8)","decl":{"start":{"line":89,"column":55},"end":{"line":89,"column":61}},"loc":{"start":{"line":89,"column":67},"end":{"line":89,"column":78}},"line":89},"9":{"name":"initProductView","decl":{"start":{"line":108,"column":16},"end":{"line":108,"column":40}},"loc":{"start":{"line":108,"column":40},"end":{"line":110,"column":null}},"line":108}},"branchMap":{"0":{"loc":{"start":{"line":22,"column":2},"end":{"line":24,"column":null}},"type":"if","locations":[{"start":{"line":22,"column":2},"end":{"line":24,"column":null}},{"start":{},"end":{}}],"line":22},"1":{"loc":{"start":{"line":26,"column":9},"end":{"line":26,"column":null}},"type":"cond-expr","locations":[{"start":{"line":26,"column":32},"end":{"line":26,"column":37}},{"start":{"line":26,"column":37},"end":{"line":26,"column":null}}],"line":26},"2":{"loc":{"start":{"line":89,"column":20},"end":{"line":89,"column":null}},"type":"cond-expr","locations":[{"start":{"line":89,"column":34},"end":{"line":89,"column":46}},{"start":{"line":89,"column":46},"end":{"line":89,"column":null}}],"line":89},"3":{"loc":{"start":{"line":91,"column":4},"end":{"line":94,"column":null}},"type":"if","locations":[{"start":{"line":91,"column":4},"end":{"line":94,"column":null}},{"start":{},"end":{}}],"line":91}},"s":{"0":2,"1":2,"2":7,"3":7,"4":1,"5":6,"6":6,"7":5,"8":5,"9":5,"10":5,"11":1,"12":5,"13":102,"14":5,"15":5,"16":5,"17":1,"18":1,"19":1,"20":1,"21":1,"22":10,"23":10,"24":10,"25":10,"26":10,"27":2,"28":2,"29":2,"30":1,"31":2,"32":7,"33":7,"34":6,"35":10,"36":2,"37":2,"38":5,"39":5,"40":5,"41":5,"42":5,"43":5,"44":9,"45":10},"f":{"0":7,"1":5,"2":1,"3":102,"4":5,"5":1,"6":10,"7":1,"8":6,"9":10},"b":{"0":[1,6],"1":[6,0],"2":[1,6],"3":[2,8]},"meta":{"lastBranch":4,"lastFunction":10,"lastStatement":46,"seen":{"s:17:33:17:Infinity":0,"s:18:33:18:Infinity":1,"f:20:9:20:48":0,"s:21:14:21:Infinity":2,"b:22:2:24:Infinity:undefined:undefined:undefined:undefined":0,"s:22:2:24:Infinity":3,"s:23:4:23:Infinity":4,"s:25:13:25:Infinity":5,"s:26:2:26:Infinity":6,"b:26:32:26:37:26:37:26:Infinity":1,"f:29:9:29:30":1,"s:30:19:30:Infinity":7,"s:31:19:31:Infinity":8,"s:32:18:32:Infinity":9,"s:34:2:36:Infinity":10,"f:34:28:34:43":2,"s:35:4:35:Infinity":11,"s:37:2:39:Infinity":12,"f:37:27:37:42":3,"s:38:4:38:Infinity":13,"s:41:2:41:Infinity":14,"f:44:9:44:Infinity":4,"s:49:20:49:Infinity":15,"s:50:2:56:Infinity":16,"f:50:29:50:44":5,"s:51:16:51:Infinity":17,"s:52:4:52:Infinity":18,"s:53:4:53:Infinity":19,"s:54:4:54:Infinity":20,"s:55:4:55:Infinity":21,"f:65:15:65:29":6,"s:66:2:66:Infinity":22,"s:67:2:67:Infinity":23,"s:69:2:105:Infinity":24,"s:71:4:86:Infinity":25,"s:72:6:72:Infinity":26,"s:74:6:76:Infinity":27,"s:77:6:77:Infinity":28,"s:78:6:84:Infinity":29,"f:79:8:79:Infinity":7,"s:81:10:81:Infinity":30,"s:85:6:85:Infinity":31,"s:88:15:88:Infinity":32,"s:89:20:89:Infinity":33,"b:89:34:89:46:89:46:89:Infinity":2,"f:89:55:89:61":8,"s:89:67:89:78":34,"b:91:4:94:Infinity:undefined:undefined:undefined:undefined":3,"s:91:4:94:Infinity":35,"s:92:6:92:Infinity":36,"s:93:6:93:Infinity":37,"s:96:4:96:Infinity":38,"s:97:4:97:Infinity":39,"s:99:4:99:Infinity":40,"s:100:21:100:Infinity":41,"s:101:4:101:Infinity":42,"s:102:4:102:Infinity":43,"s:104:4:104:Infinity":44,"f:108:16:108:40":9,"s:109:2:109:Infinity":45},"fnNames":{}}}
}
